ARM GAS  /var/folders/lx/hc4sn_b53233_zkc9xbbl97r0000gp/T//ccIYpThV.s 			page 1


   1              		.cpu cortex-m7
   2              		.eabi_attribute 28, 1
   3              		.eabi_attribute 20, 1
   4              		.eabi_attribute 21, 1
   5              		.eabi_attribute 23, 3
   6              		.eabi_attribute 24, 1
   7              		.eabi_attribute 25, 1
   8              		.eabi_attribute 26, 1
   9              		.eabi_attribute 30, 1
  10              		.eabi_attribute 34, 1
  11              		.eabi_attribute 18, 4
  12              		.file	"Bsp_GPIO.c"
  13              		.text
  14              	.Ltext0:
  15              		.cfi_sections	.debug_frame
  16              		.section	.text.BspGPIO_GetEXTI_Index,"ax",%progbits
  17              		.align	1
  18              		.arch armv7e-m
  19              		.syntax unified
  20              		.thumb
  21              		.thumb_func
  22              		.fpu fpv5-d16
  24              	BspGPIO_GetEXTI_Index:
  25              	.LVL0:
  26              	.LFB144:
  27              		.file 1 "Bsp/Bsp_GPIO.c"
   1:Bsp/Bsp_GPIO.c **** #include "Bsp_GPIO.h"
   2:Bsp/Bsp_GPIO.c **** #include "system_cfg.h"
   3:Bsp/Bsp_GPIO.c **** #include "debug_util.h"
   4:Bsp/Bsp_GPIO.c **** 
   5:Bsp/Bsp_GPIO.c **** /* interbal function */
   6:Bsp/Bsp_GPIO.c **** static EXTI_Callback EXTI_CallBack_List[GPIO_EXTI_SUM] = {NULL};
   7:Bsp/Bsp_GPIO.c **** 
   8:Bsp/Bsp_GPIO.c **** /* internal function */
   9:Bsp/Bsp_GPIO.c **** static void BspGPIO_CLK_Enable(GPIO_TypeDef *port);
  10:Bsp/Bsp_GPIO.c **** static uint8_t BspGPIO_GetEXTI_Index(uint16_t exti_id);
  11:Bsp/Bsp_GPIO.c **** static IRQn_Type BspGPIO_GetExti_IRQnID(BspGPIO_Obj_TypeDef IO_Obj);
  12:Bsp/Bsp_GPIO.c **** 
  13:Bsp/Bsp_GPIO.c **** /* external function */
  14:Bsp/Bsp_GPIO.c **** static bool BspGPIO_Output_Init(BspGPIO_Obj_TypeDef IO_Obj);
  15:Bsp/Bsp_GPIO.c **** static bool BspGPIO_Read(uint32_t port, uint16_t pin);
  16:Bsp/Bsp_GPIO.c **** static void BspGPIO_Write(uint32_t port, uint16_t pin, bool state);
  17:Bsp/Bsp_GPIO.c **** static bool BspGPIO_ExtiInit(BspGPIO_Obj_TypeDef IO_Obj, EXTI_Callback callback);
  18:Bsp/Bsp_GPIO.c **** 
  19:Bsp/Bsp_GPIO.c **** BspGPIO_TypeDef BspGPIO = {
  20:Bsp/Bsp_GPIO.c ****     .exti_init = BspGPIO_ExtiInit,
  21:Bsp/Bsp_GPIO.c ****     .out_init = BspGPIO_Output_Init,
  22:Bsp/Bsp_GPIO.c ****     .read = BspGPIO_Read,
  23:Bsp/Bsp_GPIO.c ****     .write = BspGPIO_Write,
  24:Bsp/Bsp_GPIO.c **** };
  25:Bsp/Bsp_GPIO.c **** 
  26:Bsp/Bsp_GPIO.c **** static uint8_t BspGPIO_GetEXTI_Index(uint16_t exti_id)
  27:Bsp/Bsp_GPIO.c **** {
  28              		.loc 1 27 1 view -0
  29              		.cfi_startproc
  30              		@ args = 0, pretend = 0, frame = 0
  31              		@ frame_needed = 0, uses_anonymous_args = 0
ARM GAS  /var/folders/lx/hc4sn_b53233_zkc9xbbl97r0000gp/T//ccIYpThV.s 			page 2


  32              		@ link register save eliminated.
  33              		.loc 1 27 1 is_stmt 0 view .LVU1
  34 0000 07EE900A 		vmov	s15, r0	@ int
  28:Bsp/Bsp_GPIO.c ****     float f_exti_id = (float)exti_id;
  35              		.loc 1 28 5 is_stmt 1 view .LVU2
  36              	.LVL1:
  29:Bsp/Bsp_GPIO.c ****     uint32_t u32_exti_id = 0;
  37              		.loc 1 29 5 view .LVU3
  30:Bsp/Bsp_GPIO.c ****     uint8_t exp = 0;
  38              		.loc 1 30 5 view .LVU4
  31:Bsp/Bsp_GPIO.c **** 
  32:Bsp/Bsp_GPIO.c ****     u32_exti_id = *((unsigned long *)(&f_exti_id));
  39              		.loc 1 32 5 view .LVU5
  40              		.loc 1 32 17 is_stmt 0 view .LVU6
  41 0004 F8EE677A 		vcvt.f32.u32	s15, s15
  42              	.LVL2:
  43              		.loc 1 32 17 view .LVU7
  44 0008 17EE900A 		vmov	r0, s15
  45              	.LVL3:
  33:Bsp/Bsp_GPIO.c **** 
  34:Bsp/Bsp_GPIO.c ****     exp = (u32_exti_id >> 23) & 0xFF;
  46              		.loc 1 34 5 is_stmt 1 view .LVU8
  47              		.loc 1 34 9 is_stmt 0 view .LVU9
  48 000c C0F3C750 		ubfx	r0, r0, #23, #8
  49              	.LVL4:
  35:Bsp/Bsp_GPIO.c ****     exp -= 127;
  50              		.loc 1 35 5 is_stmt 1 view .LVU10
  51              		.loc 1 35 9 is_stmt 0 view .LVU11
  52 0010 7F38     		subs	r0, r0, #127
  53              	.LVL5:
  36:Bsp/Bsp_GPIO.c **** 
  37:Bsp/Bsp_GPIO.c ****     return exp;
  54              		.loc 1 37 5 is_stmt 1 view .LVU12
  38:Bsp/Bsp_GPIO.c **** }
  55              		.loc 1 38 1 is_stmt 0 view .LVU13
  56 0012 C0B2     		uxtb	r0, r0
  57              		.loc 1 38 1 view .LVU14
  58 0014 7047     		bx	lr
  59              		.cfi_endproc
  60              	.LFE144:
  62              		.section	.text.BspGPIO_CLK_Enable,"ax",%progbits
  63              		.align	1
  64              		.syntax unified
  65              		.thumb
  66              		.thumb_func
  67              		.fpu fpv5-d16
  69              	BspGPIO_CLK_Enable:
  70              	.LVL6:
  71              	.LFB145:
  39:Bsp/Bsp_GPIO.c **** 
  40:Bsp/Bsp_GPIO.c **** static void BspGPIO_CLK_Enable(GPIO_TypeDef *port)
  41:Bsp/Bsp_GPIO.c **** {
  72              		.loc 1 41 1 is_stmt 1 view -0
  73              		.cfi_startproc
  74              		@ args = 0, pretend = 0, frame = 48
  75              		@ frame_needed = 0, uses_anonymous_args = 0
  76              		@ link register save eliminated.
ARM GAS  /var/folders/lx/hc4sn_b53233_zkc9xbbl97r0000gp/T//ccIYpThV.s 			page 3


  77              		.loc 1 41 1 is_stmt 0 view .LVU16
  78 0000 8CB0     		sub	sp, sp, #48
  79              	.LCFI0:
  80              		.cfi_def_cfa_offset 48
  42:Bsp/Bsp_GPIO.c ****     if (port == GPIOA)
  81              		.loc 1 42 5 is_stmt 1 view .LVU17
  82              		.loc 1 42 8 is_stmt 0 view .LVU18
  83 0002 654B     		ldr	r3, .L25
  84 0004 9842     		cmp	r0, r3
  85 0006 2FD0     		beq	.L15
  43:Bsp/Bsp_GPIO.c ****         __HAL_RCC_GPIOA_CLK_ENABLE();
  44:Bsp/Bsp_GPIO.c ****     else if (port == GPIOB)
  86              		.loc 1 44 10 is_stmt 1 view .LVU19
  87              		.loc 1 44 13 is_stmt 0 view .LVU20
  88 0008 644B     		ldr	r3, .L25+4
  89 000a 9842     		cmp	r0, r3
  90 000c 3CD0     		beq	.L16
  45:Bsp/Bsp_GPIO.c ****         __HAL_RCC_GPIOB_CLK_ENABLE();
  46:Bsp/Bsp_GPIO.c ****     else if (port == GPIOC)
  91              		.loc 1 46 10 is_stmt 1 view .LVU21
  92              		.loc 1 46 13 is_stmt 0 view .LVU22
  93 000e 644B     		ldr	r3, .L25+8
  94 0010 9842     		cmp	r0, r3
  95 0012 48D0     		beq	.L17
  47:Bsp/Bsp_GPIO.c ****         __HAL_RCC_GPIOC_CLK_ENABLE();
  48:Bsp/Bsp_GPIO.c ****     else if (port == GPIOD)
  96              		.loc 1 48 10 is_stmt 1 view .LVU23
  97              		.loc 1 48 13 is_stmt 0 view .LVU24
  98 0014 634B     		ldr	r3, .L25+12
  99 0016 9842     		cmp	r0, r3
 100 0018 54D0     		beq	.L18
  49:Bsp/Bsp_GPIO.c ****         __HAL_RCC_GPIOD_CLK_ENABLE();
  50:Bsp/Bsp_GPIO.c ****     else if (port == GPIOE)
 101              		.loc 1 50 10 is_stmt 1 view .LVU25
 102              		.loc 1 50 13 is_stmt 0 view .LVU26
 103 001a 634B     		ldr	r3, .L25+16
 104 001c 9842     		cmp	r0, r3
 105 001e 60D0     		beq	.L19
  51:Bsp/Bsp_GPIO.c ****         __HAL_RCC_GPIOE_CLK_ENABLE();
  52:Bsp/Bsp_GPIO.c ****     else if (port == GPIOF)
 106              		.loc 1 52 10 is_stmt 1 view .LVU27
 107              		.loc 1 52 13 is_stmt 0 view .LVU28
 108 0020 624B     		ldr	r3, .L25+20
 109 0022 9842     		cmp	r0, r3
 110 0024 6CD0     		beq	.L20
  53:Bsp/Bsp_GPIO.c ****         __HAL_RCC_GPIOF_CLK_ENABLE();
  54:Bsp/Bsp_GPIO.c ****     else if (port == GPIOG)
 111              		.loc 1 54 10 is_stmt 1 view .LVU29
 112              		.loc 1 54 13 is_stmt 0 view .LVU30
 113 0026 624B     		ldr	r3, .L25+24
 114 0028 9842     		cmp	r0, r3
 115 002a 78D0     		beq	.L21
  55:Bsp/Bsp_GPIO.c ****         __HAL_RCC_GPIOG_CLK_ENABLE();
  56:Bsp/Bsp_GPIO.c ****     else if (port == GPIOH)
 116              		.loc 1 56 10 is_stmt 1 view .LVU31
 117              		.loc 1 56 13 is_stmt 0 view .LVU32
 118 002c 614B     		ldr	r3, .L25+28
ARM GAS  /var/folders/lx/hc4sn_b53233_zkc9xbbl97r0000gp/T//ccIYpThV.s 			page 4


 119 002e 9842     		cmp	r0, r3
 120 0030 00F08480 		beq	.L22
  57:Bsp/Bsp_GPIO.c ****         __HAL_RCC_GPIOH_CLK_ENABLE();
  58:Bsp/Bsp_GPIO.c **** #if defined(GPIOI)
  59:Bsp/Bsp_GPIO.c ****     else if (port == GPIOI)
 121              		.loc 1 59 10 is_stmt 1 view .LVU33
 122              		.loc 1 59 13 is_stmt 0 view .LVU34
 123 0034 604B     		ldr	r3, .L25+32
 124 0036 9842     		cmp	r0, r3
 125 0038 00F08F80 		beq	.L23
  60:Bsp/Bsp_GPIO.c ****         __HAL_RCC_GPIOI_CLK_ENABLE();
  61:Bsp/Bsp_GPIO.c **** #endif
  62:Bsp/Bsp_GPIO.c ****     else if (port == GPIOJ)
 126              		.loc 1 62 10 is_stmt 1 view .LVU35
 127              		.loc 1 62 13 is_stmt 0 view .LVU36
 128 003c 5F4B     		ldr	r3, .L25+36
 129 003e 9842     		cmp	r0, r3
 130 0040 00F09A80 		beq	.L24
  63:Bsp/Bsp_GPIO.c ****         __HAL_RCC_GPIOJ_CLK_ENABLE();
  64:Bsp/Bsp_GPIO.c ****     else if (port == GPIOK)
 131              		.loc 1 64 10 is_stmt 1 view .LVU37
 132              		.loc 1 64 13 is_stmt 0 view .LVU38
 133 0044 5E4B     		ldr	r3, .L25+40
 134 0046 9842     		cmp	r0, r3
 135 0048 1CD1     		bne	.L2
  65:Bsp/Bsp_GPIO.c ****         __HAL_RCC_GPIOK_CLK_ENABLE();
 136              		.loc 1 65 9 is_stmt 1 view .LVU39
 137              	.LBB2:
 138              		.loc 1 65 9 view .LVU40
 139              		.loc 1 65 9 view .LVU41
 140 004a 03F5E053 		add	r3, r3, #7168
 141 004e D3F8E020 		ldr	r2, [r3, #224]
 142 0052 42F48062 		orr	r2, r2, #1024
 143 0056 C3F8E020 		str	r2, [r3, #224]
 144              		.loc 1 65 9 view .LVU42
 145 005a D3F8E030 		ldr	r3, [r3, #224]
 146 005e 03F48063 		and	r3, r3, #1024
 147 0062 0B93     		str	r3, [sp, #44]
 148              		.loc 1 65 9 view .LVU43
 149 0064 0B9B     		ldr	r3, [sp, #44]
 150              	.LBE2:
 151              		.loc 1 65 9 view .LVU44
  66:Bsp/Bsp_GPIO.c **** }
 152              		.loc 1 66 1 is_stmt 0 view .LVU45
 153 0066 0DE0     		b	.L2
 154              	.L15:
  43:Bsp/Bsp_GPIO.c ****     else if (port == GPIOB)
 155              		.loc 1 43 9 is_stmt 1 view .LVU46
 156              	.LBB3:
  43:Bsp/Bsp_GPIO.c ****     else if (port == GPIOB)
 157              		.loc 1 43 9 view .LVU47
  43:Bsp/Bsp_GPIO.c ****     else if (port == GPIOB)
 158              		.loc 1 43 9 view .LVU48
 159 0068 03F58843 		add	r3, r3, #17408
 160 006c D3F8E020 		ldr	r2, [r3, #224]
 161 0070 42F00102 		orr	r2, r2, #1
 162 0074 C3F8E020 		str	r2, [r3, #224]
ARM GAS  /var/folders/lx/hc4sn_b53233_zkc9xbbl97r0000gp/T//ccIYpThV.s 			page 5


  43:Bsp/Bsp_GPIO.c ****     else if (port == GPIOB)
 163              		.loc 1 43 9 view .LVU49
 164 0078 D3F8E030 		ldr	r3, [r3, #224]
 165 007c 03F00103 		and	r3, r3, #1
 166 0080 0193     		str	r3, [sp, #4]
  43:Bsp/Bsp_GPIO.c ****     else if (port == GPIOB)
 167              		.loc 1 43 9 view .LVU50
 168 0082 019B     		ldr	r3, [sp, #4]
 169              	.LBE3:
  43:Bsp/Bsp_GPIO.c ****     else if (port == GPIOB)
 170              		.loc 1 43 9 view .LVU51
 171              	.L2:
 172              		.loc 1 66 1 is_stmt 0 view .LVU52
 173 0084 0CB0     		add	sp, sp, #48
 174              	.LCFI1:
 175              		.cfi_remember_state
 176              		.cfi_def_cfa_offset 0
 177              		@ sp needed
 178 0086 7047     		bx	lr
 179              	.L16:
 180              	.LCFI2:
 181              		.cfi_restore_state
  45:Bsp/Bsp_GPIO.c ****     else if (port == GPIOC)
 182              		.loc 1 45 9 is_stmt 1 view .LVU53
 183              	.LBB4:
  45:Bsp/Bsp_GPIO.c ****     else if (port == GPIOC)
 184              		.loc 1 45 9 view .LVU54
  45:Bsp/Bsp_GPIO.c ****     else if (port == GPIOC)
 185              		.loc 1 45 9 view .LVU55
 186 0088 03F58043 		add	r3, r3, #16384
 187 008c D3F8E020 		ldr	r2, [r3, #224]
 188 0090 42F00202 		orr	r2, r2, #2
 189 0094 C3F8E020 		str	r2, [r3, #224]
  45:Bsp/Bsp_GPIO.c ****     else if (port == GPIOC)
 190              		.loc 1 45 9 view .LVU56
 191 0098 D3F8E030 		ldr	r3, [r3, #224]
 192 009c 03F00203 		and	r3, r3, #2
 193 00a0 0293     		str	r3, [sp, #8]
  45:Bsp/Bsp_GPIO.c ****     else if (port == GPIOC)
 194              		.loc 1 45 9 view .LVU57
 195 00a2 029B     		ldr	r3, [sp, #8]
 196              	.LBE4:
  45:Bsp/Bsp_GPIO.c ****     else if (port == GPIOC)
 197              		.loc 1 45 9 view .LVU58
 198 00a4 EEE7     		b	.L2
 199              	.L17:
  47:Bsp/Bsp_GPIO.c ****     else if (port == GPIOD)
 200              		.loc 1 47 9 view .LVU59
 201              	.LBB5:
  47:Bsp/Bsp_GPIO.c ****     else if (port == GPIOD)
 202              		.loc 1 47 9 view .LVU60
  47:Bsp/Bsp_GPIO.c ****     else if (port == GPIOD)
 203              		.loc 1 47 9 view .LVU61
 204 00a6 03F57053 		add	r3, r3, #15360
 205 00aa D3F8E020 		ldr	r2, [r3, #224]
 206 00ae 42F00402 		orr	r2, r2, #4
 207 00b2 C3F8E020 		str	r2, [r3, #224]
ARM GAS  /var/folders/lx/hc4sn_b53233_zkc9xbbl97r0000gp/T//ccIYpThV.s 			page 6


  47:Bsp/Bsp_GPIO.c ****     else if (port == GPIOD)
 208              		.loc 1 47 9 view .LVU62
 209 00b6 D3F8E030 		ldr	r3, [r3, #224]
 210 00ba 03F00403 		and	r3, r3, #4
 211 00be 0393     		str	r3, [sp, #12]
  47:Bsp/Bsp_GPIO.c ****     else if (port == GPIOD)
 212              		.loc 1 47 9 view .LVU63
 213 00c0 039B     		ldr	r3, [sp, #12]
 214              	.LBE5:
  47:Bsp/Bsp_GPIO.c ****     else if (port == GPIOD)
 215              		.loc 1 47 9 view .LVU64
 216 00c2 DFE7     		b	.L2
 217              	.L18:
  49:Bsp/Bsp_GPIO.c ****     else if (port == GPIOE)
 218              		.loc 1 49 9 view .LVU65
 219              	.LBB6:
  49:Bsp/Bsp_GPIO.c ****     else if (port == GPIOE)
 220              		.loc 1 49 9 view .LVU66
  49:Bsp/Bsp_GPIO.c ****     else if (port == GPIOE)
 221              		.loc 1 49 9 view .LVU67
 222 00c4 03F56053 		add	r3, r3, #14336
 223 00c8 D3F8E020 		ldr	r2, [r3, #224]
 224 00cc 42F00802 		orr	r2, r2, #8
 225 00d0 C3F8E020 		str	r2, [r3, #224]
  49:Bsp/Bsp_GPIO.c ****     else if (port == GPIOE)
 226              		.loc 1 49 9 view .LVU68
 227 00d4 D3F8E030 		ldr	r3, [r3, #224]
 228 00d8 03F00803 		and	r3, r3, #8
 229 00dc 0493     		str	r3, [sp, #16]
  49:Bsp/Bsp_GPIO.c ****     else if (port == GPIOE)
 230              		.loc 1 49 9 view .LVU69
 231 00de 049B     		ldr	r3, [sp, #16]
 232              	.LBE6:
  49:Bsp/Bsp_GPIO.c ****     else if (port == GPIOE)
 233              		.loc 1 49 9 view .LVU70
 234 00e0 D0E7     		b	.L2
 235              	.L19:
  51:Bsp/Bsp_GPIO.c ****     else if (port == GPIOF)
 236              		.loc 1 51 9 view .LVU71
 237              	.LBB7:
  51:Bsp/Bsp_GPIO.c ****     else if (port == GPIOF)
 238              		.loc 1 51 9 view .LVU72
  51:Bsp/Bsp_GPIO.c ****     else if (port == GPIOF)
 239              		.loc 1 51 9 view .LVU73
 240 00e2 03F55053 		add	r3, r3, #13312
 241 00e6 D3F8E020 		ldr	r2, [r3, #224]
 242 00ea 42F01002 		orr	r2, r2, #16
 243 00ee C3F8E020 		str	r2, [r3, #224]
  51:Bsp/Bsp_GPIO.c ****     else if (port == GPIOF)
 244              		.loc 1 51 9 view .LVU74
 245 00f2 D3F8E030 		ldr	r3, [r3, #224]
 246 00f6 03F01003 		and	r3, r3, #16
 247 00fa 0593     		str	r3, [sp, #20]
  51:Bsp/Bsp_GPIO.c ****     else if (port == GPIOF)
 248              		.loc 1 51 9 view .LVU75
 249 00fc 059B     		ldr	r3, [sp, #20]
 250              	.LBE7:
ARM GAS  /var/folders/lx/hc4sn_b53233_zkc9xbbl97r0000gp/T//ccIYpThV.s 			page 7


  51:Bsp/Bsp_GPIO.c ****     else if (port == GPIOF)
 251              		.loc 1 51 9 view .LVU76
 252 00fe C1E7     		b	.L2
 253              	.L20:
  53:Bsp/Bsp_GPIO.c ****     else if (port == GPIOG)
 254              		.loc 1 53 9 view .LVU77
 255              	.LBB8:
  53:Bsp/Bsp_GPIO.c ****     else if (port == GPIOG)
 256              		.loc 1 53 9 view .LVU78
  53:Bsp/Bsp_GPIO.c ****     else if (port == GPIOG)
 257              		.loc 1 53 9 view .LVU79
 258 0100 03F54053 		add	r3, r3, #12288
 259 0104 D3F8E020 		ldr	r2, [r3, #224]
 260 0108 42F02002 		orr	r2, r2, #32
 261 010c C3F8E020 		str	r2, [r3, #224]
  53:Bsp/Bsp_GPIO.c ****     else if (port == GPIOG)
 262              		.loc 1 53 9 view .LVU80
 263 0110 D3F8E030 		ldr	r3, [r3, #224]
 264 0114 03F02003 		and	r3, r3, #32
 265 0118 0693     		str	r3, [sp, #24]
  53:Bsp/Bsp_GPIO.c ****     else if (port == GPIOG)
 266              		.loc 1 53 9 view .LVU81
 267 011a 069B     		ldr	r3, [sp, #24]
 268              	.LBE8:
  53:Bsp/Bsp_GPIO.c ****     else if (port == GPIOG)
 269              		.loc 1 53 9 view .LVU82
 270 011c B2E7     		b	.L2
 271              	.L21:
  55:Bsp/Bsp_GPIO.c ****     else if (port == GPIOH)
 272              		.loc 1 55 9 view .LVU83
 273              	.LBB9:
  55:Bsp/Bsp_GPIO.c ****     else if (port == GPIOH)
 274              		.loc 1 55 9 view .LVU84
  55:Bsp/Bsp_GPIO.c ****     else if (port == GPIOH)
 275              		.loc 1 55 9 view .LVU85
 276 011e 03F53053 		add	r3, r3, #11264
 277 0122 D3F8E020 		ldr	r2, [r3, #224]
 278 0126 42F04002 		orr	r2, r2, #64
 279 012a C3F8E020 		str	r2, [r3, #224]
  55:Bsp/Bsp_GPIO.c ****     else if (port == GPIOH)
 280              		.loc 1 55 9 view .LVU86
 281 012e D3F8E030 		ldr	r3, [r3, #224]
 282 0132 03F04003 		and	r3, r3, #64
 283 0136 0793     		str	r3, [sp, #28]
  55:Bsp/Bsp_GPIO.c ****     else if (port == GPIOH)
 284              		.loc 1 55 9 view .LVU87
 285 0138 079B     		ldr	r3, [sp, #28]
 286              	.LBE9:
  55:Bsp/Bsp_GPIO.c ****     else if (port == GPIOH)
 287              		.loc 1 55 9 view .LVU88
 288 013a A3E7     		b	.L2
 289              	.L22:
  57:Bsp/Bsp_GPIO.c **** #if defined(GPIOI)
 290              		.loc 1 57 9 view .LVU89
 291              	.LBB10:
  57:Bsp/Bsp_GPIO.c **** #if defined(GPIOI)
 292              		.loc 1 57 9 view .LVU90
ARM GAS  /var/folders/lx/hc4sn_b53233_zkc9xbbl97r0000gp/T//ccIYpThV.s 			page 8


  57:Bsp/Bsp_GPIO.c **** #if defined(GPIOI)
 293              		.loc 1 57 9 view .LVU91
 294 013c 03F52053 		add	r3, r3, #10240
 295 0140 D3F8E020 		ldr	r2, [r3, #224]
 296 0144 42F08002 		orr	r2, r2, #128
 297 0148 C3F8E020 		str	r2, [r3, #224]
  57:Bsp/Bsp_GPIO.c **** #if defined(GPIOI)
 298              		.loc 1 57 9 view .LVU92
 299 014c D3F8E030 		ldr	r3, [r3, #224]
 300 0150 03F08003 		and	r3, r3, #128
 301 0154 0893     		str	r3, [sp, #32]
  57:Bsp/Bsp_GPIO.c **** #if defined(GPIOI)
 302              		.loc 1 57 9 view .LVU93
 303 0156 089B     		ldr	r3, [sp, #32]
 304              	.LBE10:
  57:Bsp/Bsp_GPIO.c **** #if defined(GPIOI)
 305              		.loc 1 57 9 view .LVU94
 306 0158 94E7     		b	.L2
 307              	.L23:
  60:Bsp/Bsp_GPIO.c **** #endif
 308              		.loc 1 60 9 view .LVU95
 309              	.LBB11:
  60:Bsp/Bsp_GPIO.c **** #endif
 310              		.loc 1 60 9 view .LVU96
  60:Bsp/Bsp_GPIO.c **** #endif
 311              		.loc 1 60 9 view .LVU97
 312 015a 03F51053 		add	r3, r3, #9216
 313 015e D3F8E020 		ldr	r2, [r3, #224]
 314 0162 42F48072 		orr	r2, r2, #256
 315 0166 C3F8E020 		str	r2, [r3, #224]
  60:Bsp/Bsp_GPIO.c **** #endif
 316              		.loc 1 60 9 view .LVU98
 317 016a D3F8E030 		ldr	r3, [r3, #224]
 318 016e 03F48073 		and	r3, r3, #256
 319 0172 0993     		str	r3, [sp, #36]
  60:Bsp/Bsp_GPIO.c **** #endif
 320              		.loc 1 60 9 view .LVU99
 321 0174 099B     		ldr	r3, [sp, #36]
 322              	.LBE11:
  60:Bsp/Bsp_GPIO.c **** #endif
 323              		.loc 1 60 9 view .LVU100
 324 0176 85E7     		b	.L2
 325              	.L24:
  63:Bsp/Bsp_GPIO.c ****     else if (port == GPIOK)
 326              		.loc 1 63 9 view .LVU101
 327              	.LBB12:
  63:Bsp/Bsp_GPIO.c ****     else if (port == GPIOK)
 328              		.loc 1 63 9 view .LVU102
  63:Bsp/Bsp_GPIO.c ****     else if (port == GPIOK)
 329              		.loc 1 63 9 view .LVU103
 330 0178 03F50053 		add	r3, r3, #8192
 331 017c D3F8E020 		ldr	r2, [r3, #224]
 332 0180 42F40072 		orr	r2, r2, #512
 333 0184 C3F8E020 		str	r2, [r3, #224]
  63:Bsp/Bsp_GPIO.c ****     else if (port == GPIOK)
 334              		.loc 1 63 9 view .LVU104
 335 0188 D3F8E030 		ldr	r3, [r3, #224]
ARM GAS  /var/folders/lx/hc4sn_b53233_zkc9xbbl97r0000gp/T//ccIYpThV.s 			page 9


 336 018c 03F40073 		and	r3, r3, #512
 337 0190 0A93     		str	r3, [sp, #40]
  63:Bsp/Bsp_GPIO.c ****     else if (port == GPIOK)
 338              		.loc 1 63 9 view .LVU105
 339 0192 0A9B     		ldr	r3, [sp, #40]
 340              	.LBE12:
  63:Bsp/Bsp_GPIO.c ****     else if (port == GPIOK)
 341              		.loc 1 63 9 view .LVU106
 342 0194 76E7     		b	.L2
 343              	.L26:
 344 0196 00BF     		.align	2
 345              	.L25:
 346 0198 00000258 		.word	1476526080
 347 019c 00040258 		.word	1476527104
 348 01a0 00080258 		.word	1476528128
 349 01a4 000C0258 		.word	1476529152
 350 01a8 00100258 		.word	1476530176
 351 01ac 00140258 		.word	1476531200
 352 01b0 00180258 		.word	1476532224
 353 01b4 001C0258 		.word	1476533248
 354 01b8 00200258 		.word	1476534272
 355 01bc 00240258 		.word	1476535296
 356 01c0 00280258 		.word	1476536320
 357              		.cfi_endproc
 358              	.LFE145:
 360              		.section	.text.BspGPIO_Write,"ax",%progbits
 361              		.align	1
 362              		.syntax unified
 363              		.thumb
 364              		.thumb_func
 365              		.fpu fpv5-d16
 367              	BspGPIO_Write:
 368              	.LVL7:
 369              	.LFB150:
  67:Bsp/Bsp_GPIO.c **** 
  68:Bsp/Bsp_GPIO.c **** static IRQn_Type BspGPIO_GetExti_IRQnID(BspGPIO_Obj_TypeDef IO_Obj)
  69:Bsp/Bsp_GPIO.c **** {
  70:Bsp/Bsp_GPIO.c ****     switch ((uint16_t)IO_Obj.pin)
  71:Bsp/Bsp_GPIO.c ****     {
  72:Bsp/Bsp_GPIO.c ****     case GPIO_PIN_0:
  73:Bsp/Bsp_GPIO.c ****         return EXTI0_IRQn;
  74:Bsp/Bsp_GPIO.c **** 
  75:Bsp/Bsp_GPIO.c ****     case GPIO_PIN_1:
  76:Bsp/Bsp_GPIO.c ****         return EXTI1_IRQn;
  77:Bsp/Bsp_GPIO.c **** 
  78:Bsp/Bsp_GPIO.c ****     case GPIO_PIN_2:
  79:Bsp/Bsp_GPIO.c ****         return EXTI2_IRQn;
  80:Bsp/Bsp_GPIO.c **** 
  81:Bsp/Bsp_GPIO.c ****     case GPIO_PIN_3:
  82:Bsp/Bsp_GPIO.c ****         return EXTI3_IRQn;
  83:Bsp/Bsp_GPIO.c **** 
  84:Bsp/Bsp_GPIO.c ****     case GPIO_PIN_4:
  85:Bsp/Bsp_GPIO.c ****         return EXTI4_IRQn;
  86:Bsp/Bsp_GPIO.c **** 
  87:Bsp/Bsp_GPIO.c ****     case GPIO_PIN_5:
  88:Bsp/Bsp_GPIO.c ****     case GPIO_PIN_6:
  89:Bsp/Bsp_GPIO.c ****     case GPIO_PIN_7:
ARM GAS  /var/folders/lx/hc4sn_b53233_zkc9xbbl97r0000gp/T//ccIYpThV.s 			page 10


  90:Bsp/Bsp_GPIO.c ****     case GPIO_PIN_8:
  91:Bsp/Bsp_GPIO.c ****     case GPIO_PIN_9:
  92:Bsp/Bsp_GPIO.c ****         return EXTI9_5_IRQn;
  93:Bsp/Bsp_GPIO.c **** 
  94:Bsp/Bsp_GPIO.c ****     case GPIO_PIN_10:
  95:Bsp/Bsp_GPIO.c ****     case GPIO_PIN_11:
  96:Bsp/Bsp_GPIO.c ****     case GPIO_PIN_12:
  97:Bsp/Bsp_GPIO.c ****     case GPIO_PIN_13:
  98:Bsp/Bsp_GPIO.c ****     case GPIO_PIN_14:
  99:Bsp/Bsp_GPIO.c ****     case GPIO_PIN_15:
 100:Bsp/Bsp_GPIO.c ****         return EXTI15_10_IRQn;
 101:Bsp/Bsp_GPIO.c **** 
 102:Bsp/Bsp_GPIO.c ****     default:
 103:Bsp/Bsp_GPIO.c ****         assert(true);
 104:Bsp/Bsp_GPIO.c ****         break;
 105:Bsp/Bsp_GPIO.c ****     }
 106:Bsp/Bsp_GPIO.c **** }
 107:Bsp/Bsp_GPIO.c **** 
 108:Bsp/Bsp_GPIO.c **** static bool BspGPIO_ExtiInit(BspGPIO_Obj_TypeDef IO_Obj, EXTI_Callback callback)
 109:Bsp/Bsp_GPIO.c **** {
 110:Bsp/Bsp_GPIO.c ****     GPIO_InitTypeDef cfg_structure;
 111:Bsp/Bsp_GPIO.c **** 
 112:Bsp/Bsp_GPIO.c ****     if (IO_Obj.port == NULL)
 113:Bsp/Bsp_GPIO.c ****         return false;
 114:Bsp/Bsp_GPIO.c **** 
 115:Bsp/Bsp_GPIO.c ****     BspGPIO_CLK_Enable(IO_Obj.port);
 116:Bsp/Bsp_GPIO.c **** 
 117:Bsp/Bsp_GPIO.c ****     cfg_structure.Pin = IO_Obj.pin;
 118:Bsp/Bsp_GPIO.c ****     cfg_structure.Mode = GPIO_MODE_IT_FALLING;
 119:Bsp/Bsp_GPIO.c ****     cfg_structure.Pull = GPIO_NOPULL;
 120:Bsp/Bsp_GPIO.c ****     cfg_structure.Speed = GPIO_SPEED_FREQ_VERY_HIGH;
 121:Bsp/Bsp_GPIO.c **** 
 122:Bsp/Bsp_GPIO.c ****     HAL_GPIO_WritePin(IO_Obj.port, IO_Obj.pin, IO_Obj.init_state);
 123:Bsp/Bsp_GPIO.c ****     HAL_GPIO_Init(IO_Obj.port, &cfg_structure);
 124:Bsp/Bsp_GPIO.c **** 
 125:Bsp/Bsp_GPIO.c ****     /* set exti callback */
 126:Bsp/Bsp_GPIO.c ****     EXTI_CallBack_List[BspGPIO_GetEXTI_Index(IO_Obj.pin)] = callback;
 127:Bsp/Bsp_GPIO.c **** 
 128:Bsp/Bsp_GPIO.c ****     HAL_NVIC_SetPriority(BspGPIO_GetExti_IRQnID(IO_Obj), 3, 0);
 129:Bsp/Bsp_GPIO.c ****     HAL_NVIC_EnableIRQ(BspGPIO_GetExti_IRQnID(IO_Obj));
 130:Bsp/Bsp_GPIO.c **** 
 131:Bsp/Bsp_GPIO.c ****     return true;
 132:Bsp/Bsp_GPIO.c **** }
 133:Bsp/Bsp_GPIO.c **** 
 134:Bsp/Bsp_GPIO.c **** static bool BspGPIO_Output_Init(BspGPIO_Obj_TypeDef IO_Obj)
 135:Bsp/Bsp_GPIO.c **** {
 136:Bsp/Bsp_GPIO.c ****     GPIO_InitTypeDef cfg_structure;
 137:Bsp/Bsp_GPIO.c **** 
 138:Bsp/Bsp_GPIO.c ****     if (IO_Obj.port == NULL)
 139:Bsp/Bsp_GPIO.c ****         return false;
 140:Bsp/Bsp_GPIO.c **** 
 141:Bsp/Bsp_GPIO.c ****     BspGPIO_CLK_Enable(IO_Obj.port);
 142:Bsp/Bsp_GPIO.c **** 
 143:Bsp/Bsp_GPIO.c ****     cfg_structure.Pin = IO_Obj.pin;
 144:Bsp/Bsp_GPIO.c ****     cfg_structure.Mode = GPIO_MODE_OUTPUT_PP;
 145:Bsp/Bsp_GPIO.c ****     cfg_structure.Pull = GPIO_PULLUP;
 146:Bsp/Bsp_GPIO.c ****     cfg_structure.Speed = GPIO_SPEED_FREQ_LOW;
ARM GAS  /var/folders/lx/hc4sn_b53233_zkc9xbbl97r0000gp/T//ccIYpThV.s 			page 11


 147:Bsp/Bsp_GPIO.c **** 
 148:Bsp/Bsp_GPIO.c ****     HAL_GPIO_WritePin(IO_Obj.port, IO_Obj.pin, IO_Obj.init_state);
 149:Bsp/Bsp_GPIO.c ****     HAL_GPIO_Init(IO_Obj.port, &cfg_structure);
 150:Bsp/Bsp_GPIO.c **** 
 151:Bsp/Bsp_GPIO.c ****     return true;
 152:Bsp/Bsp_GPIO.c **** }
 153:Bsp/Bsp_GPIO.c **** 
 154:Bsp/Bsp_GPIO.c **** static bool BspGPIO_Read(uint32_t port, uint16_t pin)
 155:Bsp/Bsp_GPIO.c **** {
 156:Bsp/Bsp_GPIO.c ****     return HAL_GPIO_ReadPin(port, pin);
 157:Bsp/Bsp_GPIO.c **** }
 158:Bsp/Bsp_GPIO.c **** 
 159:Bsp/Bsp_GPIO.c **** static void BspGPIO_Write(uint32_t port, uint16_t pin, bool state)
 160:Bsp/Bsp_GPIO.c **** {
 370              		.loc 1 160 1 view -0
 371              		.cfi_startproc
 372              		@ args = 0, pretend = 0, frame = 0
 373              		@ frame_needed = 0, uses_anonymous_args = 0
 374              		.loc 1 160 1 is_stmt 0 view .LVU108
 375 0000 08B5     		push	{r3, lr}
 376              	.LCFI3:
 377              		.cfi_def_cfa_offset 8
 378              		.cfi_offset 3, -8
 379              		.cfi_offset 14, -4
 161:Bsp/Bsp_GPIO.c ****     HAL_GPIO_WritePin(port, pin, state);
 380              		.loc 1 161 5 is_stmt 1 view .LVU109
 381 0002 FFF7FEFF 		bl	HAL_GPIO_WritePin
 382              	.LVL8:
 162:Bsp/Bsp_GPIO.c **** }
 383              		.loc 1 162 1 is_stmt 0 view .LVU110
 384 0006 08BD     		pop	{r3, pc}
 385              		.cfi_endproc
 386              	.LFE150:
 388              		.section	.text.BspGPIO_Read,"ax",%progbits
 389              		.align	1
 390              		.syntax unified
 391              		.thumb
 392              		.thumb_func
 393              		.fpu fpv5-d16
 395              	BspGPIO_Read:
 396              	.LVL9:
 397              	.LFB149:
 155:Bsp/Bsp_GPIO.c ****     return HAL_GPIO_ReadPin(port, pin);
 398              		.loc 1 155 1 is_stmt 1 view -0
 399              		.cfi_startproc
 400              		@ args = 0, pretend = 0, frame = 0
 401              		@ frame_needed = 0, uses_anonymous_args = 0
 155:Bsp/Bsp_GPIO.c ****     return HAL_GPIO_ReadPin(port, pin);
 402              		.loc 1 155 1 is_stmt 0 view .LVU112
 403 0000 08B5     		push	{r3, lr}
 404              	.LCFI4:
 405              		.cfi_def_cfa_offset 8
 406              		.cfi_offset 3, -8
 407              		.cfi_offset 14, -4
 156:Bsp/Bsp_GPIO.c **** }
 408              		.loc 1 156 5 is_stmt 1 view .LVU113
 156:Bsp/Bsp_GPIO.c **** }
ARM GAS  /var/folders/lx/hc4sn_b53233_zkc9xbbl97r0000gp/T//ccIYpThV.s 			page 12


 409              		.loc 1 156 12 is_stmt 0 view .LVU114
 410 0002 FFF7FEFF 		bl	HAL_GPIO_ReadPin
 411              	.LVL10:
 157:Bsp/Bsp_GPIO.c **** 
 412              		.loc 1 157 1 view .LVU115
 413 0006 0038     		subs	r0, r0, #0
 414 0008 18BF     		it	ne
 415 000a 0120     		movne	r0, #1
 416 000c 08BD     		pop	{r3, pc}
 417              		.cfi_endproc
 418              	.LFE149:
 420              		.section	.text.BspGPIO_Output_Init,"ax",%progbits
 421              		.align	1
 422              		.syntax unified
 423              		.thumb
 424              		.thumb_func
 425              		.fpu fpv5-d16
 427              	BspGPIO_Output_Init:
 428              	.LFB148:
 135:Bsp/Bsp_GPIO.c ****     GPIO_InitTypeDef cfg_structure;
 429              		.loc 1 135 1 is_stmt 1 view -0
 430              		.cfi_startproc
 431              		@ args = 0, pretend = 0, frame = 32
 432              		@ frame_needed = 0, uses_anonymous_args = 0
 433 0000 30B5     		push	{r4, r5, lr}
 434              	.LCFI5:
 435              		.cfi_def_cfa_offset 12
 436              		.cfi_offset 4, -12
 437              		.cfi_offset 5, -8
 438              		.cfi_offset 14, -4
 439 0002 89B0     		sub	sp, sp, #36
 440              	.LCFI6:
 441              		.cfi_def_cfa_offset 48
 442 0004 6B46     		mov	r3, sp
 443 0006 83E80300 		stm	r3, {r0, r1}
 136:Bsp/Bsp_GPIO.c **** 
 444              		.loc 1 136 5 view .LVU117
 138:Bsp/Bsp_GPIO.c ****         return false;
 445              		.loc 1 138 5 view .LVU118
 138:Bsp/Bsp_GPIO.c ****         return false;
 446              		.loc 1 138 8 is_stmt 0 view .LVU119
 447 000a B0B1     		cbz	r0, .L33
 448 000c 0546     		mov	r5, r0
 141:Bsp/Bsp_GPIO.c **** 
 449              		.loc 1 141 5 is_stmt 1 view .LVU120
 450 000e FFF7FEFF 		bl	BspGPIO_CLK_Enable
 451              	.LVL11:
 143:Bsp/Bsp_GPIO.c ****     cfg_structure.Mode = GPIO_MODE_OUTPUT_PP;
 452              		.loc 1 143 5 view .LVU121
 143:Bsp/Bsp_GPIO.c ****     cfg_structure.Mode = GPIO_MODE_OUTPUT_PP;
 453              		.loc 1 143 31 is_stmt 0 view .LVU122
 454 0012 BDF80410 		ldrh	r1, [sp, #4]
 143:Bsp/Bsp_GPIO.c ****     cfg_structure.Mode = GPIO_MODE_OUTPUT_PP;
 455              		.loc 1 143 23 view .LVU123
 456 0016 0391     		str	r1, [sp, #12]
 144:Bsp/Bsp_GPIO.c ****     cfg_structure.Pull = GPIO_PULLUP;
 457              		.loc 1 144 5 is_stmt 1 view .LVU124
ARM GAS  /var/folders/lx/hc4sn_b53233_zkc9xbbl97r0000gp/T//ccIYpThV.s 			page 13


 144:Bsp/Bsp_GPIO.c ****     cfg_structure.Pull = GPIO_PULLUP;
 458              		.loc 1 144 24 is_stmt 0 view .LVU125
 459 0018 0124     		movs	r4, #1
 460 001a 0494     		str	r4, [sp, #16]
 145:Bsp/Bsp_GPIO.c ****     cfg_structure.Speed = GPIO_SPEED_FREQ_LOW;
 461              		.loc 1 145 5 is_stmt 1 view .LVU126
 145:Bsp/Bsp_GPIO.c ****     cfg_structure.Speed = GPIO_SPEED_FREQ_LOW;
 462              		.loc 1 145 24 is_stmt 0 view .LVU127
 463 001c 0594     		str	r4, [sp, #20]
 146:Bsp/Bsp_GPIO.c **** 
 464              		.loc 1 146 5 is_stmt 1 view .LVU128
 146:Bsp/Bsp_GPIO.c **** 
 465              		.loc 1 146 25 is_stmt 0 view .LVU129
 466 001e 0023     		movs	r3, #0
 467 0020 0693     		str	r3, [sp, #24]
 148:Bsp/Bsp_GPIO.c ****     HAL_GPIO_Init(IO_Obj.port, &cfg_structure);
 468              		.loc 1 148 5 is_stmt 1 view .LVU130
 469 0022 9DF80620 		ldrb	r2, [sp, #6]	@ zero_extendqisi2
 470 0026 2846     		mov	r0, r5
 471 0028 FFF7FEFF 		bl	HAL_GPIO_WritePin
 472              	.LVL12:
 149:Bsp/Bsp_GPIO.c **** 
 473              		.loc 1 149 5 view .LVU131
 474 002c 03A9     		add	r1, sp, #12
 475 002e 2846     		mov	r0, r5
 476 0030 FFF7FEFF 		bl	HAL_GPIO_Init
 477              	.LVL13:
 151:Bsp/Bsp_GPIO.c **** }
 478              		.loc 1 151 5 view .LVU132
 151:Bsp/Bsp_GPIO.c **** }
 479              		.loc 1 151 12 is_stmt 0 view .LVU133
 480 0034 2046     		mov	r0, r4
 481              	.L32:
 152:Bsp/Bsp_GPIO.c **** 
 482              		.loc 1 152 1 view .LVU134
 483 0036 09B0     		add	sp, sp, #36
 484              	.LCFI7:
 485              		.cfi_remember_state
 486              		.cfi_def_cfa_offset 12
 487              		@ sp needed
 488 0038 30BD     		pop	{r4, r5, pc}
 489              	.L33:
 490              	.LCFI8:
 491              		.cfi_restore_state
 139:Bsp/Bsp_GPIO.c **** 
 492              		.loc 1 139 16 view .LVU135
 493 003a 0020     		movs	r0, #0
 494 003c FBE7     		b	.L32
 495              		.cfi_endproc
 496              	.LFE148:
 498              		.section	.text.BspGPIO_GetExti_IRQnID,"ax",%progbits
 499              		.align	1
 500              		.syntax unified
 501              		.thumb
 502              		.thumb_func
 503              		.fpu fpv5-d16
 505              	BspGPIO_GetExti_IRQnID:
ARM GAS  /var/folders/lx/hc4sn_b53233_zkc9xbbl97r0000gp/T//ccIYpThV.s 			page 14


 506              	.LFB146:
  69:Bsp/Bsp_GPIO.c ****     switch ((uint16_t)IO_Obj.pin)
 507              		.loc 1 69 1 is_stmt 1 view -0
 508              		.cfi_startproc
 509              		@ args = 0, pretend = 0, frame = 8
 510              		@ frame_needed = 0, uses_anonymous_args = 0
 511 0000 00B5     		push	{lr}
 512              	.LCFI9:
 513              		.cfi_def_cfa_offset 4
 514              		.cfi_offset 14, -4
 515 0002 83B0     		sub	sp, sp, #12
 516              	.LCFI10:
 517              		.cfi_def_cfa_offset 16
 518 0004 02AB     		add	r3, sp, #8
 519 0006 03E90300 		stmdb	r3, {r0, r1}
  70:Bsp/Bsp_GPIO.c ****     {
 520              		.loc 1 70 5 view .LVU137
  70:Bsp/Bsp_GPIO.c ****     {
 521              		.loc 1 70 29 is_stmt 0 view .LVU138
 522 000a BDF80430 		ldrh	r3, [sp, #4]
  70:Bsp/Bsp_GPIO.c ****     {
 523              		.loc 1 70 5 view .LVU139
 524 000e 202B     		cmp	r3, #32
 525 0010 17D8     		bhi	.L36
 526 0012 1AB2     		sxth	r2, r3
 527 0014 002A     		cmp	r2, #0
 528 0016 45D0     		beq	.L37
 529 0018 013B     		subs	r3, r3, #1
 530 001a 1F2B     		cmp	r3, #31
 531 001c 42D8     		bhi	.L37
 532 001e DFE803F0 		tbb	[pc, r3]
 533              	.L39:
 534 0022 45       		.byte	(.L44-.L39)/2
 535 0023 47       		.byte	(.L48-.L39)/2
 536 0024 41       		.byte	(.L37-.L39)/2
 537 0025 39       		.byte	(.L42-.L39)/2
 538 0026 41       		.byte	(.L37-.L39)/2
 539 0027 41       		.byte	(.L37-.L39)/2
 540 0028 41       		.byte	(.L37-.L39)/2
 541 0029 3B       		.byte	(.L41-.L39)/2
 542 002a 41       		.byte	(.L37-.L39)/2
 543 002b 41       		.byte	(.L37-.L39)/2
 544 002c 41       		.byte	(.L37-.L39)/2
 545 002d 41       		.byte	(.L37-.L39)/2
 546 002e 41       		.byte	(.L37-.L39)/2
 547 002f 41       		.byte	(.L37-.L39)/2
 548 0030 41       		.byte	(.L37-.L39)/2
 549 0031 3D       		.byte	(.L40-.L39)/2
 550 0032 41       		.byte	(.L37-.L39)/2
 551 0033 41       		.byte	(.L37-.L39)/2
 552 0034 41       		.byte	(.L37-.L39)/2
 553 0035 41       		.byte	(.L37-.L39)/2
 554 0036 41       		.byte	(.L37-.L39)/2
 555 0037 41       		.byte	(.L37-.L39)/2
 556 0038 41       		.byte	(.L37-.L39)/2
 557 0039 41       		.byte	(.L37-.L39)/2
 558 003a 41       		.byte	(.L37-.L39)/2
ARM GAS  /var/folders/lx/hc4sn_b53233_zkc9xbbl97r0000gp/T//ccIYpThV.s 			page 15


 559 003b 41       		.byte	(.L37-.L39)/2
 560 003c 41       		.byte	(.L37-.L39)/2
 561 003d 41       		.byte	(.L37-.L39)/2
 562 003e 41       		.byte	(.L37-.L39)/2
 563 003f 41       		.byte	(.L37-.L39)/2
 564 0040 41       		.byte	(.L37-.L39)/2
 565 0041 3F       		.byte	(.L38-.L39)/2
 566              		.p2align 1
 567              	.L36:
 568 0042 B3F5806F 		cmp	r3, #1024
 569 0046 35D0     		beq	.L49
 570 0048 0BD9     		bls	.L60
 571 004a B3F5005F 		cmp	r3, #8192
 572 004e 37D0     		beq	.L54
 573 0050 18D9     		bls	.L61
 574 0052 B3F5804F 		cmp	r3, #16384
 575 0056 37D0     		beq	.L57
 576 0058 B3F5004F 		cmp	r3, #32768
 577 005c 22D1     		bne	.L37
 100:Bsp/Bsp_GPIO.c **** 
 578              		.loc 1 100 16 view .LVU140
 579 005e 2820     		movs	r0, #40
 580 0060 0DE0     		b	.L35
 581              	.L60:
  70:Bsp/Bsp_GPIO.c ****     {
 582              		.loc 1 70 5 view .LVU141
 583 0062 B3F5807F 		cmp	r3, #256
 584 0066 27D0     		beq	.L50
 585 0068 04D9     		bls	.L62
 586 006a B3F5007F 		cmp	r3, #512
 587 006e 19D1     		bne	.L37
  92:Bsp/Bsp_GPIO.c **** 
 588              		.loc 1 92 16 view .LVU142
 589 0070 1720     		movs	r0, #23
 590 0072 04E0     		b	.L35
 591              	.L62:
  70:Bsp/Bsp_GPIO.c ****     {
 592              		.loc 1 70 5 view .LVU143
 593 0074 402B     		cmp	r3, #64
 594 0076 21D0     		beq	.L51
 595 0078 802B     		cmp	r3, #128
 596 007a 13D1     		bne	.L37
  92:Bsp/Bsp_GPIO.c **** 
 597              		.loc 1 92 16 view .LVU144
 598 007c 1720     		movs	r0, #23
 599              	.L35:
 106:Bsp/Bsp_GPIO.c **** 
 600              		.loc 1 106 1 view .LVU145
 601 007e 03B0     		add	sp, sp, #12
 602              	.LCFI11:
 603              		.cfi_remember_state
 604              		.cfi_def_cfa_offset 4
 605              		@ sp needed
 606 0080 5DF804FB 		ldr	pc, [sp], #4
 607              	.L61:
 608              	.LCFI12:
 609              		.cfi_restore_state
ARM GAS  /var/folders/lx/hc4sn_b53233_zkc9xbbl97r0000gp/T//ccIYpThV.s 			page 16


  70:Bsp/Bsp_GPIO.c ****     {
 610              		.loc 1 70 5 view .LVU146
 611 0084 B3F5006F 		cmp	r3, #2048
 612 0088 1CD0     		beq	.L55
 613 008a B3F5805F 		cmp	r3, #4096
 614 008e 09D1     		bne	.L37
 100:Bsp/Bsp_GPIO.c **** 
 615              		.loc 1 100 16 view .LVU147
 616 0090 2820     		movs	r0, #40
 617 0092 F4E7     		b	.L35
 618              	.L42:
  79:Bsp/Bsp_GPIO.c **** 
 619              		.loc 1 79 9 is_stmt 1 view .LVU148
  79:Bsp/Bsp_GPIO.c **** 
 620              		.loc 1 79 16 is_stmt 0 view .LVU149
 621 0094 0820     		movs	r0, #8
 622 0096 F2E7     		b	.L35
 623              	.L41:
  82:Bsp/Bsp_GPIO.c **** 
 624              		.loc 1 82 9 is_stmt 1 view .LVU150
  82:Bsp/Bsp_GPIO.c **** 
 625              		.loc 1 82 16 is_stmt 0 view .LVU151
 626 0098 0920     		movs	r0, #9
 627 009a F0E7     		b	.L35
 628              	.L40:
  85:Bsp/Bsp_GPIO.c **** 
 629              		.loc 1 85 9 is_stmt 1 view .LVU152
  85:Bsp/Bsp_GPIO.c **** 
 630              		.loc 1 85 16 is_stmt 0 view .LVU153
 631 009c 0A20     		movs	r0, #10
 632 009e EEE7     		b	.L35
 633              	.L38:
  92:Bsp/Bsp_GPIO.c **** 
 634              		.loc 1 92 16 view .LVU154
 635 00a0 1720     		movs	r0, #23
 636 00a2 ECE7     		b	.L35
 637              	.L37:
 103:Bsp/Bsp_GPIO.c ****         break;
 638              		.loc 1 103 9 is_stmt 1 view .LVU155
 639 00a4 0120     		movs	r0, #1
 640 00a6 FFF7FEFF 		bl	assert
 641              	.LVL14:
 104:Bsp/Bsp_GPIO.c ****     }
 642              		.loc 1 104 9 view .LVU156
 106:Bsp/Bsp_GPIO.c **** 
 643              		.loc 1 106 1 is_stmt 0 view .LVU157
 644 00aa E8E7     		b	.L35
 645              	.L44:
  70:Bsp/Bsp_GPIO.c ****     {
 646              		.loc 1 70 5 view .LVU158
 647 00ac 0620     		movs	r0, #6
 648 00ae E6E7     		b	.L35
 649              	.L48:
  76:Bsp/Bsp_GPIO.c **** 
 650              		.loc 1 76 16 view .LVU159
 651 00b0 0720     		movs	r0, #7
 652 00b2 E4E7     		b	.L35
ARM GAS  /var/folders/lx/hc4sn_b53233_zkc9xbbl97r0000gp/T//ccIYpThV.s 			page 17


 653              	.L49:
 100:Bsp/Bsp_GPIO.c **** 
 654              		.loc 1 100 16 view .LVU160
 655 00b4 2820     		movs	r0, #40
 656 00b6 E2E7     		b	.L35
 657              	.L50:
  92:Bsp/Bsp_GPIO.c **** 
 658              		.loc 1 92 16 view .LVU161
 659 00b8 1720     		movs	r0, #23
 660 00ba E0E7     		b	.L35
 661              	.L51:
 662 00bc 1720     		movs	r0, #23
 663 00be DEE7     		b	.L35
 664              	.L54:
 100:Bsp/Bsp_GPIO.c **** 
 665              		.loc 1 100 16 view .LVU162
 666 00c0 2820     		movs	r0, #40
 667 00c2 DCE7     		b	.L35
 668              	.L55:
 669 00c4 2820     		movs	r0, #40
 670 00c6 DAE7     		b	.L35
 671              	.L57:
 672 00c8 2820     		movs	r0, #40
 673 00ca D8E7     		b	.L35
 674              		.cfi_endproc
 675              	.LFE146:
 677              		.section	.text.BspGPIO_ExtiInit,"ax",%progbits
 678              		.align	1
 679              		.syntax unified
 680              		.thumb
 681              		.thumb_func
 682              		.fpu fpv5-d16
 684              	BspGPIO_ExtiInit:
 685              	.LVL15:
 686              	.LFB147:
 109:Bsp/Bsp_GPIO.c ****     GPIO_InitTypeDef cfg_structure;
 687              		.loc 1 109 1 is_stmt 1 view -0
 688              		.cfi_startproc
 689              		@ args = 0, pretend = 0, frame = 32
 690              		@ frame_needed = 0, uses_anonymous_args = 0
 109:Bsp/Bsp_GPIO.c ****     GPIO_InitTypeDef cfg_structure;
 691              		.loc 1 109 1 is_stmt 0 view .LVU164
 692 0000 2DE9F041 		push	{r4, r5, r6, r7, r8, lr}
 693              	.LCFI13:
 694              		.cfi_def_cfa_offset 24
 695              		.cfi_offset 4, -24
 696              		.cfi_offset 5, -20
 697              		.cfi_offset 6, -16
 698              		.cfi_offset 7, -12
 699              		.cfi_offset 8, -8
 700              		.cfi_offset 14, -4
 701 0004 88B0     		sub	sp, sp, #32
 702              	.LCFI14:
 703              		.cfi_def_cfa_offset 56
 704 0006 6B46     		mov	r3, sp
 705 0008 83E80300 		stm	r3, {r0, r1}
 110:Bsp/Bsp_GPIO.c **** 
ARM GAS  /var/folders/lx/hc4sn_b53233_zkc9xbbl97r0000gp/T//ccIYpThV.s 			page 18


 706              		.loc 1 110 5 is_stmt 1 view .LVU165
 112:Bsp/Bsp_GPIO.c ****         return false;
 707              		.loc 1 112 5 view .LVU166
 112:Bsp/Bsp_GPIO.c ****         return false;
 708              		.loc 1 112 8 is_stmt 0 view .LVU167
 709 000c 90B3     		cbz	r0, .L65
 710 000e 1546     		mov	r5, r2
 711 0010 0446     		mov	r4, r0
 115:Bsp/Bsp_GPIO.c **** 
 712              		.loc 1 115 5 is_stmt 1 view .LVU168
 713 0012 FFF7FEFF 		bl	BspGPIO_CLK_Enable
 714              	.LVL16:
 117:Bsp/Bsp_GPIO.c ****     cfg_structure.Mode = GPIO_MODE_IT_FALLING;
 715              		.loc 1 117 5 view .LVU169
 117:Bsp/Bsp_GPIO.c ****     cfg_structure.Mode = GPIO_MODE_IT_FALLING;
 716              		.loc 1 117 31 is_stmt 0 view .LVU170
 717 0016 BDF80460 		ldrh	r6, [sp, #4]
 117:Bsp/Bsp_GPIO.c ****     cfg_structure.Mode = GPIO_MODE_IT_FALLING;
 718              		.loc 1 117 23 view .LVU171
 719 001a 0396     		str	r6, [sp, #12]
 118:Bsp/Bsp_GPIO.c ****     cfg_structure.Pull = GPIO_NOPULL;
 720              		.loc 1 118 5 is_stmt 1 view .LVU172
 118:Bsp/Bsp_GPIO.c ****     cfg_structure.Pull = GPIO_NOPULL;
 721              		.loc 1 118 24 is_stmt 0 view .LVU173
 722 001c 4FF40413 		mov	r3, #2162688
 723 0020 0493     		str	r3, [sp, #16]
 119:Bsp/Bsp_GPIO.c ****     cfg_structure.Speed = GPIO_SPEED_FREQ_VERY_HIGH;
 724              		.loc 1 119 5 is_stmt 1 view .LVU174
 119:Bsp/Bsp_GPIO.c ****     cfg_structure.Speed = GPIO_SPEED_FREQ_VERY_HIGH;
 725              		.loc 1 119 24 is_stmt 0 view .LVU175
 726 0022 4FF00008 		mov	r8, #0
 727 0026 CDF81480 		str	r8, [sp, #20]
 120:Bsp/Bsp_GPIO.c **** 
 728              		.loc 1 120 5 is_stmt 1 view .LVU176
 120:Bsp/Bsp_GPIO.c **** 
 729              		.loc 1 120 25 is_stmt 0 view .LVU177
 730 002a 0327     		movs	r7, #3
 731 002c 0697     		str	r7, [sp, #24]
 122:Bsp/Bsp_GPIO.c ****     HAL_GPIO_Init(IO_Obj.port, &cfg_structure);
 732              		.loc 1 122 5 is_stmt 1 view .LVU178
 733 002e 9DF80620 		ldrb	r2, [sp, #6]	@ zero_extendqisi2
 734 0032 3146     		mov	r1, r6
 735 0034 2046     		mov	r0, r4
 736 0036 FFF7FEFF 		bl	HAL_GPIO_WritePin
 737              	.LVL17:
 123:Bsp/Bsp_GPIO.c **** 
 738              		.loc 1 123 5 view .LVU179
 739 003a 03A9     		add	r1, sp, #12
 740 003c 2046     		mov	r0, r4
 741 003e FFF7FEFF 		bl	HAL_GPIO_Init
 742              	.LVL18:
 126:Bsp/Bsp_GPIO.c **** 
 743              		.loc 1 126 5 view .LVU180
 126:Bsp/Bsp_GPIO.c **** 
 744              		.loc 1 126 24 is_stmt 0 view .LVU181
 745 0042 3046     		mov	r0, r6
 746 0044 FFF7FEFF 		bl	BspGPIO_GetEXTI_Index
ARM GAS  /var/folders/lx/hc4sn_b53233_zkc9xbbl97r0000gp/T//ccIYpThV.s 			page 19


 747              	.LVL19:
 126:Bsp/Bsp_GPIO.c **** 
 748              		.loc 1 126 59 view .LVU182
 749 0048 0B4B     		ldr	r3, .L67
 750 004a 43F82050 		str	r5, [r3, r0, lsl #2]
 128:Bsp/Bsp_GPIO.c ****     HAL_NVIC_EnableIRQ(BspGPIO_GetExti_IRQnID(IO_Obj));
 751              		.loc 1 128 5 is_stmt 1 view .LVU183
 752 004e 6C46     		mov	r4, sp
 753 0050 94E80300 		ldm	r4, {r0, r1}
 754 0054 FFF7FEFF 		bl	BspGPIO_GetExti_IRQnID
 755              	.LVL20:
 756 0058 4246     		mov	r2, r8
 757 005a 3946     		mov	r1, r7
 758 005c FFF7FEFF 		bl	HAL_NVIC_SetPriority
 759              	.LVL21:
 129:Bsp/Bsp_GPIO.c **** 
 760              		.loc 1 129 5 view .LVU184
 761 0060 94E80300 		ldm	r4, {r0, r1}
 762 0064 FFF7FEFF 		bl	BspGPIO_GetExti_IRQnID
 763              	.LVL22:
 764 0068 FFF7FEFF 		bl	HAL_NVIC_EnableIRQ
 765              	.LVL23:
 131:Bsp/Bsp_GPIO.c **** }
 766              		.loc 1 131 5 view .LVU185
 131:Bsp/Bsp_GPIO.c **** }
 767              		.loc 1 131 12 is_stmt 0 view .LVU186
 768 006c 0120     		movs	r0, #1
 769              	.LVL24:
 770              	.L64:
 132:Bsp/Bsp_GPIO.c **** 
 771              		.loc 1 132 1 view .LVU187
 772 006e 08B0     		add	sp, sp, #32
 773              	.LCFI15:
 774              		.cfi_remember_state
 775              		.cfi_def_cfa_offset 24
 776              		@ sp needed
 777 0070 BDE8F081 		pop	{r4, r5, r6, r7, r8, pc}
 778              	.LVL25:
 779              	.L65:
 780              	.LCFI16:
 781              		.cfi_restore_state
 113:Bsp/Bsp_GPIO.c **** 
 782              		.loc 1 113 16 view .LVU188
 783 0074 0020     		movs	r0, #0
 784 0076 FAE7     		b	.L64
 785              	.L68:
 786              		.align	2
 787              	.L67:
 788 0078 00000000 		.word	.LANCHOR0
 789              		.cfi_endproc
 790              	.LFE147:
 792              		.section	.text.HAL_GPIO_EXTI_Callback,"ax",%progbits
 793              		.align	1
 794              		.global	HAL_GPIO_EXTI_Callback
 795              		.syntax unified
 796              		.thumb
 797              		.thumb_func
ARM GAS  /var/folders/lx/hc4sn_b53233_zkc9xbbl97r0000gp/T//ccIYpThV.s 			page 20


 798              		.fpu fpv5-d16
 800              	HAL_GPIO_EXTI_Callback:
 801              	.LVL26:
 802              	.LFB151:
 163:Bsp/Bsp_GPIO.c **** 
 164:Bsp/Bsp_GPIO.c **** void HAL_GPIO_EXTI_Callback(uint16_t GPIO_Pin)
 165:Bsp/Bsp_GPIO.c **** {
 803              		.loc 1 165 1 is_stmt 1 view -0
 804              		.cfi_startproc
 805              		@ args = 0, pretend = 0, frame = 0
 806              		@ frame_needed = 0, uses_anonymous_args = 0
 807              		.loc 1 165 1 is_stmt 0 view .LVU190
 808 0000 08B5     		push	{r3, lr}
 809              	.LCFI17:
 810              		.cfi_def_cfa_offset 8
 811              		.cfi_offset 3, -8
 812              		.cfi_offset 14, -4
 166:Bsp/Bsp_GPIO.c ****     if ((BspGPIO_GetEXTI_Index(GPIO_Pin) >= 0) && (EXTI_CallBack_List[BspGPIO_GetEXTI_Index(GPIO_Pi
 813              		.loc 1 166 5 is_stmt 1 view .LVU191
 814              		.loc 1 166 71 is_stmt 0 view .LVU192
 815 0002 FFF7FEFF 		bl	BspGPIO_GetEXTI_Index
 816              	.LVL27:
 817              		.loc 1 166 70 view .LVU193
 818 0006 034B     		ldr	r3, .L72
 819 0008 53F82030 		ldr	r3, [r3, r0, lsl #2]
 820              		.loc 1 166 48 view .LVU194
 821 000c 03B1     		cbz	r3, .L69
 167:Bsp/Bsp_GPIO.c ****         EXTI_CallBack_List[BspGPIO_GetEXTI_Index(GPIO_Pin)]();
 822              		.loc 1 167 9 is_stmt 1 view .LVU195
 823 000e 9847     		blx	r3
 824              	.LVL28:
 825              	.L69:
 168:Bsp/Bsp_GPIO.c **** }
 826              		.loc 1 168 1 is_stmt 0 view .LVU196
 827 0010 08BD     		pop	{r3, pc}
 828              	.L73:
 829 0012 00BF     		.align	2
 830              	.L72:
 831 0014 00000000 		.word	.LANCHOR0
 832              		.cfi_endproc
 833              	.LFE151:
 835              		.global	BspGPIO
 836              		.section	.bss.EXTI_CallBack_List,"aw",%nobits
 837              		.align	2
 838              		.set	.LANCHOR0,. + 0
 841              	EXTI_CallBack_List:
 842 0000 00000000 		.space	64
 842      00000000 
 842      00000000 
 842      00000000 
 842      00000000 
 843              		.section	.data.BspGPIO,"aw"
 844              		.align	2
 847              	BspGPIO:
 848 0000 00000000 		.word	BspGPIO_ExtiInit
 849 0004 00000000 		.word	BspGPIO_Output_Init
 850 0008 00000000 		.word	BspGPIO_Read
ARM GAS  /var/folders/lx/hc4sn_b53233_zkc9xbbl97r0000gp/T//ccIYpThV.s 			page 21


 851 000c 00000000 		.word	BspGPIO_Write
 852              		.text
 853              	.Letext0:
 854              		.file 2 "/usr/local/arm-none-eabi-gcc/gcc-arm-none-eabi-10-2020-q4-major/arm-none-eabi/include/mac
 855              		.file 3 "/usr/local/arm-none-eabi-gcc/gcc-arm-none-eabi-10-2020-q4-major/arm-none-eabi/include/sys
 856              		.file 4 "HAL_Lib/CMSIS/Device/ST/STM32H7xx/Include/stm32h743xx.h"
 857              		.file 5 "HAL_Lib/STM32H7xx_HAL_Driver/Inc/stm32h7xx_hal_gpio.h"
 858              		.file 6 "Bsp/Bsp_GPIO.h"
 859              		.file 7 "HAL_Lib/STM32H7xx_HAL_Driver/Inc/stm32h7xx_hal_cortex.h"
 860              		.file 8 "debug/debug_util.h"
ARM GAS  /var/folders/lx/hc4sn_b53233_zkc9xbbl97r0000gp/T//ccIYpThV.s 			page 22


DEFINED SYMBOLS
                            *ABS*:0000000000000000 Bsp_GPIO.c
/var/folders/lx/hc4sn_b53233_zkc9xbbl97r0000gp/T//ccIYpThV.s:17     .text.BspGPIO_GetEXTI_Index:0000000000000000 $t
/var/folders/lx/hc4sn_b53233_zkc9xbbl97r0000gp/T//ccIYpThV.s:24     .text.BspGPIO_GetEXTI_Index:0000000000000000 BspGPIO_GetEXTI_Index
/var/folders/lx/hc4sn_b53233_zkc9xbbl97r0000gp/T//ccIYpThV.s:63     .text.BspGPIO_CLK_Enable:0000000000000000 $t
/var/folders/lx/hc4sn_b53233_zkc9xbbl97r0000gp/T//ccIYpThV.s:69     .text.BspGPIO_CLK_Enable:0000000000000000 BspGPIO_CLK_Enable
/var/folders/lx/hc4sn_b53233_zkc9xbbl97r0000gp/T//ccIYpThV.s:346    .text.BspGPIO_CLK_Enable:0000000000000198 $d
/var/folders/lx/hc4sn_b53233_zkc9xbbl97r0000gp/T//ccIYpThV.s:361    .text.BspGPIO_Write:0000000000000000 $t
/var/folders/lx/hc4sn_b53233_zkc9xbbl97r0000gp/T//ccIYpThV.s:367    .text.BspGPIO_Write:0000000000000000 BspGPIO_Write
/var/folders/lx/hc4sn_b53233_zkc9xbbl97r0000gp/T//ccIYpThV.s:389    .text.BspGPIO_Read:0000000000000000 $t
/var/folders/lx/hc4sn_b53233_zkc9xbbl97r0000gp/T//ccIYpThV.s:395    .text.BspGPIO_Read:0000000000000000 BspGPIO_Read
/var/folders/lx/hc4sn_b53233_zkc9xbbl97r0000gp/T//ccIYpThV.s:421    .text.BspGPIO_Output_Init:0000000000000000 $t
/var/folders/lx/hc4sn_b53233_zkc9xbbl97r0000gp/T//ccIYpThV.s:427    .text.BspGPIO_Output_Init:0000000000000000 BspGPIO_Output_Init
/var/folders/lx/hc4sn_b53233_zkc9xbbl97r0000gp/T//ccIYpThV.s:499    .text.BspGPIO_GetExti_IRQnID:0000000000000000 $t
/var/folders/lx/hc4sn_b53233_zkc9xbbl97r0000gp/T//ccIYpThV.s:505    .text.BspGPIO_GetExti_IRQnID:0000000000000000 BspGPIO_GetExti_IRQnID
/var/folders/lx/hc4sn_b53233_zkc9xbbl97r0000gp/T//ccIYpThV.s:534    .text.BspGPIO_GetExti_IRQnID:0000000000000022 $d
/var/folders/lx/hc4sn_b53233_zkc9xbbl97r0000gp/T//ccIYpThV.s:566    .text.BspGPIO_GetExti_IRQnID:0000000000000042 $t
/var/folders/lx/hc4sn_b53233_zkc9xbbl97r0000gp/T//ccIYpThV.s:678    .text.BspGPIO_ExtiInit:0000000000000000 $t
/var/folders/lx/hc4sn_b53233_zkc9xbbl97r0000gp/T//ccIYpThV.s:684    .text.BspGPIO_ExtiInit:0000000000000000 BspGPIO_ExtiInit
/var/folders/lx/hc4sn_b53233_zkc9xbbl97r0000gp/T//ccIYpThV.s:788    .text.BspGPIO_ExtiInit:0000000000000078 $d
/var/folders/lx/hc4sn_b53233_zkc9xbbl97r0000gp/T//ccIYpThV.s:793    .text.HAL_GPIO_EXTI_Callback:0000000000000000 $t
/var/folders/lx/hc4sn_b53233_zkc9xbbl97r0000gp/T//ccIYpThV.s:800    .text.HAL_GPIO_EXTI_Callback:0000000000000000 HAL_GPIO_EXTI_Callback
/var/folders/lx/hc4sn_b53233_zkc9xbbl97r0000gp/T//ccIYpThV.s:831    .text.HAL_GPIO_EXTI_Callback:0000000000000014 $d
/var/folders/lx/hc4sn_b53233_zkc9xbbl97r0000gp/T//ccIYpThV.s:847    .data.BspGPIO:0000000000000000 BspGPIO
/var/folders/lx/hc4sn_b53233_zkc9xbbl97r0000gp/T//ccIYpThV.s:837    .bss.EXTI_CallBack_List:0000000000000000 $d
/var/folders/lx/hc4sn_b53233_zkc9xbbl97r0000gp/T//ccIYpThV.s:841    .bss.EXTI_CallBack_List:0000000000000000 EXTI_CallBack_List
/var/folders/lx/hc4sn_b53233_zkc9xbbl97r0000gp/T//ccIYpThV.s:844    .data.BspGPIO:0000000000000000 $d

UNDEFINED SYMBOLS
HAL_GPIO_WritePin
HAL_GPIO_ReadPin
HAL_GPIO_Init
assert
HAL_NVIC_SetPriority
HAL_NVIC_EnableIRQ
