ARM GAS  C:\Users\HUAV\AppData\Local\Temp\cclyfZPf.s 			page 1


   1              		.cpu cortex-m7
   2              		.eabi_attribute 28, 1
   3              		.eabi_attribute 20, 1
   4              		.eabi_attribute 21, 1
   5              		.eabi_attribute 23, 3
   6              		.eabi_attribute 24, 1
   7              		.eabi_attribute 25, 1
   8              		.eabi_attribute 26, 1
   9              		.eabi_attribute 30, 1
  10              		.eabi_attribute 34, 1
  11              		.eabi_attribute 18, 4
  12              		.file	"Bsp_Timer.c"
  13              		.text
  14              	.Ltext0:
  15              		.cfi_sections	.debug_frame
  16              		.section	.text.BspTimer_Get_DMA_Request,"ax",%progbits
  17              		.align	1
  18              		.arch armv7e-m
  19              		.syntax unified
  20              		.thumb
  21              		.thumb_func
  22              		.fpu fpv5-d16
  24              	BspTimer_Get_DMA_Request:
  25              	.LVL0:
  26              	.LFB145:
  27              		.file 1 "Bsp/Bsp_Timer.c"
   1:Bsp/Bsp_Timer.c **** #include "Bsp_Timer.h"
   2:Bsp/Bsp_Timer.c **** 
   3:Bsp/Bsp_Timer.c **** typedef struct
   4:Bsp/Bsp_Timer.c **** {
   5:Bsp/Bsp_Timer.c ****     TIM_TypeDef *list[32];
   6:Bsp/Bsp_Timer.c ****     uint8_t init_cnt;
   7:Bsp/Bsp_Timer.c ****     bool monitor_init;
   8:Bsp/Bsp_Timer.c **** } BspTIM_PWMInitMonitor_TypeDef;
   9:Bsp/Bsp_Timer.c **** 
  10:Bsp/Bsp_Timer.c **** BspTIM_PWMInitMonitor_TypeDef monitor = {
  11:Bsp/Bsp_Timer.c ****     .monitor_init = false,
  12:Bsp/Bsp_Timer.c **** };
  13:Bsp/Bsp_Timer.c **** 
  14:Bsp/Bsp_Timer.c **** /* internal function */
  15:Bsp/Bsp_Timer.c **** static void BspTimer_DMA_Callback(DMA_HandleTypeDef *hdma);
  16:Bsp/Bsp_Timer.c **** 
  17:Bsp/Bsp_Timer.c **** /* external function */
  18:Bsp/Bsp_Timer.c **** static bool BspTimer_PWM_Init(BspTimerPWMObj_TypeDef *obj,
  19:Bsp/Bsp_Timer.c ****                               TIM_TypeDef *instance,
  20:Bsp/Bsp_Timer.c ****                               uint32_t ch,
  21:Bsp/Bsp_Timer.c ****                               BspGPIO_Obj_TypeDef pin,
  22:Bsp/Bsp_Timer.c ****                               uint8_t dma,
  23:Bsp/Bsp_Timer.c ****                               uint8_t stream,
  24:Bsp/Bsp_Timer.c ****                               uint32_t buf_aadr,
  25:Bsp/Bsp_Timer.c ****                               uint32_t buf_size);
  26:Bsp/Bsp_Timer.c **** static void BspTimer_SetPreScale(BspTimerPWMObj_TypeDef *obj, uint32_t prescale);
  27:Bsp/Bsp_Timer.c **** static void BspTimer_SetAutoReload(BspTimerPWMObj_TypeDef *obj, uint32_t auto_reload);
  28:Bsp/Bsp_Timer.c **** static void BspTimer_PWM_Start(BspTimerPWMObj_TypeDef *obj);
  29:Bsp/Bsp_Timer.c **** static void BspTimer_DMA_Start(BspTimerPWMObj_TypeDef *obj);
  30:Bsp/Bsp_Timer.c **** 
  31:Bsp/Bsp_Timer.c **** BspTimerPWM_TypeDef BspTimer_PWM = {
ARM GAS  C:\Users\HUAV\AppData\Local\Temp\cclyfZPf.s 			page 2


  32:Bsp/Bsp_Timer.c ****     .init = BspTimer_PWM_Init,
  33:Bsp/Bsp_Timer.c ****     .set_prescaler = BspTimer_SetPreScale,
  34:Bsp/Bsp_Timer.c ****     .set_autoreload = BspTimer_SetAutoReload,
  35:Bsp/Bsp_Timer.c ****     .start_pwm = BspTimer_PWM_Start,
  36:Bsp/Bsp_Timer.c ****     .dma_trans = BspTimer_DMA_Start,
  37:Bsp/Bsp_Timer.c **** };
  38:Bsp/Bsp_Timer.c **** 
  39:Bsp/Bsp_Timer.c **** static bool BspTimer_PWM_InitMonit(TIM_TypeDef *tim)
  40:Bsp/Bsp_Timer.c **** {
  41:Bsp/Bsp_Timer.c ****     if (!monitor.monitor_init)
  42:Bsp/Bsp_Timer.c ****     {
  43:Bsp/Bsp_Timer.c ****         monitor.init_cnt = 0;
  44:Bsp/Bsp_Timer.c ****         memset(monitor.list, NULL, sizeof(monitor.list) / sizeof(monitor.list[0]));
  45:Bsp/Bsp_Timer.c ****         monitor.monitor_init = true;
  46:Bsp/Bsp_Timer.c ****     }
  47:Bsp/Bsp_Timer.c **** 
  48:Bsp/Bsp_Timer.c ****     if (monitor.init_cnt)
  49:Bsp/Bsp_Timer.c ****     {
  50:Bsp/Bsp_Timer.c ****         for (uint8_t i = 0; i < monitor.init_cnt; i++)
  51:Bsp/Bsp_Timer.c ****         {
  52:Bsp/Bsp_Timer.c ****             if (tim == monitor.list[i])
  53:Bsp/Bsp_Timer.c ****                 return false;
  54:Bsp/Bsp_Timer.c ****         }
  55:Bsp/Bsp_Timer.c ****     }
  56:Bsp/Bsp_Timer.c **** 
  57:Bsp/Bsp_Timer.c ****     if (monitor.init_cnt < sizeof(monitor.list) / sizeof(monitor.list[0]))
  58:Bsp/Bsp_Timer.c ****     {
  59:Bsp/Bsp_Timer.c ****         if (tim == TIM1)
  60:Bsp/Bsp_Timer.c ****         {
  61:Bsp/Bsp_Timer.c ****             __HAL_RCC_TIM1_CLK_ENABLE();
  62:Bsp/Bsp_Timer.c ****         }
  63:Bsp/Bsp_Timer.c ****         else if (tim == TIM2)
  64:Bsp/Bsp_Timer.c ****         {
  65:Bsp/Bsp_Timer.c ****             __HAL_RCC_TIM2_CLK_ENABLE();
  66:Bsp/Bsp_Timer.c ****         }
  67:Bsp/Bsp_Timer.c ****         else if (tim == TIM3)
  68:Bsp/Bsp_Timer.c ****         {
  69:Bsp/Bsp_Timer.c ****             __HAL_RCC_TIM3_CLK_ENABLE();
  70:Bsp/Bsp_Timer.c ****         }
  71:Bsp/Bsp_Timer.c ****         else if (tim == TIM4)
  72:Bsp/Bsp_Timer.c ****         {
  73:Bsp/Bsp_Timer.c ****             __HAL_RCC_TIM4_CLK_ENABLE();
  74:Bsp/Bsp_Timer.c ****         }
  75:Bsp/Bsp_Timer.c ****         else if (tim == TIM5)
  76:Bsp/Bsp_Timer.c ****         {
  77:Bsp/Bsp_Timer.c ****             __HAL_RCC_TIM5_CLK_ENABLE();
  78:Bsp/Bsp_Timer.c ****         }
  79:Bsp/Bsp_Timer.c ****         else if (tim == TIM6)
  80:Bsp/Bsp_Timer.c ****         {
  81:Bsp/Bsp_Timer.c ****             __HAL_RCC_TIM6_CLK_ENABLE();
  82:Bsp/Bsp_Timer.c ****         }
  83:Bsp/Bsp_Timer.c ****         else
  84:Bsp/Bsp_Timer.c ****             return false;
  85:Bsp/Bsp_Timer.c **** 
  86:Bsp/Bsp_Timer.c ****         monitor.list[monitor.init_cnt] = tim;
  87:Bsp/Bsp_Timer.c ****         monitor.init_cnt++;
  88:Bsp/Bsp_Timer.c ****     }
ARM GAS  C:\Users\HUAV\AppData\Local\Temp\cclyfZPf.s 			page 3


  89:Bsp/Bsp_Timer.c **** 
  90:Bsp/Bsp_Timer.c ****     return true;
  91:Bsp/Bsp_Timer.c **** }
  92:Bsp/Bsp_Timer.c **** 
  93:Bsp/Bsp_Timer.c **** static uint32_t BspTimer_Get_DMA_Request(TIM_TypeDef *instance, uint32_t ch)
  94:Bsp/Bsp_Timer.c **** {
  28              		.loc 1 94 1 view -0
  29              		.cfi_startproc
  30              		@ args = 0, pretend = 0, frame = 0
  31              		@ frame_needed = 0, uses_anonymous_args = 0
  32              		@ link register save eliminated.
  95:Bsp/Bsp_Timer.c ****     switch ((uint32_t)instance)
  33              		.loc 1 95 5 view .LVU1
  34 0000 2F4B     		ldr	r3, .L32
  35 0002 9842     		cmp	r0, r3
  36 0004 22D0     		beq	.L2
  37 0006 11D8     		bhi	.L3
  38 0008 A3F50063 		sub	r3, r3, #2048
  39 000c 9842     		cmp	r0, r3
  40 000e 30D0     		beq	.L4
  41 0010 03F58063 		add	r3, r3, #1024
  42 0014 9842     		cmp	r0, r3
  43 0016 07D1     		bne	.L29
  96:Bsp/Bsp_Timer.c ****     {
  97:Bsp/Bsp_Timer.c ****     case (uint32_t)TIM5:
  98:Bsp/Bsp_Timer.c ****         switch (ch)
  99:Bsp/Bsp_Timer.c ****         {
 100:Bsp/Bsp_Timer.c ****         case TIM_CHANNEL_1:
 101:Bsp/Bsp_Timer.c ****             return DMA_REQUEST_TIM5_CH1;
 102:Bsp/Bsp_Timer.c ****         case TIM_CHANNEL_2:
 103:Bsp/Bsp_Timer.c ****             return DMA_REQUEST_TIM5_CH2;
 104:Bsp/Bsp_Timer.c ****         case TIM_CHANNEL_3:
 105:Bsp/Bsp_Timer.c ****             return DMA_REQUEST_TIM5_CH3;
 106:Bsp/Bsp_Timer.c ****         case TIM_CHANNEL_4:
 107:Bsp/Bsp_Timer.c ****             return DMA_REQUEST_TIM5_CH4;
 108:Bsp/Bsp_Timer.c ****         default:
 109:Bsp/Bsp_Timer.c ****             return 0;
 110:Bsp/Bsp_Timer.c ****         }
 111:Bsp/Bsp_Timer.c ****         break;
 112:Bsp/Bsp_Timer.c **** 
 113:Bsp/Bsp_Timer.c ****     case (uint32_t)TIM3:
 114:Bsp/Bsp_Timer.c ****         switch (ch)
 115:Bsp/Bsp_Timer.c ****         {
 116:Bsp/Bsp_Timer.c ****         case TIM_CHANNEL_1:
 117:Bsp/Bsp_Timer.c ****             return DMA_REQUEST_TIM3_CH1;
 118:Bsp/Bsp_Timer.c ****         case TIM_CHANNEL_2:
 119:Bsp/Bsp_Timer.c ****             return DMA_REQUEST_TIM3_CH2;
 120:Bsp/Bsp_Timer.c ****         case TIM_CHANNEL_3:
 121:Bsp/Bsp_Timer.c ****             return DMA_REQUEST_TIM3_CH3;
 122:Bsp/Bsp_Timer.c ****         case TIM_CHANNEL_4:
 123:Bsp/Bsp_Timer.c ****             return DMA_REQUEST_TIM3_CH4;
 124:Bsp/Bsp_Timer.c ****         default:
 125:Bsp/Bsp_Timer.c ****             return 0;
 126:Bsp/Bsp_Timer.c ****         }
 127:Bsp/Bsp_Timer.c ****         break;
  44              		.loc 1 127 9 view .LVU2
 128:Bsp/Bsp_Timer.c **** 
ARM GAS  C:\Users\HUAV\AppData\Local\Temp\cclyfZPf.s 			page 4


 129:Bsp/Bsp_Timer.c ****     case (uint32_t)TIM4:
 130:Bsp/Bsp_Timer.c ****         switch (ch)
  45              		.loc 1 130 9 view .LVU3
  46 0018 0429     		cmp	r1, #4
  47 001a 4BD0     		beq	.L25
  48 001c 0829     		cmp	r1, #8
  49 001e 4BD0     		beq	.L26
  50 0020 0029     		cmp	r1, #0
  51 0022 39D0     		beq	.L30
 131:Bsp/Bsp_Timer.c ****         {
 132:Bsp/Bsp_Timer.c ****         case TIM_CHANNEL_1:
 133:Bsp/Bsp_Timer.c ****             return DMA_REQUEST_TIM4_CH1;
 134:Bsp/Bsp_Timer.c ****         case TIM_CHANNEL_2:
 135:Bsp/Bsp_Timer.c ****             return DMA_REQUEST_TIM4_CH2;
 136:Bsp/Bsp_Timer.c ****         case TIM_CHANNEL_3:
 137:Bsp/Bsp_Timer.c ****             return DMA_REQUEST_TIM4_CH3;
 138:Bsp/Bsp_Timer.c ****         default:
 139:Bsp/Bsp_Timer.c ****             return 0;
  52              		.loc 1 139 20 is_stmt 0 view .LVU4
  53 0024 0020     		movs	r0, #0
  54              	.LVL1:
  55              		.loc 1 139 20 view .LVU5
  56 0026 7047     		bx	lr
  57              	.LVL2:
  58              	.L29:
  95:Bsp/Bsp_Timer.c ****     {
  59              		.loc 1 95 5 view .LVU6
  60 0028 0020     		movs	r0, #0
  61              	.LVL3:
  95:Bsp/Bsp_Timer.c ****     {
  62              		.loc 1 95 5 view .LVU7
  63 002a 7047     		bx	lr
  64              	.LVL4:
  65              	.L3:
  95:Bsp/Bsp_Timer.c ****     {
  66              		.loc 1 95 5 view .LVU8
  67 002c 254B     		ldr	r3, .L32+4
  68 002e 9842     		cmp	r0, r3
  69 0030 0AD1     		bne	.L31
 140:Bsp/Bsp_Timer.c ****         }
 141:Bsp/Bsp_Timer.c ****         break;
  70              		.loc 1 141 9 is_stmt 1 view .LVU9
 142:Bsp/Bsp_Timer.c **** 
 143:Bsp/Bsp_Timer.c ****     case (uint32_t)TIM15:
 144:Bsp/Bsp_Timer.c ****         switch (ch)
  71              		.loc 1 144 9 view .LVU10
  72 0032 0C29     		cmp	r1, #12
  73 0034 38D8     		bhi	.L18
  74 0036 DFE801F0 		tbb	[pc, r1]
  75              	.L20:
  76 003a 31       		.byte	(.L22-.L20)/2
  77 003b 37       		.byte	(.L18-.L20)/2
  78 003c 37       		.byte	(.L18-.L20)/2
  79 003d 37       		.byte	(.L18-.L20)/2
  80 003e 41       		.byte	(.L28-.L20)/2
  81 003f 37       		.byte	(.L18-.L20)/2
  82 0040 37       		.byte	(.L18-.L20)/2
ARM GAS  C:\Users\HUAV\AppData\Local\Temp\cclyfZPf.s 			page 5


  83 0041 37       		.byte	(.L18-.L20)/2
  84 0042 33       		.byte	(.L21-.L20)/2
  85 0043 37       		.byte	(.L18-.L20)/2
  86 0044 37       		.byte	(.L18-.L20)/2
  87 0045 37       		.byte	(.L18-.L20)/2
  88 0046 35       		.byte	(.L19-.L20)/2
  89 0047 00       		.p2align 1
  90              	.L31:
  95:Bsp/Bsp_Timer.c ****     {
  91              		.loc 1 95 5 is_stmt 0 view .LVU11
  92 0048 0020     		movs	r0, #0
  93              	.LVL5:
  95:Bsp/Bsp_Timer.c ****     {
  94              		.loc 1 95 5 view .LVU12
  95 004a 7047     		bx	lr
  96              	.LVL6:
  97              	.L2:
  98:Bsp/Bsp_Timer.c ****         {
  98              		.loc 1 98 9 is_stmt 1 view .LVU13
  99 004c 0C29     		cmp	r1, #12
 100 004e 0ED8     		bhi	.L8
 101 0050 DFE801F0 		tbb	[pc, r1]
 102              	.L10:
 103 0054 07       		.byte	(.L12-.L10)/2
 104 0055 0D       		.byte	(.L8-.L10)/2
 105 0056 0D       		.byte	(.L8-.L10)/2
 106 0057 0D       		.byte	(.L8-.L10)/2
 107 0058 2C       		.byte	(.L23-.L10)/2
 108 0059 0D       		.byte	(.L8-.L10)/2
 109 005a 0D       		.byte	(.L8-.L10)/2
 110 005b 0D       		.byte	(.L8-.L10)/2
 111 005c 09       		.byte	(.L11-.L10)/2
 112 005d 0D       		.byte	(.L8-.L10)/2
 113 005e 0D       		.byte	(.L8-.L10)/2
 114 005f 0D       		.byte	(.L8-.L10)/2
 115 0060 0B       		.byte	(.L9-.L10)/2
 116 0061 00       		.p2align 1
 117              	.L12:
  95:Bsp/Bsp_Timer.c ****     {
 118              		.loc 1 95 5 is_stmt 0 view .LVU14
 119 0062 3720     		movs	r0, #55
 120              	.LVL7:
  95:Bsp/Bsp_Timer.c ****     {
 121              		.loc 1 95 5 view .LVU15
 122 0064 7047     		bx	lr
 123              	.LVL8:
 124              	.L11:
 105:Bsp/Bsp_Timer.c ****         case TIM_CHANNEL_4:
 125              		.loc 1 105 13 is_stmt 1 view .LVU16
 105:Bsp/Bsp_Timer.c ****         case TIM_CHANNEL_4:
 126              		.loc 1 105 20 is_stmt 0 view .LVU17
 127 0066 3920     		movs	r0, #57
 128              	.LVL9:
 105:Bsp/Bsp_Timer.c ****         case TIM_CHANNEL_4:
 129              		.loc 1 105 20 view .LVU18
 130 0068 7047     		bx	lr
 131              	.LVL10:
ARM GAS  C:\Users\HUAV\AppData\Local\Temp\cclyfZPf.s 			page 6


 132              	.L9:
 107:Bsp/Bsp_Timer.c ****         default:
 133              		.loc 1 107 13 is_stmt 1 view .LVU19
 107:Bsp/Bsp_Timer.c ****         default:
 134              		.loc 1 107 20 is_stmt 0 view .LVU20
 135 006a 3A20     		movs	r0, #58
 136              	.LVL11:
 107:Bsp/Bsp_Timer.c ****         default:
 137              		.loc 1 107 20 view .LVU21
 138 006c 7047     		bx	lr
 139              	.LVL12:
 140              	.L8:
 109:Bsp/Bsp_Timer.c ****         }
 141              		.loc 1 109 13 is_stmt 1 view .LVU22
 109:Bsp/Bsp_Timer.c ****         }
 142              		.loc 1 109 20 is_stmt 0 view .LVU23
 143 006e 0020     		movs	r0, #0
 144              	.LVL13:
 109:Bsp/Bsp_Timer.c ****         }
 145              		.loc 1 109 20 view .LVU24
 146 0070 7047     		bx	lr
 147              	.LVL14:
 148              	.L4:
 111:Bsp/Bsp_Timer.c **** 
 149              		.loc 1 111 9 is_stmt 1 view .LVU25
 114:Bsp/Bsp_Timer.c ****         {
 150              		.loc 1 114 9 view .LVU26
 151 0072 0C29     		cmp	r1, #12
 152 0074 0ED8     		bhi	.L13
 153 0076 DFE801F0 		tbb	[pc, r1]
 154              	.L15:
 155 007a 07       		.byte	(.L17-.L15)/2
 156 007b 0D       		.byte	(.L13-.L15)/2
 157 007c 0D       		.byte	(.L13-.L15)/2
 158 007d 0D       		.byte	(.L13-.L15)/2
 159 007e 1B       		.byte	(.L24-.L15)/2
 160 007f 0D       		.byte	(.L13-.L15)/2
 161 0080 0D       		.byte	(.L13-.L15)/2
 162 0081 0D       		.byte	(.L13-.L15)/2
 163 0082 09       		.byte	(.L16-.L15)/2
 164 0083 0D       		.byte	(.L13-.L15)/2
 165 0084 0D       		.byte	(.L13-.L15)/2
 166 0085 0D       		.byte	(.L13-.L15)/2
 167 0086 0B       		.byte	(.L14-.L15)/2
 168 0087 00       		.p2align 1
 169              	.L17:
  95:Bsp/Bsp_Timer.c ****     {
 170              		.loc 1 95 5 is_stmt 0 view .LVU27
 171 0088 1720     		movs	r0, #23
 172              	.LVL15:
  95:Bsp/Bsp_Timer.c ****     {
 173              		.loc 1 95 5 view .LVU28
 174 008a 7047     		bx	lr
 175              	.LVL16:
 176              	.L16:
 121:Bsp/Bsp_Timer.c ****         case TIM_CHANNEL_4:
 177              		.loc 1 121 13 is_stmt 1 view .LVU29
ARM GAS  C:\Users\HUAV\AppData\Local\Temp\cclyfZPf.s 			page 7


 121:Bsp/Bsp_Timer.c ****         case TIM_CHANNEL_4:
 178              		.loc 1 121 20 is_stmt 0 view .LVU30
 179 008c 1920     		movs	r0, #25
 180              	.LVL17:
 121:Bsp/Bsp_Timer.c ****         case TIM_CHANNEL_4:
 181              		.loc 1 121 20 view .LVU31
 182 008e 7047     		bx	lr
 183              	.LVL18:
 184              	.L14:
 123:Bsp/Bsp_Timer.c ****         default:
 185              		.loc 1 123 13 is_stmt 1 view .LVU32
 123:Bsp/Bsp_Timer.c ****         default:
 186              		.loc 1 123 20 is_stmt 0 view .LVU33
 187 0090 1A20     		movs	r0, #26
 188              	.LVL19:
 123:Bsp/Bsp_Timer.c ****         default:
 189              		.loc 1 123 20 view .LVU34
 190 0092 7047     		bx	lr
 191              	.LVL20:
 192              	.L13:
 125:Bsp/Bsp_Timer.c ****         }
 193              		.loc 1 125 13 is_stmt 1 view .LVU35
 125:Bsp/Bsp_Timer.c ****         }
 194              		.loc 1 125 20 is_stmt 0 view .LVU36
 195 0094 0020     		movs	r0, #0
 196              	.LVL21:
 125:Bsp/Bsp_Timer.c ****         }
 197              		.loc 1 125 20 view .LVU37
 198 0096 7047     		bx	lr
 199              	.LVL22:
 200              	.L30:
 130:Bsp/Bsp_Timer.c ****         {
 201              		.loc 1 130 9 view .LVU38
 202 0098 1D20     		movs	r0, #29
 203              	.LVL23:
 130:Bsp/Bsp_Timer.c ****         {
 204              		.loc 1 130 9 view .LVU39
 205 009a 7047     		bx	lr
 206              	.LVL24:
 207              	.L22:
  95:Bsp/Bsp_Timer.c ****     {
 208              		.loc 1 95 5 view .LVU40
 209 009c 6920     		movs	r0, #105
 210              	.LVL25:
  95:Bsp/Bsp_Timer.c ****     {
 211              		.loc 1 95 5 view .LVU41
 212 009e 7047     		bx	lr
 213              	.LVL26:
 214              	.L21:
 145:Bsp/Bsp_Timer.c ****         {
 146:Bsp/Bsp_Timer.c ****         case TIM_CHANNEL_1:
 147:Bsp/Bsp_Timer.c ****             return DMA_REQUEST_TIM15_CH1;
 148:Bsp/Bsp_Timer.c ****         case TIM_CHANNEL_2:
 149:Bsp/Bsp_Timer.c ****             return DMA_REQUEST_TIM15_UP;
 150:Bsp/Bsp_Timer.c ****         case TIM_CHANNEL_3:
 151:Bsp/Bsp_Timer.c ****             return DMA_REQUEST_TIM15_TRIG;
 215              		.loc 1 151 13 is_stmt 1 view .LVU42
ARM GAS  C:\Users\HUAV\AppData\Local\Temp\cclyfZPf.s 			page 8


 216              		.loc 1 151 20 is_stmt 0 view .LVU43
 217 00a0 6B20     		movs	r0, #107
 218              	.LVL27:
 219              		.loc 1 151 20 view .LVU44
 220 00a2 7047     		bx	lr
 221              	.LVL28:
 222              	.L19:
 152:Bsp/Bsp_Timer.c ****         case TIM_CHANNEL_4:
 153:Bsp/Bsp_Timer.c ****             return DMA_REQUEST_TIM15_COM;
 223              		.loc 1 153 13 is_stmt 1 view .LVU45
 224              		.loc 1 153 20 is_stmt 0 view .LVU46
 225 00a4 6C20     		movs	r0, #108
 226              	.LVL29:
 227              		.loc 1 153 20 view .LVU47
 228 00a6 7047     		bx	lr
 229              	.LVL30:
 230              	.L18:
 154:Bsp/Bsp_Timer.c ****         default:
 155:Bsp/Bsp_Timer.c ****             return 0;
 231              		.loc 1 155 13 is_stmt 1 view .LVU48
 232              		.loc 1 155 20 is_stmt 0 view .LVU49
 233 00a8 0020     		movs	r0, #0
 234              	.LVL31:
 235              		.loc 1 155 20 view .LVU50
 236 00aa 7047     		bx	lr
 237              	.LVL32:
 238              	.L23:
 103:Bsp/Bsp_Timer.c ****         case TIM_CHANNEL_3:
 239              		.loc 1 103 20 view .LVU51
 240 00ac 3820     		movs	r0, #56
 241              	.LVL33:
 103:Bsp/Bsp_Timer.c ****         case TIM_CHANNEL_3:
 242              		.loc 1 103 20 view .LVU52
 243 00ae 7047     		bx	lr
 244              	.LVL34:
 245              	.L24:
 119:Bsp/Bsp_Timer.c ****         case TIM_CHANNEL_3:
 246              		.loc 1 119 20 view .LVU53
 247 00b0 1820     		movs	r0, #24
 248              	.LVL35:
 119:Bsp/Bsp_Timer.c ****         case TIM_CHANNEL_3:
 249              		.loc 1 119 20 view .LVU54
 250 00b2 7047     		bx	lr
 251              	.LVL36:
 252              	.L25:
 135:Bsp/Bsp_Timer.c ****         case TIM_CHANNEL_3:
 253              		.loc 1 135 20 view .LVU55
 254 00b4 1E20     		movs	r0, #30
 255              	.LVL37:
 135:Bsp/Bsp_Timer.c ****         case TIM_CHANNEL_3:
 256              		.loc 1 135 20 view .LVU56
 257 00b6 7047     		bx	lr
 258              	.LVL38:
 259              	.L26:
 137:Bsp/Bsp_Timer.c ****         default:
 260              		.loc 1 137 20 view .LVU57
 261 00b8 1F20     		movs	r0, #31
ARM GAS  C:\Users\HUAV\AppData\Local\Temp\cclyfZPf.s 			page 9


 262              	.LVL39:
 137:Bsp/Bsp_Timer.c ****         default:
 263              		.loc 1 137 20 view .LVU58
 264 00ba 7047     		bx	lr
 265              	.LVL40:
 266              	.L28:
 149:Bsp/Bsp_Timer.c ****         case TIM_CHANNEL_3:
 267              		.loc 1 149 20 view .LVU59
 268 00bc 6A20     		movs	r0, #106
 269              	.LVL41:
 156:Bsp/Bsp_Timer.c ****         }
 157:Bsp/Bsp_Timer.c ****         break;
 158:Bsp/Bsp_Timer.c **** 
 159:Bsp/Bsp_Timer.c ****     default:
 160:Bsp/Bsp_Timer.c ****         return 0;
 161:Bsp/Bsp_Timer.c ****     }
 162:Bsp/Bsp_Timer.c **** }
 270              		.loc 1 162 1 view .LVU60
 271 00be 7047     		bx	lr
 272              	.L33:
 273              		.align	2
 274              	.L32:
 275 00c0 000C0040 		.word	1073744896
 276 00c4 00400140 		.word	1073823744
 277              		.cfi_endproc
 278              	.LFE145:
 280              		.section	.text.BspTimer_SetPreScale,"ax",%progbits
 281              		.align	1
 282              		.syntax unified
 283              		.thumb
 284              		.thumb_func
 285              		.fpu fpv5-d16
 287              	BspTimer_SetPreScale:
 288              	.LVL42:
 289              	.LFB149:
 163:Bsp/Bsp_Timer.c **** 
 164:Bsp/Bsp_Timer.c **** static bool BspTimer_PWM_Init(BspTimerPWMObj_TypeDef *obj,
 165:Bsp/Bsp_Timer.c ****                               TIM_TypeDef *instance,
 166:Bsp/Bsp_Timer.c ****                               uint32_t ch,
 167:Bsp/Bsp_Timer.c ****                               BspGPIO_Obj_TypeDef pin,
 168:Bsp/Bsp_Timer.c ****                               uint8_t dma, uint8_t stream, uint32_t buf_aadr, uint32_t buf_size)
 169:Bsp/Bsp_Timer.c **** {
 170:Bsp/Bsp_Timer.c ****     TIM_MasterConfigTypeDef sMasterConfig = {0};
 171:Bsp/Bsp_Timer.c ****     TIM_OC_InitTypeDef sConfigOC = {0};
 172:Bsp/Bsp_Timer.c **** 
 173:Bsp/Bsp_Timer.c ****     if ((obj == NULL) || (instance == NULL) || (buf_aadr == 0) || (buf_size == 0))
 174:Bsp/Bsp_Timer.c ****         return false;
 175:Bsp/Bsp_Timer.c **** 
 176:Bsp/Bsp_Timer.c ****     obj->dma = dma;
 177:Bsp/Bsp_Timer.c ****     obj->stream = stream;
 178:Bsp/Bsp_Timer.c **** 
 179:Bsp/Bsp_Timer.c ****     switch (ch)
 180:Bsp/Bsp_Timer.c ****     {
 181:Bsp/Bsp_Timer.c ****     case TIM_CHANNEL_1:
 182:Bsp/Bsp_Timer.c ****         obj->tim_dma_id_cc = TIM_DMA_ID_CC1;
 183:Bsp/Bsp_Timer.c ****         obj->tim_dma_cc = TIM_DMA_CC1;
 184:Bsp/Bsp_Timer.c ****         break;
ARM GAS  C:\Users\HUAV\AppData\Local\Temp\cclyfZPf.s 			page 10


 185:Bsp/Bsp_Timer.c **** 
 186:Bsp/Bsp_Timer.c ****     case TIM_CHANNEL_2:
 187:Bsp/Bsp_Timer.c ****         obj->tim_dma_id_cc = TIM_DMA_ID_CC2;
 188:Bsp/Bsp_Timer.c ****         obj->tim_dma_cc = TIM_DMA_CC2;
 189:Bsp/Bsp_Timer.c ****         break;
 190:Bsp/Bsp_Timer.c **** 
 191:Bsp/Bsp_Timer.c ****     case TIM_CHANNEL_3:
 192:Bsp/Bsp_Timer.c ****         obj->tim_dma_id_cc = TIM_DMA_ID_CC3;
 193:Bsp/Bsp_Timer.c ****         obj->tim_dma_cc = TIM_DMA_CC3;
 194:Bsp/Bsp_Timer.c ****         break;
 195:Bsp/Bsp_Timer.c **** 
 196:Bsp/Bsp_Timer.c ****     case TIM_CHANNEL_4:
 197:Bsp/Bsp_Timer.c ****         obj->tim_dma_id_cc = TIM_DMA_ID_CC4;
 198:Bsp/Bsp_Timer.c ****         obj->tim_dma_cc = TIM_DMA_CC4;
 199:Bsp/Bsp_Timer.c ****         break;
 200:Bsp/Bsp_Timer.c **** 
 201:Bsp/Bsp_Timer.c ****     default:
 202:Bsp/Bsp_Timer.c ****         return false;
 203:Bsp/Bsp_Timer.c ****     }
 204:Bsp/Bsp_Timer.c **** 
 205:Bsp/Bsp_Timer.c ****     BspTimer_PWM_InitMonit(instance);
 206:Bsp/Bsp_Timer.c ****     obj->instance = instance;
 207:Bsp/Bsp_Timer.c ****     obj->tim_hdl.Instance = instance;
 208:Bsp/Bsp_Timer.c ****     obj->tim_hdl.Init.Prescaler = 0;
 209:Bsp/Bsp_Timer.c ****     obj->tim_hdl.Init.CounterMode = TIM_COUNTERMODE_UP;
 210:Bsp/Bsp_Timer.c ****     obj->tim_hdl.Init.Period = 0;
 211:Bsp/Bsp_Timer.c ****     obj->tim_hdl.Init.ClockDivision = TIM_CLOCKDIVISION_DIV1;
 212:Bsp/Bsp_Timer.c ****     obj->tim_hdl.Init.AutoReloadPreload = TIM_AUTORELOAD_PRELOAD_DISABLE;
 213:Bsp/Bsp_Timer.c **** 
 214:Bsp/Bsp_Timer.c ****     /* dma init */
 215:Bsp/Bsp_Timer.c ****     obj->dma_hdl.Instance = BspDMA.get_instance(dma, stream);
 216:Bsp/Bsp_Timer.c ****     obj->dma_hdl.Init.Request = BspTimer_Get_DMA_Request(instance, ch);
 217:Bsp/Bsp_Timer.c ****     obj->dma_hdl.Init.Direction = DMA_MEMORY_TO_PERIPH;
 218:Bsp/Bsp_Timer.c ****     obj->dma_hdl.Init.PeriphInc = DMA_PINC_DISABLE;
 219:Bsp/Bsp_Timer.c ****     obj->dma_hdl.Init.MemInc = DMA_MINC_ENABLE;
 220:Bsp/Bsp_Timer.c ****     obj->dma_hdl.Init.PeriphDataAlignment = DMA_PDATAALIGN_WORD;
 221:Bsp/Bsp_Timer.c ****     obj->dma_hdl.Init.MemDataAlignment = DMA_PDATAALIGN_WORD;
 222:Bsp/Bsp_Timer.c ****     obj->dma_hdl.Init.Mode = DMA_NORMAL;
 223:Bsp/Bsp_Timer.c ****     obj->dma_hdl.Init.Priority = DMA_PRIORITY_HIGH;
 224:Bsp/Bsp_Timer.c ****     obj->dma_hdl.Init.FIFOMode = DMA_FIFOMODE_ENABLE;
 225:Bsp/Bsp_Timer.c ****     obj->dma_hdl.Init.FIFOThreshold = DMA_FIFO_THRESHOLD_1QUARTERFULL;
 226:Bsp/Bsp_Timer.c ****     obj->dma_hdl.Init.MemBurst = DMA_MBURST_SINGLE;
 227:Bsp/Bsp_Timer.c ****     obj->dma_hdl.Init.PeriphBurst = DMA_PBURST_SINGLE;
 228:Bsp/Bsp_Timer.c **** 
 229:Bsp/Bsp_Timer.c ****     if (HAL_DMA_Init(&obj->dma_hdl) != HAL_OK)
 230:Bsp/Bsp_Timer.c ****         return false;
 231:Bsp/Bsp_Timer.c **** 
 232:Bsp/Bsp_Timer.c ****     __HAL_LINKDMA(&(obj->tim_hdl), hdma[obj->tim_dma_id_cc], obj->dma_hdl);
 233:Bsp/Bsp_Timer.c **** 
 234:Bsp/Bsp_Timer.c ****     if (HAL_TIM_PWM_Init(&(obj->tim_hdl)) != HAL_OK)
 235:Bsp/Bsp_Timer.c ****         return false;
 236:Bsp/Bsp_Timer.c **** 
 237:Bsp/Bsp_Timer.c ****     sMasterConfig.MasterOutputTrigger = TIM_TRGO_RESET;
 238:Bsp/Bsp_Timer.c ****     sMasterConfig.MasterSlaveMode = TIM_MASTERSLAVEMODE_DISABLE;
 239:Bsp/Bsp_Timer.c **** 
 240:Bsp/Bsp_Timer.c ****     if (HAL_TIMEx_MasterConfigSynchronization(&(obj->tim_hdl), &sMasterConfig) != HAL_OK)
 241:Bsp/Bsp_Timer.c ****         return false;
ARM GAS  C:\Users\HUAV\AppData\Local\Temp\cclyfZPf.s 			page 11


 242:Bsp/Bsp_Timer.c **** 
 243:Bsp/Bsp_Timer.c ****     sConfigOC.OCMode = TIM_OCMODE_PWM1;
 244:Bsp/Bsp_Timer.c ****     sConfigOC.Pulse = 0;
 245:Bsp/Bsp_Timer.c ****     sConfigOC.OCPolarity = TIM_OCPOLARITY_HIGH;
 246:Bsp/Bsp_Timer.c ****     sConfigOC.OCFastMode = TIM_OCFAST_DISABLE;
 247:Bsp/Bsp_Timer.c **** 
 248:Bsp/Bsp_Timer.c ****     if (HAL_TIM_PWM_ConfigChannel(&(obj->tim_hdl), &sConfigOC, ch) != HAL_OK)
 249:Bsp/Bsp_Timer.c ****         return false;
 250:Bsp/Bsp_Timer.c **** 
 251:Bsp/Bsp_Timer.c ****     obj->tim_channel = ch;
 252:Bsp/Bsp_Timer.c **** 
 253:Bsp/Bsp_Timer.c ****     /* pin init */
 254:Bsp/Bsp_Timer.c ****     BspGPIO.alt_init(pin);
 255:Bsp/Bsp_Timer.c **** 
 256:Bsp/Bsp_Timer.c ****     /* dma regist */
 257:Bsp/Bsp_Timer.c ****     if (BspDMA.regist(dma, stream, &obj->dma_hdl))
 258:Bsp/Bsp_Timer.c ****     {
 259:Bsp/Bsp_Timer.c ****         /* init DMA IRQ */
 260:Bsp/Bsp_Timer.c ****         BspDMA.enable_irq(dma, stream, 5, 0);
 261:Bsp/Bsp_Timer.c ****         return true;
 262:Bsp/Bsp_Timer.c ****     }
 263:Bsp/Bsp_Timer.c **** 
 264:Bsp/Bsp_Timer.c ****     return true;
 265:Bsp/Bsp_Timer.c **** }
 266:Bsp/Bsp_Timer.c **** 
 267:Bsp/Bsp_Timer.c **** static void BspTimer_PWM_Start(BspTimerPWMObj_TypeDef *obj)
 268:Bsp/Bsp_Timer.c **** {
 269:Bsp/Bsp_Timer.c ****     obj->tim_hdl.hdma[obj->tim_dma_id_cc]->XferCpltCallback = BspTimer_DMA_Callback;
 270:Bsp/Bsp_Timer.c ****     HAL_TIM_PWM_Start(&obj->tim_hdl, obj->tim_channel);
 271:Bsp/Bsp_Timer.c **** }
 272:Bsp/Bsp_Timer.c **** 
 273:Bsp/Bsp_Timer.c **** static void BspTimer_DMA_Start(BspTimerPWMObj_TypeDef *obj)
 274:Bsp/Bsp_Timer.c **** {
 275:Bsp/Bsp_Timer.c ****     uint32_t dst_addr = 0;
 276:Bsp/Bsp_Timer.c **** 
 277:Bsp/Bsp_Timer.c ****     if ((obj->buffer_addr == 0) || (obj->buffer_size == 0))
 278:Bsp/Bsp_Timer.c ****         return;
 279:Bsp/Bsp_Timer.c **** 
 280:Bsp/Bsp_Timer.c ****     switch (obj->tim_dma_id_cc)
 281:Bsp/Bsp_Timer.c ****     {
 282:Bsp/Bsp_Timer.c ****     case TIM_DMA_ID_CC1:
 283:Bsp/Bsp_Timer.c ****         dst_addr = (uint32_t)&obj->tim_hdl.Instance->CCR1;
 284:Bsp/Bsp_Timer.c ****         break;
 285:Bsp/Bsp_Timer.c **** 
 286:Bsp/Bsp_Timer.c ****     case TIM_DMA_ID_CC2:
 287:Bsp/Bsp_Timer.c ****         dst_addr = (uint32_t)&obj->tim_hdl.Instance->CCR2;
 288:Bsp/Bsp_Timer.c ****         break;
 289:Bsp/Bsp_Timer.c **** 
 290:Bsp/Bsp_Timer.c ****     case TIM_DMA_ID_CC3:
 291:Bsp/Bsp_Timer.c ****         dst_addr = (uint32_t)&obj->tim_hdl.Instance->CCR3;
 292:Bsp/Bsp_Timer.c ****         break;
 293:Bsp/Bsp_Timer.c **** 
 294:Bsp/Bsp_Timer.c ****     case TIM_DMA_ID_CC4:
 295:Bsp/Bsp_Timer.c ****         dst_addr = (uint32_t)&obj->tim_hdl.Instance->CCR4;
 296:Bsp/Bsp_Timer.c ****         break;
 297:Bsp/Bsp_Timer.c **** 
 298:Bsp/Bsp_Timer.c ****     default:
ARM GAS  C:\Users\HUAV\AppData\Local\Temp\cclyfZPf.s 			page 12


 299:Bsp/Bsp_Timer.c ****         return;
 300:Bsp/Bsp_Timer.c ****     }
 301:Bsp/Bsp_Timer.c **** 
 302:Bsp/Bsp_Timer.c ****     HAL_DMA_Start_IT(obj->tim_hdl.hdma[obj->tim_dma_id_cc], obj->buffer_addr, dst_addr, obj->buffer
 303:Bsp/Bsp_Timer.c ****     __HAL_TIM_ENABLE_DMA(&obj->tim_hdl, obj->tim_dma_cc);
 304:Bsp/Bsp_Timer.c **** }
 305:Bsp/Bsp_Timer.c **** 
 306:Bsp/Bsp_Timer.c **** static void BspTimer_SetPreScale(BspTimerPWMObj_TypeDef *obj, uint32_t prescale)
 307:Bsp/Bsp_Timer.c **** {
 290              		.loc 1 307 1 is_stmt 1 view -0
 291              		.cfi_startproc
 292              		@ args = 0, pretend = 0, frame = 0
 293              		@ frame_needed = 0, uses_anonymous_args = 0
 294              		@ link register save eliminated.
 308:Bsp/Bsp_Timer.c ****     obj->prescale = prescale;
 295              		.loc 1 308 5 view .LVU62
 296              		.loc 1 308 19 is_stmt 0 view .LVU63
 297 0000 C0F8D010 		str	r1, [r0, #208]
 309:Bsp/Bsp_Timer.c ****     __HAL_TIM_SET_PRESCALER(&obj->tim_hdl, prescale);
 298              		.loc 1 309 5 is_stmt 1 view .LVU64
 299 0004 D0F88430 		ldr	r3, [r0, #132]
 300 0008 9962     		str	r1, [r3, #40]
 310:Bsp/Bsp_Timer.c **** }
 301              		.loc 1 310 1 is_stmt 0 view .LVU65
 302 000a 7047     		bx	lr
 303              		.cfi_endproc
 304              	.LFE149:
 306              		.section	.text.BspTimer_SetAutoReload,"ax",%progbits
 307              		.align	1
 308              		.syntax unified
 309              		.thumb
 310              		.thumb_func
 311              		.fpu fpv5-d16
 313              	BspTimer_SetAutoReload:
 314              	.LVL43:
 315              	.LFB150:
 311:Bsp/Bsp_Timer.c **** 
 312:Bsp/Bsp_Timer.c **** static void BspTimer_SetAutoReload(BspTimerPWMObj_TypeDef *obj, uint32_t auto_reload)
 313:Bsp/Bsp_Timer.c **** {
 316              		.loc 1 313 1 is_stmt 1 view -0
 317              		.cfi_startproc
 318              		@ args = 0, pretend = 0, frame = 0
 319              		@ frame_needed = 0, uses_anonymous_args = 0
 320              		@ link register save eliminated.
 314:Bsp/Bsp_Timer.c ****     obj->auto_reload = auto_reload;
 321              		.loc 1 314 5 view .LVU67
 322              		.loc 1 314 22 is_stmt 0 view .LVU68
 323 0000 C0F8D410 		str	r1, [r0, #212]
 315:Bsp/Bsp_Timer.c ****     __HAL_TIM_SET_AUTORELOAD(&obj->tim_hdl, auto_reload);
 324              		.loc 1 315 5 is_stmt 1 view .LVU69
 325              		.loc 1 315 5 view .LVU70
 326 0004 D0F88430 		ldr	r3, [r0, #132]
 327 0008 D962     		str	r1, [r3, #44]
 328              		.loc 1 315 5 view .LVU71
 329 000a C0F89010 		str	r1, [r0, #144]
 330              		.loc 1 315 5 view .LVU72
 316:Bsp/Bsp_Timer.c **** }
ARM GAS  C:\Users\HUAV\AppData\Local\Temp\cclyfZPf.s 			page 13


 331              		.loc 1 316 1 is_stmt 0 view .LVU73
 332 000e 7047     		bx	lr
 333              		.cfi_endproc
 334              	.LFE150:
 336              		.section	.text.BspTimer_DMA_Callback,"ax",%progbits
 337              		.align	1
 338              		.syntax unified
 339              		.thumb
 340              		.thumb_func
 341              		.fpu fpv5-d16
 343              	BspTimer_DMA_Callback:
 344              	.LVL44:
 345              	.LFB151:
 317:Bsp/Bsp_Timer.c **** 
 318:Bsp/Bsp_Timer.c **** static void BspTimer_DMA_Callback(DMA_HandleTypeDef *hdma)
 319:Bsp/Bsp_Timer.c **** {
 346              		.loc 1 319 1 is_stmt 1 view -0
 347              		.cfi_startproc
 348              		@ args = 0, pretend = 0, frame = 0
 349              		@ frame_needed = 0, uses_anonymous_args = 0
 350              		@ link register save eliminated.
 320:Bsp/Bsp_Timer.c ****     TIM_HandleTypeDef *htim = (TIM_HandleTypeDef *)((DMA_HandleTypeDef *)hdma)->Parent;
 351              		.loc 1 320 5 view .LVU75
 352              		.loc 1 320 24 is_stmt 0 view .LVU76
 353 0000 836B     		ldr	r3, [r0, #56]
 354              	.LVL45:
 321:Bsp/Bsp_Timer.c **** 
 322:Bsp/Bsp_Timer.c ****     if (hdma == htim->hdma[TIM_DMA_ID_CC1])
 355              		.loc 1 322 5 is_stmt 1 view .LVU77
 356              		.loc 1 322 27 is_stmt 0 view .LVU78
 357 0002 5A6A     		ldr	r2, [r3, #36]
 358              		.loc 1 322 8 view .LVU79
 359 0004 8242     		cmp	r2, r0
 360 0006 09D0     		beq	.L41
 323:Bsp/Bsp_Timer.c ****     {
 324:Bsp/Bsp_Timer.c ****         __HAL_TIM_DISABLE_DMA(htim, TIM_DMA_CC1);
 325:Bsp/Bsp_Timer.c ****     }
 326:Bsp/Bsp_Timer.c ****     else if (hdma == htim->hdma[TIM_DMA_ID_CC2])
 361              		.loc 1 326 10 is_stmt 1 view .LVU80
 362              		.loc 1 326 32 is_stmt 0 view .LVU81
 363 0008 9A6A     		ldr	r2, [r3, #40]
 364              		.loc 1 326 13 view .LVU82
 365 000a 8242     		cmp	r2, r0
 366 000c 0CD0     		beq	.L42
 327:Bsp/Bsp_Timer.c ****     {
 328:Bsp/Bsp_Timer.c ****         __HAL_TIM_DISABLE_DMA(htim, TIM_DMA_CC2);
 329:Bsp/Bsp_Timer.c ****     }
 330:Bsp/Bsp_Timer.c ****     else if (hdma == htim->hdma[TIM_DMA_ID_CC3])
 367              		.loc 1 330 10 is_stmt 1 view .LVU83
 368              		.loc 1 330 32 is_stmt 0 view .LVU84
 369 000e DA6A     		ldr	r2, [r3, #44]
 370              		.loc 1 330 13 view .LVU85
 371 0010 8242     		cmp	r2, r0
 372 0012 0FD0     		beq	.L43
 331:Bsp/Bsp_Timer.c ****     {
 332:Bsp/Bsp_Timer.c ****         __HAL_TIM_DISABLE_DMA(htim, TIM_DMA_CC3);
 333:Bsp/Bsp_Timer.c ****     }
ARM GAS  C:\Users\HUAV\AppData\Local\Temp\cclyfZPf.s 			page 14


 334:Bsp/Bsp_Timer.c ****     else if (hdma == htim->hdma[TIM_DMA_ID_CC4])
 373              		.loc 1 334 10 is_stmt 1 view .LVU86
 374              		.loc 1 334 32 is_stmt 0 view .LVU87
 375 0014 1A6B     		ldr	r2, [r3, #48]
 376              		.loc 1 334 13 view .LVU88
 377 0016 8242     		cmp	r2, r0
 378 0018 12D0     		beq	.L44
 379              	.LVL46:
 380              	.L36:
 335:Bsp/Bsp_Timer.c ****     {
 336:Bsp/Bsp_Timer.c ****         __HAL_TIM_DISABLE_DMA(htim, TIM_DMA_CC4);
 337:Bsp/Bsp_Timer.c ****     }
 338:Bsp/Bsp_Timer.c **** }
 381              		.loc 1 338 1 view .LVU89
 382 001a 7047     		bx	lr
 383              	.LVL47:
 384              	.L41:
 324:Bsp/Bsp_Timer.c ****     }
 385              		.loc 1 324 9 is_stmt 1 view .LVU90
 386 001c 1A68     		ldr	r2, [r3]
 387 001e D368     		ldr	r3, [r2, #12]
 388              	.LVL48:
 324:Bsp/Bsp_Timer.c ****     }
 389              		.loc 1 324 9 is_stmt 0 view .LVU91
 390 0020 23F40073 		bic	r3, r3, #512
 391 0024 D360     		str	r3, [r2, #12]
 392              	.LVL49:
 324:Bsp/Bsp_Timer.c ****     }
 393              		.loc 1 324 9 view .LVU92
 394 0026 7047     		bx	lr
 395              	.LVL50:
 396              	.L42:
 328:Bsp/Bsp_Timer.c ****     }
 397              		.loc 1 328 9 is_stmt 1 view .LVU93
 398 0028 1A68     		ldr	r2, [r3]
 399 002a D368     		ldr	r3, [r2, #12]
 400              	.LVL51:
 328:Bsp/Bsp_Timer.c ****     }
 401              		.loc 1 328 9 is_stmt 0 view .LVU94
 402 002c 23F48063 		bic	r3, r3, #1024
 403 0030 D360     		str	r3, [r2, #12]
 404              	.LVL52:
 328:Bsp/Bsp_Timer.c ****     }
 405              		.loc 1 328 9 view .LVU95
 406 0032 7047     		bx	lr
 407              	.LVL53:
 408              	.L43:
 332:Bsp/Bsp_Timer.c ****     }
 409              		.loc 1 332 9 is_stmt 1 view .LVU96
 410 0034 1A68     		ldr	r2, [r3]
 411 0036 D368     		ldr	r3, [r2, #12]
 412              	.LVL54:
 332:Bsp/Bsp_Timer.c ****     }
 413              		.loc 1 332 9 is_stmt 0 view .LVU97
 414 0038 23F40063 		bic	r3, r3, #2048
 415 003c D360     		str	r3, [r2, #12]
 416              	.LVL55:
ARM GAS  C:\Users\HUAV\AppData\Local\Temp\cclyfZPf.s 			page 15


 332:Bsp/Bsp_Timer.c ****     }
 417              		.loc 1 332 9 view .LVU98
 418 003e 7047     		bx	lr
 419              	.LVL56:
 420              	.L44:
 336:Bsp/Bsp_Timer.c ****     }
 421              		.loc 1 336 9 is_stmt 1 view .LVU99
 422 0040 1A68     		ldr	r2, [r3]
 423 0042 D368     		ldr	r3, [r2, #12]
 424              	.LVL57:
 336:Bsp/Bsp_Timer.c ****     }
 425              		.loc 1 336 9 is_stmt 0 view .LVU100
 426 0044 23F48053 		bic	r3, r3, #4096
 427 0048 D360     		str	r3, [r2, #12]
 428              	.LVL58:
 429              		.loc 1 338 1 view .LVU101
 430 004a E6E7     		b	.L36
 431              		.cfi_endproc
 432              	.LFE151:
 434              		.section	.text.BspTimer_DMA_Start,"ax",%progbits
 435              		.align	1
 436              		.syntax unified
 437              		.thumb
 438              		.thumb_func
 439              		.fpu fpv5-d16
 441              	BspTimer_DMA_Start:
 442              	.LVL59:
 443              	.LFB148:
 274:Bsp/Bsp_Timer.c ****     uint32_t dst_addr = 0;
 444              		.loc 1 274 1 is_stmt 1 view -0
 445              		.cfi_startproc
 446              		@ args = 0, pretend = 0, frame = 0
 447              		@ frame_needed = 0, uses_anonymous_args = 0
 275:Bsp/Bsp_Timer.c **** 
 448              		.loc 1 275 5 view .LVU103
 277:Bsp/Bsp_Timer.c ****         return;
 449              		.loc 1 277 5 view .LVU104
 277:Bsp/Bsp_Timer.c ****         return;
 450              		.loc 1 277 13 is_stmt 0 view .LVU105
 451 0000 D0F8E010 		ldr	r1, [r0, #224]
 277:Bsp/Bsp_Timer.c ****         return;
 452              		.loc 1 277 8 view .LVU106
 453 0004 51B3     		cbz	r1, .L54
 274:Bsp/Bsp_Timer.c ****     uint32_t dst_addr = 0;
 454              		.loc 1 274 1 discriminator 1 view .LVU107
 455 0006 10B5     		push	{r4, lr}
 456              	.LCFI0:
 457              		.cfi_def_cfa_offset 8
 458              		.cfi_offset 4, -8
 459              		.cfi_offset 14, -4
 460 0008 0446     		mov	r4, r0
 277:Bsp/Bsp_Timer.c ****         return;
 461              		.loc 1 277 40 discriminator 1 view .LVU108
 462 000a D0F8E430 		ldr	r3, [r0, #228]
 277:Bsp/Bsp_Timer.c ****         return;
 463              		.loc 1 277 33 discriminator 1 view .LVU109
 464 000e C3B1     		cbz	r3, .L45
ARM GAS  C:\Users\HUAV\AppData\Local\Temp\cclyfZPf.s 			page 16


 280:Bsp/Bsp_Timer.c ****     {
 465              		.loc 1 280 5 is_stmt 1 view .LVU110
 280:Bsp/Bsp_Timer.c ****     {
 466              		.loc 1 280 16 is_stmt 0 view .LVU111
 467 0010 D0F8D800 		ldr	r0, [r0, #216]
 468              	.LVL60:
 280:Bsp/Bsp_Timer.c ****     {
 469              		.loc 1 280 16 view .LVU112
 470 0014 421E     		subs	r2, r0, #1
 471 0016 032A     		cmp	r2, #3
 472 0018 13D8     		bhi	.L45
 473 001a DFE802F0 		tbb	[pc, r2]
 474              	.L48:
 475 001e 02       		.byte	(.L51-.L48)/2
 476 001f 13       		.byte	(.L50-.L48)/2
 477 0020 17       		.byte	(.L49-.L48)/2
 478 0021 1B       		.byte	(.L47-.L48)/2
 479              		.p2align 1
 480              	.L51:
 283:Bsp/Bsp_Timer.c ****         break;
 481              		.loc 1 283 9 is_stmt 1 view .LVU113
 283:Bsp/Bsp_Timer.c ****         break;
 482              		.loc 1 283 43 is_stmt 0 view .LVU114
 483 0022 D4F88420 		ldr	r2, [r4, #132]
 283:Bsp/Bsp_Timer.c ****         break;
 484              		.loc 1 283 30 view .LVU115
 485 0026 3432     		adds	r2, r2, #52
 486              	.LVL61:
 284:Bsp/Bsp_Timer.c **** 
 487              		.loc 1 284 9 is_stmt 1 view .LVU116
 488              	.L52:
 302:Bsp/Bsp_Timer.c ****     __HAL_TIM_ENABLE_DMA(&obj->tim_hdl, obj->tim_dma_cc);
 489              		.loc 1 302 5 view .LVU117
 490 0028 2830     		adds	r0, r0, #40
 491 002a 04EB8000 		add	r0, r4, r0, lsl #2
 492 002e 4068     		ldr	r0, [r0, #4]
 493 0030 FFF7FEFF 		bl	HAL_DMA_Start_IT
 494              	.LVL62:
 303:Bsp/Bsp_Timer.c **** }
 495              		.loc 1 303 5 view .LVU118
 496 0034 D4F88420 		ldr	r2, [r4, #132]
 497 0038 D368     		ldr	r3, [r2, #12]
 498 003a D4F8DC10 		ldr	r1, [r4, #220]
 499 003e 0B43     		orrs	r3, r3, r1
 500 0040 D360     		str	r3, [r2, #12]
 501              	.L45:
 304:Bsp/Bsp_Timer.c **** 
 502              		.loc 1 304 1 is_stmt 0 view .LVU119
 503 0042 10BD     		pop	{r4, pc}
 504              	.LVL63:
 505              	.L50:
 287:Bsp/Bsp_Timer.c ****         break;
 506              		.loc 1 287 9 is_stmt 1 view .LVU120
 287:Bsp/Bsp_Timer.c ****         break;
 507              		.loc 1 287 43 is_stmt 0 view .LVU121
 508 0044 D4F88420 		ldr	r2, [r4, #132]
 287:Bsp/Bsp_Timer.c ****         break;
ARM GAS  C:\Users\HUAV\AppData\Local\Temp\cclyfZPf.s 			page 17


 509              		.loc 1 287 30 view .LVU122
 510 0048 3832     		adds	r2, r2, #56
 511              	.LVL64:
 288:Bsp/Bsp_Timer.c **** 
 512              		.loc 1 288 9 is_stmt 1 view .LVU123
 513 004a EDE7     		b	.L52
 514              	.LVL65:
 515              	.L49:
 291:Bsp/Bsp_Timer.c ****         break;
 516              		.loc 1 291 9 view .LVU124
 291:Bsp/Bsp_Timer.c ****         break;
 517              		.loc 1 291 43 is_stmt 0 view .LVU125
 518 004c D4F88420 		ldr	r2, [r4, #132]
 291:Bsp/Bsp_Timer.c ****         break;
 519              		.loc 1 291 30 view .LVU126
 520 0050 3C32     		adds	r2, r2, #60
 521              	.LVL66:
 292:Bsp/Bsp_Timer.c **** 
 522              		.loc 1 292 9 is_stmt 1 view .LVU127
 523 0052 E9E7     		b	.L52
 524              	.LVL67:
 525              	.L47:
 295:Bsp/Bsp_Timer.c ****         break;
 526              		.loc 1 295 9 view .LVU128
 295:Bsp/Bsp_Timer.c ****         break;
 527              		.loc 1 295 43 is_stmt 0 view .LVU129
 528 0054 D4F88420 		ldr	r2, [r4, #132]
 295:Bsp/Bsp_Timer.c ****         break;
 529              		.loc 1 295 30 view .LVU130
 530 0058 4032     		adds	r2, r2, #64
 531              	.LVL68:
 296:Bsp/Bsp_Timer.c **** 
 532              		.loc 1 296 9 is_stmt 1 view .LVU131
 533 005a E5E7     		b	.L52
 534              	.LVL69:
 535              	.L54:
 536              	.LCFI1:
 537              		.cfi_def_cfa_offset 0
 538              		.cfi_restore 4
 539              		.cfi_restore 14
 296:Bsp/Bsp_Timer.c **** 
 540              		.loc 1 296 9 is_stmt 0 view .LVU132
 541 005c 7047     		bx	lr
 542              		.cfi_endproc
 543              	.LFE148:
 545              		.section	.text.BspTimer_PWM_Start,"ax",%progbits
 546              		.align	1
 547              		.syntax unified
 548              		.thumb
 549              		.thumb_func
 550              		.fpu fpv5-d16
 552              	BspTimer_PWM_Start:
 553              	.LVL70:
 554              	.LFB147:
 268:Bsp/Bsp_Timer.c ****     obj->tim_hdl.hdma[obj->tim_dma_id_cc]->XferCpltCallback = BspTimer_DMA_Callback;
 555              		.loc 1 268 1 is_stmt 1 view -0
 556              		.cfi_startproc
ARM GAS  C:\Users\HUAV\AppData\Local\Temp\cclyfZPf.s 			page 18


 557              		@ args = 0, pretend = 0, frame = 0
 558              		@ frame_needed = 0, uses_anonymous_args = 0
 268:Bsp/Bsp_Timer.c ****     obj->tim_hdl.hdma[obj->tim_dma_id_cc]->XferCpltCallback = BspTimer_DMA_Callback;
 559              		.loc 1 268 1 is_stmt 0 view .LVU134
 560 0000 08B5     		push	{r3, lr}
 561              	.LCFI2:
 562              		.cfi_def_cfa_offset 8
 563              		.cfi_offset 3, -8
 564              		.cfi_offset 14, -4
 269:Bsp/Bsp_Timer.c ****     HAL_TIM_PWM_Start(&obj->tim_hdl, obj->tim_channel);
 565              		.loc 1 269 5 is_stmt 1 view .LVU135
 269:Bsp/Bsp_Timer.c ****     HAL_TIM_PWM_Start(&obj->tim_hdl, obj->tim_channel);
 566              		.loc 1 269 26 is_stmt 0 view .LVU136
 567 0002 D0F8D830 		ldr	r3, [r0, #216]
 269:Bsp/Bsp_Timer.c ****     HAL_TIM_PWM_Start(&obj->tim_hdl, obj->tim_channel);
 568              		.loc 1 269 22 view .LVU137
 569 0006 2833     		adds	r3, r3, #40
 570 0008 00EB8303 		add	r3, r0, r3, lsl #2
 571 000c 5B68     		ldr	r3, [r3, #4]
 269:Bsp/Bsp_Timer.c ****     HAL_TIM_PWM_Start(&obj->tim_hdl, obj->tim_channel);
 572              		.loc 1 269 61 view .LVU138
 573 000e 034A     		ldr	r2, .L59
 574 0010 DA63     		str	r2, [r3, #60]
 270:Bsp/Bsp_Timer.c **** }
 575              		.loc 1 270 5 is_stmt 1 view .LVU139
 576 0012 4168     		ldr	r1, [r0, #4]
 577 0014 8430     		adds	r0, r0, #132
 578              	.LVL71:
 270:Bsp/Bsp_Timer.c **** }
 579              		.loc 1 270 5 is_stmt 0 view .LVU140
 580 0016 FFF7FEFF 		bl	HAL_TIM_PWM_Start
 581              	.LVL72:
 271:Bsp/Bsp_Timer.c **** 
 582              		.loc 1 271 1 view .LVU141
 583 001a 08BD     		pop	{r3, pc}
 584              	.L60:
 585              		.align	2
 586              	.L59:
 587 001c 00000000 		.word	BspTimer_DMA_Callback
 588              		.cfi_endproc
 589              	.LFE147:
 591              		.section	.text.BspTimer_PWM_InitMonit,"ax",%progbits
 592              		.align	1
 593              		.syntax unified
 594              		.thumb
 595              		.thumb_func
 596              		.fpu fpv5-d16
 598              	BspTimer_PWM_InitMonit:
 599              	.LVL73:
 600              	.LFB144:
  40:Bsp/Bsp_Timer.c ****     if (!monitor.monitor_init)
 601              		.loc 1 40 1 is_stmt 1 view -0
 602              		.cfi_startproc
 603              		@ args = 0, pretend = 0, frame = 24
 604              		@ frame_needed = 0, uses_anonymous_args = 0
  40:Bsp/Bsp_Timer.c ****     if (!monitor.monitor_init)
 605              		.loc 1 40 1 is_stmt 0 view .LVU143
ARM GAS  C:\Users\HUAV\AppData\Local\Temp\cclyfZPf.s 			page 19


 606 0000 30B5     		push	{r4, r5, lr}
 607              	.LCFI3:
 608              		.cfi_def_cfa_offset 12
 609              		.cfi_offset 4, -12
 610              		.cfi_offset 5, -8
 611              		.cfi_offset 14, -4
 612 0002 87B0     		sub	sp, sp, #28
 613              	.LCFI4:
 614              		.cfi_def_cfa_offset 40
 615 0004 0446     		mov	r4, r0
  41:Bsp/Bsp_Timer.c ****     {
 616              		.loc 1 41 5 is_stmt 1 view .LVU144
  41:Bsp/Bsp_Timer.c ****     {
 617              		.loc 1 41 17 is_stmt 0 view .LVU145
 618 0006 4B4B     		ldr	r3, .L85
 619 0008 93F88130 		ldrb	r3, [r3, #129]	@ zero_extendqisi2
  41:Bsp/Bsp_Timer.c ****     {
 620              		.loc 1 41 8 view .LVU146
 621 000c D3B1     		cbz	r3, .L78
 622              	.LVL74:
 623              	.L62:
  48:Bsp/Bsp_Timer.c ****     {
 624              		.loc 1 48 5 is_stmt 1 view .LVU147
  48:Bsp/Bsp_Timer.c ****     {
 625              		.loc 1 48 16 is_stmt 0 view .LVU148
 626 000e 494B     		ldr	r3, .L85
 627 0010 93F88010 		ldrb	r1, [r3, #128]	@ zero_extendqisi2
  48:Bsp/Bsp_Timer.c ****     {
 628              		.loc 1 48 8 view .LVU149
 629 0014 11BB     		cbnz	r1, .L73
 630              	.L64:
  57:Bsp/Bsp_Timer.c ****     {
 631              		.loc 1 57 5 is_stmt 1 view .LVU150
  57:Bsp/Bsp_Timer.c ****     {
 632              		.loc 1 57 8 is_stmt 0 view .LVU151
 633 0016 1F29     		cmp	r1, #31
 634 0018 00F28880 		bhi	.L75
  59:Bsp/Bsp_Timer.c ****         {
 635              		.loc 1 59 9 is_stmt 1 view .LVU152
  59:Bsp/Bsp_Timer.c ****         {
 636              		.loc 1 59 12 is_stmt 0 view .LVU153
 637 001c 464B     		ldr	r3, .L85+4
 638 001e 9C42     		cmp	r4, r3
 639 0020 27D0     		beq	.L79
  63:Bsp/Bsp_Timer.c ****         {
 640              		.loc 1 63 14 is_stmt 1 view .LVU154
  63:Bsp/Bsp_Timer.c ****         {
 641              		.loc 1 63 17 is_stmt 0 view .LVU155
 642 0022 B4F1804F 		cmp	r4, #1073741824
 643 0026 39D0     		beq	.L80
  67:Bsp/Bsp_Timer.c ****         {
 644              		.loc 1 67 14 is_stmt 1 view .LVU156
  67:Bsp/Bsp_Timer.c ****         {
 645              		.loc 1 67 17 is_stmt 0 view .LVU157
 646 0028 444B     		ldr	r3, .L85+8
 647 002a 9C42     		cmp	r4, r3
 648 002c 44D0     		beq	.L81
ARM GAS  C:\Users\HUAV\AppData\Local\Temp\cclyfZPf.s 			page 20


  71:Bsp/Bsp_Timer.c ****         {
 649              		.loc 1 71 14 is_stmt 1 view .LVU158
  71:Bsp/Bsp_Timer.c ****         {
 650              		.loc 1 71 17 is_stmt 0 view .LVU159
 651 002e 444B     		ldr	r3, .L85+12
 652 0030 9C42     		cmp	r4, r3
 653 0032 4FD0     		beq	.L82
  75:Bsp/Bsp_Timer.c ****         {
 654              		.loc 1 75 14 is_stmt 1 view .LVU160
  75:Bsp/Bsp_Timer.c ****         {
 655              		.loc 1 75 17 is_stmt 0 view .LVU161
 656 0034 434B     		ldr	r3, .L85+16
 657 0036 9C42     		cmp	r4, r3
 658 0038 5AD0     		beq	.L83
  79:Bsp/Bsp_Timer.c ****         {
 659              		.loc 1 79 14 is_stmt 1 view .LVU162
  79:Bsp/Bsp_Timer.c ****         {
 660              		.loc 1 79 17 is_stmt 0 view .LVU163
 661 003a 434B     		ldr	r3, .L85+20
 662 003c 9C42     		cmp	r4, r3
 663 003e 65D0     		beq	.L84
  84:Bsp/Bsp_Timer.c **** 
 664              		.loc 1 84 20 view .LVU164
 665 0040 0020     		movs	r0, #0
 666 0042 74E0     		b	.L65
 667              	.LVL75:
 668              	.L78:
  43:Bsp/Bsp_Timer.c ****         memset(monitor.list, NULL, sizeof(monitor.list) / sizeof(monitor.list[0]));
 669              		.loc 1 43 9 is_stmt 1 view .LVU165
  43:Bsp/Bsp_Timer.c ****         memset(monitor.list, NULL, sizeof(monitor.list) / sizeof(monitor.list[0]));
 670              		.loc 1 43 26 is_stmt 0 view .LVU166
 671 0044 3B4D     		ldr	r5, .L85
 672 0046 0021     		movs	r1, #0
 673 0048 85F88010 		strb	r1, [r5, #128]
  44:Bsp/Bsp_Timer.c ****         monitor.monitor_init = true;
 674              		.loc 1 44 9 is_stmt 1 view .LVU167
 675 004c 2022     		movs	r2, #32
 676 004e 2846     		mov	r0, r5
 677              	.LVL76:
  44:Bsp/Bsp_Timer.c ****         monitor.monitor_init = true;
 678              		.loc 1 44 9 is_stmt 0 view .LVU168
 679 0050 FFF7FEFF 		bl	memset
 680              	.LVL77:
  45:Bsp/Bsp_Timer.c ****     }
 681              		.loc 1 45 9 is_stmt 1 view .LVU169
  45:Bsp/Bsp_Timer.c ****     }
 682              		.loc 1 45 30 is_stmt 0 view .LVU170
 683 0054 0123     		movs	r3, #1
 684 0056 85F88130 		strb	r3, [r5, #129]
 685 005a D8E7     		b	.L62
 686              	.L73:
 687              	.LBB2:
  50:Bsp/Bsp_Timer.c ****         {
 688              		.loc 1 50 22 view .LVU171
 689 005c 0023     		movs	r3, #0
 690              	.L63:
 691              	.LVL78:
ARM GAS  C:\Users\HUAV\AppData\Local\Temp\cclyfZPf.s 			page 21


  50:Bsp/Bsp_Timer.c ****         {
 692              		.loc 1 50 29 is_stmt 1 discriminator 1 view .LVU172
  50:Bsp/Bsp_Timer.c ****         {
 693              		.loc 1 50 9 is_stmt 0 discriminator 1 view .LVU173
 694 005e 9942     		cmp	r1, r3
 695 0060 D9D9     		bls	.L64
  52:Bsp/Bsp_Timer.c ****                 return false;
 696              		.loc 1 52 13 is_stmt 1 view .LVU174
  52:Bsp/Bsp_Timer.c ****                 return false;
 697              		.loc 1 52 36 is_stmt 0 view .LVU175
 698 0062 344A     		ldr	r2, .L85
 699 0064 52F82320 		ldr	r2, [r2, r3, lsl #2]
  52:Bsp/Bsp_Timer.c ****                 return false;
 700              		.loc 1 52 16 view .LVU176
 701 0068 A242     		cmp	r2, r4
 702 006a 5DD0     		beq	.L74
  50:Bsp/Bsp_Timer.c ****         {
 703              		.loc 1 50 51 is_stmt 1 discriminator 2 view .LVU177
  50:Bsp/Bsp_Timer.c ****         {
 704              		.loc 1 50 52 is_stmt 0 discriminator 2 view .LVU178
 705 006c 0133     		adds	r3, r3, #1
 706              	.LVL79:
  50:Bsp/Bsp_Timer.c ****         {
 707              		.loc 1 50 52 discriminator 2 view .LVU179
 708 006e DBB2     		uxtb	r3, r3
 709              	.LVL80:
  50:Bsp/Bsp_Timer.c ****         {
 710              		.loc 1 50 52 discriminator 2 view .LVU180
 711 0070 F5E7     		b	.L63
 712              	.LVL81:
 713              	.L79:
  50:Bsp/Bsp_Timer.c ****         {
 714              		.loc 1 50 52 discriminator 2 view .LVU181
 715              	.LBE2:
  61:Bsp/Bsp_Timer.c ****         }
 716              		.loc 1 61 13 is_stmt 1 view .LVU182
 717              	.LBB3:
  61:Bsp/Bsp_Timer.c ****         }
 718              		.loc 1 61 13 view .LVU183
  61:Bsp/Bsp_Timer.c ****         }
 719              		.loc 1 61 13 view .LVU184
 720 0072 364B     		ldr	r3, .L85+24
 721 0074 D3F8F020 		ldr	r2, [r3, #240]
 722 0078 42F00102 		orr	r2, r2, #1
 723 007c C3F8F020 		str	r2, [r3, #240]
  61:Bsp/Bsp_Timer.c ****         }
 724              		.loc 1 61 13 view .LVU185
 725 0080 D3F8F030 		ldr	r3, [r3, #240]
 726 0084 03F00103 		and	r3, r3, #1
 727 0088 0093     		str	r3, [sp]
  61:Bsp/Bsp_Timer.c ****         }
 728              		.loc 1 61 13 view .LVU186
 729 008a 009B     		ldr	r3, [sp]
 730              	.LBE3:
  61:Bsp/Bsp_Timer.c ****         }
 731              		.loc 1 61 13 view .LVU187
 732              	.L68:
ARM GAS  C:\Users\HUAV\AppData\Local\Temp\cclyfZPf.s 			page 22


  86:Bsp/Bsp_Timer.c ****         monitor.init_cnt++;
 733              		.loc 1 86 9 view .LVU188
  86:Bsp/Bsp_Timer.c ****         monitor.init_cnt++;
 734              		.loc 1 86 40 is_stmt 0 view .LVU189
 735 008c 294B     		ldr	r3, .L85
 736 008e 43F82140 		str	r4, [r3, r1, lsl #2]
  87:Bsp/Bsp_Timer.c ****     }
 737              		.loc 1 87 9 is_stmt 1 view .LVU190
  87:Bsp/Bsp_Timer.c ****     }
 738              		.loc 1 87 25 is_stmt 0 view .LVU191
 739 0092 0131     		adds	r1, r1, #1
 740 0094 83F88010 		strb	r1, [r3, #128]
  90:Bsp/Bsp_Timer.c **** }
 741              		.loc 1 90 12 view .LVU192
 742 0098 0120     		movs	r0, #1
 743 009a 48E0     		b	.L65
 744              	.L80:
  65:Bsp/Bsp_Timer.c ****         }
 745              		.loc 1 65 13 is_stmt 1 view .LVU193
 746              	.LBB4:
  65:Bsp/Bsp_Timer.c ****         }
 747              		.loc 1 65 13 view .LVU194
  65:Bsp/Bsp_Timer.c ****         }
 748              		.loc 1 65 13 view .LVU195
 749 009c 2B4B     		ldr	r3, .L85+24
 750 009e D3F8E820 		ldr	r2, [r3, #232]
 751 00a2 42F00102 		orr	r2, r2, #1
 752 00a6 C3F8E820 		str	r2, [r3, #232]
  65:Bsp/Bsp_Timer.c ****         }
 753              		.loc 1 65 13 view .LVU196
 754 00aa D3F8E830 		ldr	r3, [r3, #232]
 755 00ae 03F00103 		and	r3, r3, #1
 756 00b2 0193     		str	r3, [sp, #4]
  65:Bsp/Bsp_Timer.c ****         }
 757              		.loc 1 65 13 view .LVU197
 758 00b4 019B     		ldr	r3, [sp, #4]
 759              	.LBE4:
  65:Bsp/Bsp_Timer.c ****         }
 760              		.loc 1 65 13 view .LVU198
 761 00b6 E9E7     		b	.L68
 762              	.L81:
  69:Bsp/Bsp_Timer.c ****         }
 763              		.loc 1 69 13 view .LVU199
 764              	.LBB5:
  69:Bsp/Bsp_Timer.c ****         }
 765              		.loc 1 69 13 view .LVU200
  69:Bsp/Bsp_Timer.c ****         }
 766              		.loc 1 69 13 view .LVU201
 767 00b8 244B     		ldr	r3, .L85+24
 768 00ba D3F8E820 		ldr	r2, [r3, #232]
 769 00be 42F00202 		orr	r2, r2, #2
 770 00c2 C3F8E820 		str	r2, [r3, #232]
  69:Bsp/Bsp_Timer.c ****         }
 771              		.loc 1 69 13 view .LVU202
 772 00c6 D3F8E830 		ldr	r3, [r3, #232]
 773 00ca 03F00203 		and	r3, r3, #2
 774 00ce 0293     		str	r3, [sp, #8]
ARM GAS  C:\Users\HUAV\AppData\Local\Temp\cclyfZPf.s 			page 23


  69:Bsp/Bsp_Timer.c ****         }
 775              		.loc 1 69 13 view .LVU203
 776 00d0 029B     		ldr	r3, [sp, #8]
 777              	.LBE5:
  69:Bsp/Bsp_Timer.c ****         }
 778              		.loc 1 69 13 view .LVU204
 779 00d2 DBE7     		b	.L68
 780              	.L82:
  73:Bsp/Bsp_Timer.c ****         }
 781              		.loc 1 73 13 view .LVU205
 782              	.LBB6:
  73:Bsp/Bsp_Timer.c ****         }
 783              		.loc 1 73 13 view .LVU206
  73:Bsp/Bsp_Timer.c ****         }
 784              		.loc 1 73 13 view .LVU207
 785 00d4 1D4B     		ldr	r3, .L85+24
 786 00d6 D3F8E820 		ldr	r2, [r3, #232]
 787 00da 42F00402 		orr	r2, r2, #4
 788 00de C3F8E820 		str	r2, [r3, #232]
  73:Bsp/Bsp_Timer.c ****         }
 789              		.loc 1 73 13 view .LVU208
 790 00e2 D3F8E830 		ldr	r3, [r3, #232]
 791 00e6 03F00403 		and	r3, r3, #4
 792 00ea 0393     		str	r3, [sp, #12]
  73:Bsp/Bsp_Timer.c ****         }
 793              		.loc 1 73 13 view .LVU209
 794 00ec 039B     		ldr	r3, [sp, #12]
 795              	.LBE6:
  73:Bsp/Bsp_Timer.c ****         }
 796              		.loc 1 73 13 view .LVU210
 797 00ee CDE7     		b	.L68
 798              	.L83:
  77:Bsp/Bsp_Timer.c ****         }
 799              		.loc 1 77 13 view .LVU211
 800              	.LBB7:
  77:Bsp/Bsp_Timer.c ****         }
 801              		.loc 1 77 13 view .LVU212
  77:Bsp/Bsp_Timer.c ****         }
 802              		.loc 1 77 13 view .LVU213
 803 00f0 164B     		ldr	r3, .L85+24
 804 00f2 D3F8E820 		ldr	r2, [r3, #232]
 805 00f6 42F00802 		orr	r2, r2, #8
 806 00fa C3F8E820 		str	r2, [r3, #232]
  77:Bsp/Bsp_Timer.c ****         }
 807              		.loc 1 77 13 view .LVU214
 808 00fe D3F8E830 		ldr	r3, [r3, #232]
 809 0102 03F00803 		and	r3, r3, #8
 810 0106 0493     		str	r3, [sp, #16]
  77:Bsp/Bsp_Timer.c ****         }
 811              		.loc 1 77 13 view .LVU215
 812 0108 049B     		ldr	r3, [sp, #16]
 813              	.LBE7:
  77:Bsp/Bsp_Timer.c ****         }
 814              		.loc 1 77 13 view .LVU216
 815 010a BFE7     		b	.L68
 816              	.L84:
  81:Bsp/Bsp_Timer.c ****         }
ARM GAS  C:\Users\HUAV\AppData\Local\Temp\cclyfZPf.s 			page 24


 817              		.loc 1 81 13 view .LVU217
 818              	.LBB8:
  81:Bsp/Bsp_Timer.c ****         }
 819              		.loc 1 81 13 view .LVU218
  81:Bsp/Bsp_Timer.c ****         }
 820              		.loc 1 81 13 view .LVU219
 821 010c 0F4B     		ldr	r3, .L85+24
 822 010e D3F8E820 		ldr	r2, [r3, #232]
 823 0112 42F01002 		orr	r2, r2, #16
 824 0116 C3F8E820 		str	r2, [r3, #232]
  81:Bsp/Bsp_Timer.c ****         }
 825              		.loc 1 81 13 view .LVU220
 826 011a D3F8E830 		ldr	r3, [r3, #232]
 827 011e 03F01003 		and	r3, r3, #16
 828 0122 0593     		str	r3, [sp, #20]
  81:Bsp/Bsp_Timer.c ****         }
 829              		.loc 1 81 13 view .LVU221
 830 0124 059B     		ldr	r3, [sp, #20]
 831              	.LBE8:
  81:Bsp/Bsp_Timer.c ****         }
 832              		.loc 1 81 13 view .LVU222
 833 0126 B1E7     		b	.L68
 834              	.LVL82:
 835              	.L74:
 836              	.LBB9:
  53:Bsp/Bsp_Timer.c ****         }
 837              		.loc 1 53 24 is_stmt 0 view .LVU223
 838 0128 0020     		movs	r0, #0
 839 012a 00E0     		b	.L65
 840              	.LVL83:
 841              	.L75:
  53:Bsp/Bsp_Timer.c ****         }
 842              		.loc 1 53 24 view .LVU224
 843              	.LBE9:
  90:Bsp/Bsp_Timer.c **** }
 844              		.loc 1 90 12 view .LVU225
 845 012c 0120     		movs	r0, #1
 846              	.L65:
  91:Bsp/Bsp_Timer.c **** 
 847              		.loc 1 91 1 view .LVU226
 848 012e 07B0     		add	sp, sp, #28
 849              	.LCFI5:
 850              		.cfi_def_cfa_offset 12
 851              		@ sp needed
 852 0130 30BD     		pop	{r4, r5, pc}
 853              	.LVL84:
 854              	.L86:
  91:Bsp/Bsp_Timer.c **** 
 855              		.loc 1 91 1 view .LVU227
 856 0132 00BF     		.align	2
 857              	.L85:
 858 0134 00000000 		.word	.LANCHOR0
 859 0138 00000140 		.word	1073807360
 860 013c 00040040 		.word	1073742848
 861 0140 00080040 		.word	1073743872
 862 0144 000C0040 		.word	1073744896
 863 0148 00100040 		.word	1073745920
ARM GAS  C:\Users\HUAV\AppData\Local\Temp\cclyfZPf.s 			page 25


 864 014c 00440258 		.word	1476543488
 865              		.cfi_endproc
 866              	.LFE144:
 868              		.section	.text.BspTimer_PWM_Init,"ax",%progbits
 869              		.align	1
 870              		.syntax unified
 871              		.thumb
 872              		.thumb_func
 873              		.fpu fpv5-d16
 875              	BspTimer_PWM_Init:
 876              	.LVL85:
 877              	.LFB146:
 169:Bsp/Bsp_Timer.c ****     TIM_MasterConfigTypeDef sMasterConfig = {0};
 878              		.loc 1 169 1 is_stmt 1 view -0
 879              		.cfi_startproc
 880              		@ args = 32, pretend = 8, frame = 40
 881              		@ frame_needed = 0, uses_anonymous_args = 0
 169:Bsp/Bsp_Timer.c ****     TIM_MasterConfigTypeDef sMasterConfig = {0};
 882              		.loc 1 169 1 is_stmt 0 view .LVU229
 883 0000 82B0     		sub	sp, sp, #8
 884              	.LCFI6:
 885              		.cfi_def_cfa_offset 8
 886 0002 2DE9F047 		push	{r4, r5, r6, r7, r8, r9, r10, lr}
 887              	.LCFI7:
 888              		.cfi_def_cfa_offset 40
 889              		.cfi_offset 4, -40
 890              		.cfi_offset 5, -36
 891              		.cfi_offset 6, -32
 892              		.cfi_offset 7, -28
 893              		.cfi_offset 8, -24
 894              		.cfi_offset 9, -20
 895              		.cfi_offset 10, -16
 896              		.cfi_offset 14, -12
 897 0006 8AB0     		sub	sp, sp, #40
 898              	.LCFI8:
 899              		.cfi_def_cfa_offset 80
 900 0008 1393     		str	r3, [sp, #76]
 901 000a 9DF85860 		ldrb	r6, [sp, #88]	@ zero_extendqisi2
 902 000e 9DF85C70 		ldrb	r7, [sp, #92]	@ zero_extendqisi2
 170:Bsp/Bsp_Timer.c ****     TIM_OC_InitTypeDef sConfigOC = {0};
 903              		.loc 1 170 5 is_stmt 1 view .LVU230
 170:Bsp/Bsp_Timer.c ****     TIM_OC_InitTypeDef sConfigOC = {0};
 904              		.loc 1 170 29 is_stmt 0 view .LVU231
 905 0012 0023     		movs	r3, #0
 906 0014 0793     		str	r3, [sp, #28]
 907 0016 0893     		str	r3, [sp, #32]
 908 0018 0993     		str	r3, [sp, #36]
 171:Bsp/Bsp_Timer.c **** 
 909              		.loc 1 171 5 is_stmt 1 view .LVU232
 171:Bsp/Bsp_Timer.c **** 
 910              		.loc 1 171 24 is_stmt 0 view .LVU233
 911 001a 0093     		str	r3, [sp]
 912 001c 0193     		str	r3, [sp, #4]
 913 001e 0293     		str	r3, [sp, #8]
 914 0020 0393     		str	r3, [sp, #12]
 915 0022 0493     		str	r3, [sp, #16]
 916 0024 0593     		str	r3, [sp, #20]
ARM GAS  C:\Users\HUAV\AppData\Local\Temp\cclyfZPf.s 			page 26


 917 0026 0693     		str	r3, [sp, #24]
 173:Bsp/Bsp_Timer.c ****         return false;
 918              		.loc 1 173 5 is_stmt 1 view .LVU234
 173:Bsp/Bsp_Timer.c ****         return false;
 919              		.loc 1 173 36 is_stmt 0 view .LVU235
 920 0028 8846     		mov	r8, r1
 921 002a B1FA81F1 		clz	r1, r1
 922              	.LVL86:
 173:Bsp/Bsp_Timer.c ****         return false;
 923              		.loc 1 173 36 view .LVU236
 924 002e 4909     		lsrs	r1, r1, #5
 173:Bsp/Bsp_Timer.c ****         return false;
 925              		.loc 1 173 23 view .LVU237
 926 0030 9842     		cmp	r0, r3
 927 0032 08BF     		it	eq
 928 0034 0121     		moveq	r1, #1
 173:Bsp/Bsp_Timer.c ****         return false;
 929              		.loc 1 173 8 view .LVU238
 930 0036 0029     		cmp	r1, #0
 931 0038 40F0BB80 		bne	.L95
 932 003c 1546     		mov	r5, r2
 933 003e 0446     		mov	r4, r0
 173:Bsp/Bsp_Timer.c ****         return false;
 934              		.loc 1 173 77 discriminator 1 view .LVU239
 935 0040 199B     		ldr	r3, [sp, #100]
 936 0042 B3FA83F9 		clz	r9, r3
 937 0046 4FEA5919 		lsr	r9, r9, #5
 173:Bsp/Bsp_Timer.c ****         return false;
 938              		.loc 1 173 64 discriminator 1 view .LVU240
 939 004a 189B     		ldr	r3, [sp, #96]
 940 004c 002B     		cmp	r3, #0
 941 004e 08BF     		it	eq
 942 0050 4FF00109 		moveq	r9, #1
 943 0054 B9F1000F 		cmp	r9, #0
 944 0058 40F0B380 		bne	.L96
 176:Bsp/Bsp_Timer.c ****     obj->stream = stream;
 945              		.loc 1 176 5 is_stmt 1 view .LVU241
 176:Bsp/Bsp_Timer.c ****     obj->stream = stream;
 946              		.loc 1 176 14 is_stmt 0 view .LVU242
 947 005c 0672     		strb	r6, [r0, #8]
 177:Bsp/Bsp_Timer.c **** 
 948              		.loc 1 177 5 is_stmt 1 view .LVU243
 177:Bsp/Bsp_Timer.c **** 
 949              		.loc 1 177 17 is_stmt 0 view .LVU244
 950 005e 4772     		strb	r7, [r0, #9]
 179:Bsp/Bsp_Timer.c ****     {
 951              		.loc 1 179 5 is_stmt 1 view .LVU245
 952 0060 0C2A     		cmp	r2, #12
 953 0062 00F2A880 		bhi	.L88
 954 0066 DFE802F0 		tbb	[pc, r2]
 955              	.L90:
 956 006a 07       		.byte	(.L93-.L90)/2
 957 006b A6       		.byte	(.L88-.L90)/2
 958 006c A6       		.byte	(.L88-.L90)/2
 959 006d A6       		.byte	(.L88-.L90)/2
 960 006e 84       		.byte	(.L92-.L90)/2
 961 006f A6       		.byte	(.L88-.L90)/2
ARM GAS  C:\Users\HUAV\AppData\Local\Temp\cclyfZPf.s 			page 27


 962 0070 A6       		.byte	(.L88-.L90)/2
 963 0071 A6       		.byte	(.L88-.L90)/2
 964 0072 8C       		.byte	(.L91-.L90)/2
 965 0073 A6       		.byte	(.L88-.L90)/2
 966 0074 A6       		.byte	(.L88-.L90)/2
 967 0075 A6       		.byte	(.L88-.L90)/2
 968 0076 94       		.byte	(.L89-.L90)/2
 969 0077 00       		.p2align 1
 970              	.L93:
 182:Bsp/Bsp_Timer.c ****         obj->tim_dma_cc = TIM_DMA_CC1;
 971              		.loc 1 182 9 view .LVU246
 182:Bsp/Bsp_Timer.c ****         obj->tim_dma_cc = TIM_DMA_CC1;
 972              		.loc 1 182 28 is_stmt 0 view .LVU247
 973 0078 0123     		movs	r3, #1
 974 007a C0F8D830 		str	r3, [r0, #216]
 183:Bsp/Bsp_Timer.c ****         break;
 975              		.loc 1 183 9 is_stmt 1 view .LVU248
 183:Bsp/Bsp_Timer.c ****         break;
 976              		.loc 1 183 25 is_stmt 0 view .LVU249
 977 007e 4FF40073 		mov	r3, #512
 978 0082 C0F8DC30 		str	r3, [r0, #220]
 184:Bsp/Bsp_Timer.c **** 
 979              		.loc 1 184 9 is_stmt 1 view .LVU250
 980              	.L94:
 205:Bsp/Bsp_Timer.c ****     obj->instance = instance;
 981              		.loc 1 205 5 view .LVU251
 982 0086 4046     		mov	r0, r8
 983              	.LVL87:
 205:Bsp/Bsp_Timer.c ****     obj->instance = instance;
 984              		.loc 1 205 5 is_stmt 0 view .LVU252
 985 0088 FFF7FEFF 		bl	BspTimer_PWM_InitMonit
 986              	.LVL88:
 206:Bsp/Bsp_Timer.c ****     obj->tim_hdl.Instance = instance;
 987              		.loc 1 206 5 is_stmt 1 view .LVU253
 206:Bsp/Bsp_Timer.c ****     obj->tim_hdl.Instance = instance;
 988              		.loc 1 206 19 is_stmt 0 view .LVU254
 989 008c C4F80080 		str	r8, [r4]
 207:Bsp/Bsp_Timer.c ****     obj->tim_hdl.Init.Prescaler = 0;
 990              		.loc 1 207 5 is_stmt 1 view .LVU255
 207:Bsp/Bsp_Timer.c ****     obj->tim_hdl.Init.Prescaler = 0;
 991              		.loc 1 207 27 is_stmt 0 view .LVU256
 992 0090 C4F88480 		str	r8, [r4, #132]
 208:Bsp/Bsp_Timer.c ****     obj->tim_hdl.Init.CounterMode = TIM_COUNTERMODE_UP;
 993              		.loc 1 208 5 is_stmt 1 view .LVU257
 208:Bsp/Bsp_Timer.c ****     obj->tim_hdl.Init.CounterMode = TIM_COUNTERMODE_UP;
 994              		.loc 1 208 33 is_stmt 0 view .LVU258
 995 0094 4FF0000A 		mov	r10, #0
 996 0098 C4F888A0 		str	r10, [r4, #136]
 209:Bsp/Bsp_Timer.c ****     obj->tim_hdl.Init.Period = 0;
 997              		.loc 1 209 5 is_stmt 1 view .LVU259
 209:Bsp/Bsp_Timer.c ****     obj->tim_hdl.Init.Period = 0;
 998              		.loc 1 209 35 is_stmt 0 view .LVU260
 999 009c C4F88CA0 		str	r10, [r4, #140]
 210:Bsp/Bsp_Timer.c ****     obj->tim_hdl.Init.ClockDivision = TIM_CLOCKDIVISION_DIV1;
 1000              		.loc 1 210 5 is_stmt 1 view .LVU261
 210:Bsp/Bsp_Timer.c ****     obj->tim_hdl.Init.ClockDivision = TIM_CLOCKDIVISION_DIV1;
 1001              		.loc 1 210 30 is_stmt 0 view .LVU262
ARM GAS  C:\Users\HUAV\AppData\Local\Temp\cclyfZPf.s 			page 28


 1002 00a0 C4F890A0 		str	r10, [r4, #144]
 211:Bsp/Bsp_Timer.c ****     obj->tim_hdl.Init.AutoReloadPreload = TIM_AUTORELOAD_PRELOAD_DISABLE;
 1003              		.loc 1 211 5 is_stmt 1 view .LVU263
 211:Bsp/Bsp_Timer.c ****     obj->tim_hdl.Init.AutoReloadPreload = TIM_AUTORELOAD_PRELOAD_DISABLE;
 1004              		.loc 1 211 37 is_stmt 0 view .LVU264
 1005 00a4 C4F894A0 		str	r10, [r4, #148]
 212:Bsp/Bsp_Timer.c **** 
 1006              		.loc 1 212 5 is_stmt 1 view .LVU265
 212:Bsp/Bsp_Timer.c **** 
 1007              		.loc 1 212 41 is_stmt 0 view .LVU266
 1008 00a8 C4F89CA0 		str	r10, [r4, #156]
 215:Bsp/Bsp_Timer.c ****     obj->dma_hdl.Init.Request = BspTimer_Get_DMA_Request(instance, ch);
 1009              		.loc 1 215 5 is_stmt 1 view .LVU267
 215:Bsp/Bsp_Timer.c ****     obj->dma_hdl.Init.Request = BspTimer_Get_DMA_Request(instance, ch);
 1010              		.loc 1 215 35 is_stmt 0 view .LVU268
 1011 00ac 464B     		ldr	r3, .L100
 1012 00ae DB68     		ldr	r3, [r3, #12]
 215:Bsp/Bsp_Timer.c ****     obj->dma_hdl.Init.Request = BspTimer_Get_DMA_Request(instance, ch);
 1013              		.loc 1 215 29 view .LVU269
 1014 00b0 76B2     		sxtb	r6, r6
 1015 00b2 7FB2     		sxtb	r7, r7
 1016 00b4 3946     		mov	r1, r7
 1017 00b6 3046     		mov	r0, r6
 1018 00b8 9847     		blx	r3
 1019              	.LVL89:
 215:Bsp/Bsp_Timer.c ****     obj->dma_hdl.Init.Request = BspTimer_Get_DMA_Request(instance, ch);
 1020              		.loc 1 215 27 view .LVU270
 1021 00ba E060     		str	r0, [r4, #12]
 216:Bsp/Bsp_Timer.c ****     obj->dma_hdl.Init.Direction = DMA_MEMORY_TO_PERIPH;
 1022              		.loc 1 216 5 is_stmt 1 view .LVU271
 216:Bsp/Bsp_Timer.c ****     obj->dma_hdl.Init.Direction = DMA_MEMORY_TO_PERIPH;
 1023              		.loc 1 216 33 is_stmt 0 view .LVU272
 1024 00bc 2946     		mov	r1, r5
 1025 00be 4046     		mov	r0, r8
 1026 00c0 FFF7FEFF 		bl	BspTimer_Get_DMA_Request
 1027              	.LVL90:
 216:Bsp/Bsp_Timer.c ****     obj->dma_hdl.Init.Direction = DMA_MEMORY_TO_PERIPH;
 1028              		.loc 1 216 31 view .LVU273
 1029 00c4 2061     		str	r0, [r4, #16]
 217:Bsp/Bsp_Timer.c ****     obj->dma_hdl.Init.PeriphInc = DMA_PINC_DISABLE;
 1030              		.loc 1 217 5 is_stmt 1 view .LVU274
 217:Bsp/Bsp_Timer.c ****     obj->dma_hdl.Init.PeriphInc = DMA_PINC_DISABLE;
 1031              		.loc 1 217 33 is_stmt 0 view .LVU275
 1032 00c6 4023     		movs	r3, #64
 1033 00c8 6361     		str	r3, [r4, #20]
 218:Bsp/Bsp_Timer.c ****     obj->dma_hdl.Init.MemInc = DMA_MINC_ENABLE;
 1034              		.loc 1 218 5 is_stmt 1 view .LVU276
 218:Bsp/Bsp_Timer.c ****     obj->dma_hdl.Init.MemInc = DMA_MINC_ENABLE;
 1035              		.loc 1 218 33 is_stmt 0 view .LVU277
 1036 00ca C4F818A0 		str	r10, [r4, #24]
 219:Bsp/Bsp_Timer.c ****     obj->dma_hdl.Init.PeriphDataAlignment = DMA_PDATAALIGN_WORD;
 1037              		.loc 1 219 5 is_stmt 1 view .LVU278
 219:Bsp/Bsp_Timer.c ****     obj->dma_hdl.Init.PeriphDataAlignment = DMA_PDATAALIGN_WORD;
 1038              		.loc 1 219 30 is_stmt 0 view .LVU279
 1039 00ce 4FF48063 		mov	r3, #1024
 1040 00d2 E361     		str	r3, [r4, #28]
 220:Bsp/Bsp_Timer.c ****     obj->dma_hdl.Init.MemDataAlignment = DMA_PDATAALIGN_WORD;
ARM GAS  C:\Users\HUAV\AppData\Local\Temp\cclyfZPf.s 			page 29


 1041              		.loc 1 220 5 is_stmt 1 view .LVU280
 220:Bsp/Bsp_Timer.c ****     obj->dma_hdl.Init.MemDataAlignment = DMA_PDATAALIGN_WORD;
 1042              		.loc 1 220 43 is_stmt 0 view .LVU281
 1043 00d4 4FF48053 		mov	r3, #4096
 1044 00d8 2362     		str	r3, [r4, #32]
 221:Bsp/Bsp_Timer.c ****     obj->dma_hdl.Init.Mode = DMA_NORMAL;
 1045              		.loc 1 221 5 is_stmt 1 view .LVU282
 221:Bsp/Bsp_Timer.c ****     obj->dma_hdl.Init.Mode = DMA_NORMAL;
 1046              		.loc 1 221 40 is_stmt 0 view .LVU283
 1047 00da 6362     		str	r3, [r4, #36]
 222:Bsp/Bsp_Timer.c ****     obj->dma_hdl.Init.Priority = DMA_PRIORITY_HIGH;
 1048              		.loc 1 222 5 is_stmt 1 view .LVU284
 222:Bsp/Bsp_Timer.c ****     obj->dma_hdl.Init.Priority = DMA_PRIORITY_HIGH;
 1049              		.loc 1 222 28 is_stmt 0 view .LVU285
 1050 00dc C4F828A0 		str	r10, [r4, #40]
 223:Bsp/Bsp_Timer.c ****     obj->dma_hdl.Init.FIFOMode = DMA_FIFOMODE_ENABLE;
 1051              		.loc 1 223 5 is_stmt 1 view .LVU286
 223:Bsp/Bsp_Timer.c ****     obj->dma_hdl.Init.FIFOMode = DMA_FIFOMODE_ENABLE;
 1052              		.loc 1 223 32 is_stmt 0 view .LVU287
 1053 00e0 4FF40033 		mov	r3, #131072
 1054 00e4 E362     		str	r3, [r4, #44]
 224:Bsp/Bsp_Timer.c ****     obj->dma_hdl.Init.FIFOThreshold = DMA_FIFO_THRESHOLD_1QUARTERFULL;
 1055              		.loc 1 224 5 is_stmt 1 view .LVU288
 224:Bsp/Bsp_Timer.c ****     obj->dma_hdl.Init.FIFOThreshold = DMA_FIFO_THRESHOLD_1QUARTERFULL;
 1056              		.loc 1 224 32 is_stmt 0 view .LVU289
 1057 00e6 0423     		movs	r3, #4
 1058 00e8 2363     		str	r3, [r4, #48]
 225:Bsp/Bsp_Timer.c ****     obj->dma_hdl.Init.MemBurst = DMA_MBURST_SINGLE;
 1059              		.loc 1 225 5 is_stmt 1 view .LVU290
 225:Bsp/Bsp_Timer.c ****     obj->dma_hdl.Init.MemBurst = DMA_MBURST_SINGLE;
 1060              		.loc 1 225 37 is_stmt 0 view .LVU291
 1061 00ea C4F834A0 		str	r10, [r4, #52]
 226:Bsp/Bsp_Timer.c ****     obj->dma_hdl.Init.PeriphBurst = DMA_PBURST_SINGLE;
 1062              		.loc 1 226 5 is_stmt 1 view .LVU292
 226:Bsp/Bsp_Timer.c ****     obj->dma_hdl.Init.PeriphBurst = DMA_PBURST_SINGLE;
 1063              		.loc 1 226 32 is_stmt 0 view .LVU293
 1064 00ee C4F838A0 		str	r10, [r4, #56]
 227:Bsp/Bsp_Timer.c **** 
 1065              		.loc 1 227 5 is_stmt 1 view .LVU294
 227:Bsp/Bsp_Timer.c **** 
 1066              		.loc 1 227 35 is_stmt 0 view .LVU295
 1067 00f2 C4F83CA0 		str	r10, [r4, #60]
 229:Bsp/Bsp_Timer.c ****         return false;
 1068              		.loc 1 229 5 is_stmt 1 view .LVU296
 229:Bsp/Bsp_Timer.c ****         return false;
 1069              		.loc 1 229 9 is_stmt 0 view .LVU297
 1070 00f6 04F10C08 		add	r8, r4, #12
 1071              	.LVL91:
 229:Bsp/Bsp_Timer.c ****         return false;
 1072              		.loc 1 229 9 view .LVU298
 1073 00fa 4046     		mov	r0, r8
 1074 00fc FFF7FEFF 		bl	HAL_DMA_Init
 1075              	.LVL92:
 229:Bsp/Bsp_Timer.c ****         return false;
 1076              		.loc 1 229 8 view .LVU299
 1077 0100 0028     		cmp	r0, #0
 1078 0102 58D1     		bne	.L88
ARM GAS  C:\Users\HUAV\AppData\Local\Temp\cclyfZPf.s 			page 30


 232:Bsp/Bsp_Timer.c **** 
 1079              		.loc 1 232 5 is_stmt 1 view .LVU300
 232:Bsp/Bsp_Timer.c **** 
 1080              		.loc 1 232 5 view .LVU301
 1081 0104 D4F8D830 		ldr	r3, [r4, #216]
 1082 0108 2833     		adds	r3, r3, #40
 1083 010a 04EB8303 		add	r3, r4, r3, lsl #2
 1084 010e C3F80480 		str	r8, [r3, #4]
 232:Bsp/Bsp_Timer.c **** 
 1085              		.loc 1 232 5 view .LVU302
 1086 0112 04F1840A 		add	r10, r4, #132
 1087 0116 C4F844A0 		str	r10, [r4, #68]
 232:Bsp/Bsp_Timer.c **** 
 1088              		.loc 1 232 5 view .LVU303
 234:Bsp/Bsp_Timer.c ****         return false;
 1089              		.loc 1 234 5 view .LVU304
 234:Bsp/Bsp_Timer.c ****         return false;
 1090              		.loc 1 234 9 is_stmt 0 view .LVU305
 1091 011a 5046     		mov	r0, r10
 1092 011c FFF7FEFF 		bl	HAL_TIM_PWM_Init
 1093              	.LVL93:
 234:Bsp/Bsp_Timer.c ****         return false;
 1094              		.loc 1 234 8 view .LVU306
 1095 0120 0028     		cmp	r0, #0
 1096 0122 48D1     		bne	.L88
 237:Bsp/Bsp_Timer.c ****     sMasterConfig.MasterSlaveMode = TIM_MASTERSLAVEMODE_DISABLE;
 1097              		.loc 1 237 5 is_stmt 1 view .LVU307
 237:Bsp/Bsp_Timer.c ****     sMasterConfig.MasterSlaveMode = TIM_MASTERSLAVEMODE_DISABLE;
 1098              		.loc 1 237 39 is_stmt 0 view .LVU308
 1099 0124 0023     		movs	r3, #0
 1100 0126 0793     		str	r3, [sp, #28]
 238:Bsp/Bsp_Timer.c **** 
 1101              		.loc 1 238 5 is_stmt 1 view .LVU309
 238:Bsp/Bsp_Timer.c **** 
 1102              		.loc 1 238 35 is_stmt 0 view .LVU310
 1103 0128 0993     		str	r3, [sp, #36]
 240:Bsp/Bsp_Timer.c ****         return false;
 1104              		.loc 1 240 5 is_stmt 1 view .LVU311
 240:Bsp/Bsp_Timer.c ****         return false;
 1105              		.loc 1 240 9 is_stmt 0 view .LVU312
 1106 012a 07A9     		add	r1, sp, #28
 1107 012c 5046     		mov	r0, r10
 1108 012e FFF7FEFF 		bl	HAL_TIMEx_MasterConfigSynchronization
 1109              	.LVL94:
 240:Bsp/Bsp_Timer.c ****         return false;
 1110              		.loc 1 240 8 view .LVU313
 1111 0132 0028     		cmp	r0, #0
 1112 0134 3FD1     		bne	.L88
 243:Bsp/Bsp_Timer.c ****     sConfigOC.Pulse = 0;
 1113              		.loc 1 243 5 is_stmt 1 view .LVU314
 243:Bsp/Bsp_Timer.c ****     sConfigOC.Pulse = 0;
 1114              		.loc 1 243 22 is_stmt 0 view .LVU315
 1115 0136 6023     		movs	r3, #96
 1116 0138 0093     		str	r3, [sp]
 244:Bsp/Bsp_Timer.c ****     sConfigOC.OCPolarity = TIM_OCPOLARITY_HIGH;
 1117              		.loc 1 244 5 is_stmt 1 view .LVU316
 244:Bsp/Bsp_Timer.c ****     sConfigOC.OCPolarity = TIM_OCPOLARITY_HIGH;
ARM GAS  C:\Users\HUAV\AppData\Local\Temp\cclyfZPf.s 			page 31


 1118              		.loc 1 244 21 is_stmt 0 view .LVU317
 1119 013a 0023     		movs	r3, #0
 1120 013c 0193     		str	r3, [sp, #4]
 245:Bsp/Bsp_Timer.c ****     sConfigOC.OCFastMode = TIM_OCFAST_DISABLE;
 1121              		.loc 1 245 5 is_stmt 1 view .LVU318
 245:Bsp/Bsp_Timer.c ****     sConfigOC.OCFastMode = TIM_OCFAST_DISABLE;
 1122              		.loc 1 245 26 is_stmt 0 view .LVU319
 1123 013e 0293     		str	r3, [sp, #8]
 246:Bsp/Bsp_Timer.c **** 
 1124              		.loc 1 246 5 is_stmt 1 view .LVU320
 246:Bsp/Bsp_Timer.c **** 
 1125              		.loc 1 246 26 is_stmt 0 view .LVU321
 1126 0140 0493     		str	r3, [sp, #16]
 248:Bsp/Bsp_Timer.c ****         return false;
 1127              		.loc 1 248 5 is_stmt 1 view .LVU322
 248:Bsp/Bsp_Timer.c ****         return false;
 1128              		.loc 1 248 9 is_stmt 0 view .LVU323
 1129 0142 2A46     		mov	r2, r5
 1130 0144 6946     		mov	r1, sp
 1131 0146 5046     		mov	r0, r10
 1132 0148 FFF7FEFF 		bl	HAL_TIM_PWM_ConfigChannel
 1133              	.LVL95:
 248:Bsp/Bsp_Timer.c ****         return false;
 1134              		.loc 1 248 8 view .LVU324
 1135 014c 98BB     		cbnz	r0, .L88
 251:Bsp/Bsp_Timer.c **** 
 1136              		.loc 1 251 5 is_stmt 1 view .LVU325
 251:Bsp/Bsp_Timer.c **** 
 1137              		.loc 1 251 22 is_stmt 0 view .LVU326
 1138 014e 6560     		str	r5, [r4, #4]
 254:Bsp/Bsp_Timer.c **** 
 1139              		.loc 1 254 5 is_stmt 1 view .LVU327
 254:Bsp/Bsp_Timer.c **** 
 1140              		.loc 1 254 12 is_stmt 0 view .LVU328
 1141 0150 1E4B     		ldr	r3, .L100+4
 1142 0152 DC68     		ldr	r4, [r3, #12]
 1143              	.LVL96:
 254:Bsp/Bsp_Timer.c **** 
 1144              		.loc 1 254 5 view .LVU329
 1145 0154 13AB     		add	r3, sp, #76
 1146 0156 93E80700 		ldm	r3, {r0, r1, r2}
 1147 015a A047     		blx	r4
 1148              	.LVL97:
 257:Bsp/Bsp_Timer.c ****     {
 1149              		.loc 1 257 5 is_stmt 1 view .LVU330
 257:Bsp/Bsp_Timer.c ****     {
 1150              		.loc 1 257 15 is_stmt 0 view .LVU331
 1151 015c 1A4B     		ldr	r3, .L100
 1152 015e 1B68     		ldr	r3, [r3]
 257:Bsp/Bsp_Timer.c ****     {
 1153              		.loc 1 257 9 view .LVU332
 1154 0160 4246     		mov	r2, r8
 1155 0162 3946     		mov	r1, r7
 1156 0164 3046     		mov	r0, r6
 1157 0166 9847     		blx	r3
 1158              	.LVL98:
 257:Bsp/Bsp_Timer.c ****     {
ARM GAS  C:\Users\HUAV\AppData\Local\Temp\cclyfZPf.s 			page 32


 1159              		.loc 1 257 8 view .LVU333
 1160 0168 8146     		mov	r9, r0
 1161 016a D0B9     		cbnz	r0, .L99
 264:Bsp/Bsp_Timer.c **** }
 1162              		.loc 1 264 12 view .LVU334
 1163 016c 4FF00109 		mov	r9, #1
 1164 0170 21E0     		b	.L88
 1165              	.LVL99:
 1166              	.L92:
 187:Bsp/Bsp_Timer.c ****         obj->tim_dma_cc = TIM_DMA_CC2;
 1167              		.loc 1 187 9 is_stmt 1 view .LVU335
 187:Bsp/Bsp_Timer.c ****         obj->tim_dma_cc = TIM_DMA_CC2;
 1168              		.loc 1 187 28 is_stmt 0 view .LVU336
 1169 0172 0223     		movs	r3, #2
 1170 0174 C0F8D830 		str	r3, [r0, #216]
 188:Bsp/Bsp_Timer.c ****         break;
 1171              		.loc 1 188 9 is_stmt 1 view .LVU337
 188:Bsp/Bsp_Timer.c ****         break;
 1172              		.loc 1 188 25 is_stmt 0 view .LVU338
 1173 0178 4FF48063 		mov	r3, #1024
 1174 017c C0F8DC30 		str	r3, [r0, #220]
 189:Bsp/Bsp_Timer.c **** 
 1175              		.loc 1 189 9 is_stmt 1 view .LVU339
 1176 0180 81E7     		b	.L94
 1177              	.L91:
 192:Bsp/Bsp_Timer.c ****         obj->tim_dma_cc = TIM_DMA_CC3;
 1178              		.loc 1 192 9 view .LVU340
 192:Bsp/Bsp_Timer.c ****         obj->tim_dma_cc = TIM_DMA_CC3;
 1179              		.loc 1 192 28 is_stmt 0 view .LVU341
 1180 0182 0323     		movs	r3, #3
 1181 0184 C0F8D830 		str	r3, [r0, #216]
 193:Bsp/Bsp_Timer.c ****         break;
 1182              		.loc 1 193 9 is_stmt 1 view .LVU342
 193:Bsp/Bsp_Timer.c ****         break;
 1183              		.loc 1 193 25 is_stmt 0 view .LVU343
 1184 0188 4FF40063 		mov	r3, #2048
 1185 018c C0F8DC30 		str	r3, [r0, #220]
 194:Bsp/Bsp_Timer.c **** 
 1186              		.loc 1 194 9 is_stmt 1 view .LVU344
 1187 0190 79E7     		b	.L94
 1188              	.L89:
 197:Bsp/Bsp_Timer.c ****         obj->tim_dma_cc = TIM_DMA_CC4;
 1189              		.loc 1 197 9 view .LVU345
 197:Bsp/Bsp_Timer.c ****         obj->tim_dma_cc = TIM_DMA_CC4;
 1190              		.loc 1 197 28 is_stmt 0 view .LVU346
 1191 0192 0423     		movs	r3, #4
 1192 0194 C0F8D830 		str	r3, [r0, #216]
 198:Bsp/Bsp_Timer.c ****         break;
 1193              		.loc 1 198 9 is_stmt 1 view .LVU347
 198:Bsp/Bsp_Timer.c ****         break;
 1194              		.loc 1 198 25 is_stmt 0 view .LVU348
 1195 0198 4FF48053 		mov	r3, #4096
 1196 019c C0F8DC30 		str	r3, [r0, #220]
 199:Bsp/Bsp_Timer.c **** 
 1197              		.loc 1 199 9 is_stmt 1 view .LVU349
 1198 01a0 71E7     		b	.L94
 1199              	.LVL100:
ARM GAS  C:\Users\HUAV\AppData\Local\Temp\cclyfZPf.s 			page 33


 1200              	.L99:
 260:Bsp/Bsp_Timer.c ****         return true;
 1201              		.loc 1 260 9 view .LVU350
 260:Bsp/Bsp_Timer.c ****         return true;
 1202              		.loc 1 260 15 is_stmt 0 view .LVU351
 1203 01a2 094B     		ldr	r3, .L100
 1204 01a4 1C69     		ldr	r4, [r3, #16]
 260:Bsp/Bsp_Timer.c ****         return true;
 1205              		.loc 1 260 9 view .LVU352
 1206 01a6 0023     		movs	r3, #0
 1207 01a8 0522     		movs	r2, #5
 1208 01aa 3946     		mov	r1, r7
 1209 01ac 3046     		mov	r0, r6
 1210 01ae A047     		blx	r4
 1211              	.LVL101:
 261:Bsp/Bsp_Timer.c ****     }
 1212              		.loc 1 261 9 is_stmt 1 view .LVU353
 261:Bsp/Bsp_Timer.c ****     }
 1213              		.loc 1 261 16 is_stmt 0 view .LVU354
 1214 01b0 01E0     		b	.L88
 1215              	.LVL102:
 1216              	.L95:
 174:Bsp/Bsp_Timer.c **** 
 1217              		.loc 1 174 16 view .LVU355
 1218 01b2 4FF00009 		mov	r9, #0
 1219              	.LVL103:
 1220              	.L88:
 265:Bsp/Bsp_Timer.c **** 
 1221              		.loc 1 265 1 view .LVU356
 1222 01b6 4846     		mov	r0, r9
 1223 01b8 0AB0     		add	sp, sp, #40
 1224              	.LCFI9:
 1225              		.cfi_remember_state
 1226              		.cfi_def_cfa_offset 40
 1227              		@ sp needed
 1228 01ba BDE8F047 		pop	{r4, r5, r6, r7, r8, r9, r10, lr}
 1229              	.LCFI10:
 1230              		.cfi_restore 14
 1231              		.cfi_restore 10
 1232              		.cfi_restore 9
 1233              		.cfi_restore 8
 1234              		.cfi_restore 7
 1235              		.cfi_restore 6
 1236              		.cfi_restore 5
 1237              		.cfi_restore 4
 1238              		.cfi_def_cfa_offset 8
 1239 01be 02B0     		add	sp, sp, #8
 1240              	.LCFI11:
 1241              		.cfi_def_cfa_offset 0
 1242 01c0 7047     		bx	lr
 1243              	.LVL104:
 1244              	.L96:
 1245              	.LCFI12:
 1246              		.cfi_restore_state
 174:Bsp/Bsp_Timer.c **** 
 1247              		.loc 1 174 16 view .LVU357
 1248 01c2 8946     		mov	r9, r1
ARM GAS  C:\Users\HUAV\AppData\Local\Temp\cclyfZPf.s 			page 34


 1249 01c4 F7E7     		b	.L88
 1250              	.L101:
 1251 01c6 00BF     		.align	2
 1252              	.L100:
 1253 01c8 00000000 		.word	BspDMA
 1254 01cc 00000000 		.word	BspGPIO
 1255              		.cfi_endproc
 1256              	.LFE146:
 1258              		.global	BspTimer_PWM
 1259              		.global	monitor
 1260              		.section	.bss.monitor,"aw",%nobits
 1261              		.align	2
 1262              		.set	.LANCHOR0,. + 0
 1265              	monitor:
 1266 0000 00000000 		.space	132
 1266      00000000 
 1266      00000000 
 1266      00000000 
 1266      00000000 
 1267              		.section	.data.BspTimer_PWM,"aw"
 1268              		.align	2
 1271              	BspTimer_PWM:
 1272 0000 00000000 		.word	BspTimer_PWM_Init
 1273 0004 00000000 		.word	BspTimer_SetPreScale
 1274 0008 00000000 		.word	BspTimer_SetAutoReload
 1275 000c 00000000 		.word	BspTimer_PWM_Start
 1276 0010 00000000 		.word	BspTimer_DMA_Start
 1277              		.text
 1278              	.Letext0:
 1279              		.file 2 "d:\\software\\zephyr_env_gcc\\gcc-arm-none-eabi-9-2019-q4-major-win32\\arm-none-eabi\\inc
 1280              		.file 3 "d:\\software\\zephyr_env_gcc\\gcc-arm-none-eabi-9-2019-q4-major-win32\\arm-none-eabi\\inc
 1281              		.file 4 "HAL_Lib/CMSIS/Core/Include/core_cm7.h"
 1282              		.file 5 "HAL_Lib/CMSIS/Device/ST/STM32H7xx/Include/system_stm32h7xx.h"
 1283              		.file 6 "HAL_Lib/CMSIS/Device/ST/STM32H7xx/Include/stm32h743xx.h"
 1284              		.file 7 "d:\\software\\zephyr_env_gcc\\gcc-arm-none-eabi-9-2019-q4-major-win32\\arm-none-eabi\\inc
 1285              		.file 8 "d:\\software\\zephyr_env_gcc\\gcc-arm-none-eabi-9-2019-q4-major-win32\\arm-none-eabi\\inc
 1286              		.file 9 "d:\\software\\zephyr_env_gcc\\gcc-arm-none-eabi-9-2019-q4-major-win32\\lib\\gcc\\arm-none
 1287              		.file 10 "d:\\software\\zephyr_env_gcc\\gcc-arm-none-eabi-9-2019-q4-major-win32\\arm-none-eabi\\in
 1288              		.file 11 "d:\\software\\zephyr_env_gcc\\gcc-arm-none-eabi-9-2019-q4-major-win32\\arm-none-eabi\\in
 1289              		.file 12 "HAL_Lib/STM32H7xx_HAL_Driver/Inc/stm32h7xx_hal_def.h"
 1290              		.file 13 "HAL_Lib/STM32H7xx_HAL_Driver/Inc/stm32h7xx_hal_gpio.h"
 1291              		.file 14 "HAL_Lib/STM32H7xx_HAL_Driver/Inc/stm32h7xx_hal_dma.h"
 1292              		.file 15 "HAL_Lib/STM32H7xx_HAL_Driver/Inc/stm32h7xx_hal_flash.h"
 1293              		.file 16 "HAL_Lib/STM32H7xx_HAL_Driver/Inc/stm32h7xx_hal_tim.h"
 1294              		.file 17 "HAL_Lib/STM32H7xx_HAL_Driver/Inc/stm32h7xx_hal_uart.h"
 1295              		.file 18 "HAL_Lib/STM32H7xx_HAL_Driver/Inc/stm32h7xx_hal.h"
 1296              		.file 19 "Bsp/Bsp_DMA.h"
 1297              		.file 20 "d:\\software\\zephyr_env_gcc\\gcc-arm-none-eabi-9-2019-q4-major-win32\\arm-none-eabi\\in
 1298              		.file 21 "Bsp/Bsp_GPIO.h"
 1299              		.file 22 "Bsp/Bsp_Timer.h"
 1300              		.file 23 "HAL_Lib/STM32H7xx_HAL_Driver/Inc/stm32h7xx_hal_tim_ex.h"
 1301              		.file 24 "<built-in>"
ARM GAS  C:\Users\HUAV\AppData\Local\Temp\cclyfZPf.s 			page 35


DEFINED SYMBOLS
                            *ABS*:00000000 Bsp_Timer.c
C:\Users\HUAV\AppData\Local\Temp\cclyfZPf.s:17     .text.BspTimer_Get_DMA_Request:00000000 $t
C:\Users\HUAV\AppData\Local\Temp\cclyfZPf.s:24     .text.BspTimer_Get_DMA_Request:00000000 BspTimer_Get_DMA_Request
C:\Users\HUAV\AppData\Local\Temp\cclyfZPf.s:76     .text.BspTimer_Get_DMA_Request:0000003a $d
C:\Users\HUAV\AppData\Local\Temp\cclyfZPf.s:103    .text.BspTimer_Get_DMA_Request:00000054 $d
C:\Users\HUAV\AppData\Local\Temp\cclyfZPf.s:155    .text.BspTimer_Get_DMA_Request:0000007a $d
C:\Users\HUAV\AppData\Local\Temp\cclyfZPf.s:275    .text.BspTimer_Get_DMA_Request:000000c0 $d
C:\Users\HUAV\AppData\Local\Temp\cclyfZPf.s:281    .text.BspTimer_SetPreScale:00000000 $t
C:\Users\HUAV\AppData\Local\Temp\cclyfZPf.s:287    .text.BspTimer_SetPreScale:00000000 BspTimer_SetPreScale
C:\Users\HUAV\AppData\Local\Temp\cclyfZPf.s:307    .text.BspTimer_SetAutoReload:00000000 $t
C:\Users\HUAV\AppData\Local\Temp\cclyfZPf.s:313    .text.BspTimer_SetAutoReload:00000000 BspTimer_SetAutoReload
C:\Users\HUAV\AppData\Local\Temp\cclyfZPf.s:337    .text.BspTimer_DMA_Callback:00000000 $t
C:\Users\HUAV\AppData\Local\Temp\cclyfZPf.s:343    .text.BspTimer_DMA_Callback:00000000 BspTimer_DMA_Callback
C:\Users\HUAV\AppData\Local\Temp\cclyfZPf.s:435    .text.BspTimer_DMA_Start:00000000 $t
C:\Users\HUAV\AppData\Local\Temp\cclyfZPf.s:441    .text.BspTimer_DMA_Start:00000000 BspTimer_DMA_Start
C:\Users\HUAV\AppData\Local\Temp\cclyfZPf.s:475    .text.BspTimer_DMA_Start:0000001e $d
C:\Users\HUAV\AppData\Local\Temp\cclyfZPf.s:479    .text.BspTimer_DMA_Start:00000022 $t
C:\Users\HUAV\AppData\Local\Temp\cclyfZPf.s:546    .text.BspTimer_PWM_Start:00000000 $t
C:\Users\HUAV\AppData\Local\Temp\cclyfZPf.s:552    .text.BspTimer_PWM_Start:00000000 BspTimer_PWM_Start
C:\Users\HUAV\AppData\Local\Temp\cclyfZPf.s:587    .text.BspTimer_PWM_Start:0000001c $d
C:\Users\HUAV\AppData\Local\Temp\cclyfZPf.s:592    .text.BspTimer_PWM_InitMonit:00000000 $t
C:\Users\HUAV\AppData\Local\Temp\cclyfZPf.s:598    .text.BspTimer_PWM_InitMonit:00000000 BspTimer_PWM_InitMonit
C:\Users\HUAV\AppData\Local\Temp\cclyfZPf.s:858    .text.BspTimer_PWM_InitMonit:00000134 $d
C:\Users\HUAV\AppData\Local\Temp\cclyfZPf.s:869    .text.BspTimer_PWM_Init:00000000 $t
C:\Users\HUAV\AppData\Local\Temp\cclyfZPf.s:875    .text.BspTimer_PWM_Init:00000000 BspTimer_PWM_Init
C:\Users\HUAV\AppData\Local\Temp\cclyfZPf.s:956    .text.BspTimer_PWM_Init:0000006a $d
C:\Users\HUAV\AppData\Local\Temp\cclyfZPf.s:1253   .text.BspTimer_PWM_Init:000001c8 $d
C:\Users\HUAV\AppData\Local\Temp\cclyfZPf.s:1271   .data.BspTimer_PWM:00000000 BspTimer_PWM
C:\Users\HUAV\AppData\Local\Temp\cclyfZPf.s:1265   .bss.monitor:00000000 monitor
C:\Users\HUAV\AppData\Local\Temp\cclyfZPf.s:1261   .bss.monitor:00000000 $d
C:\Users\HUAV\AppData\Local\Temp\cclyfZPf.s:1268   .data.BspTimer_PWM:00000000 $d
C:\Users\HUAV\AppData\Local\Temp\cclyfZPf.s:89     .text.BspTimer_Get_DMA_Request:00000047 $d
C:\Users\HUAV\AppData\Local\Temp\cclyfZPf.s:89     .text.BspTimer_Get_DMA_Request:00000048 $t
C:\Users\HUAV\AppData\Local\Temp\cclyfZPf.s:116    .text.BspTimer_Get_DMA_Request:00000061 $d
C:\Users\HUAV\AppData\Local\Temp\cclyfZPf.s:116    .text.BspTimer_Get_DMA_Request:00000062 $t
C:\Users\HUAV\AppData\Local\Temp\cclyfZPf.s:168    .text.BspTimer_Get_DMA_Request:00000087 $d
C:\Users\HUAV\AppData\Local\Temp\cclyfZPf.s:168    .text.BspTimer_Get_DMA_Request:00000088 $t
C:\Users\HUAV\AppData\Local\Temp\cclyfZPf.s:969    .text.BspTimer_PWM_Init:00000077 $d
C:\Users\HUAV\AppData\Local\Temp\cclyfZPf.s:969    .text.BspTimer_PWM_Init:00000078 $t

UNDEFINED SYMBOLS
HAL_DMA_Start_IT
HAL_TIM_PWM_Start
memset
HAL_DMA_Init
HAL_TIM_PWM_Init
HAL_TIMEx_MasterConfigSynchronization
HAL_TIM_PWM_ConfigChannel
BspDMA
BspGPIO
