ARM GAS  /var/folders/8_/_8bzxkcs1296m80nzxdrn9q80000gn/T//ccR0w6Af.s 			page 1


   1              		.cpu cortex-m7
   2              		.eabi_attribute 28, 1
   3              		.eabi_attribute 20, 1
   4              		.eabi_attribute 21, 1
   5              		.eabi_attribute 23, 3
   6              		.eabi_attribute 24, 1
   7              		.eabi_attribute 25, 1
   8              		.eabi_attribute 26, 1
   9              		.eabi_attribute 30, 1
  10              		.eabi_attribute 34, 1
  11              		.eabi_attribute 18, 4
  12              		.file	"DataPipe_Def.c"
  13              		.text
  14              	.Ltext0:
  15              		.cfi_sections	.debug_frame
  16              		.global	Actuator_hub_DataPipe
  17              		.global	Actuator_cal_DataPipe
  18              		.global	IMU_hub_DataPipe
  19              		.global	IMU_Smp_DataPipe
  20              		.global	IMU_Log_DataPipe
  21              		.global	Receiver_hub_DataPipe
  22              		.global	Receiver_Smp_DataPipe
  23              		.section	.data.Actuator_cal_DataPipe,"aw"
  24              		.align	2
  27              	Actuator_cal_DataPipe:
  28 0000 00000000 		.space	16
  28      00000000 
  28      00000000 
  28      00000000 
  29 0010 01       		.byte	1
  30 0011 00000000 		.space	26
  30      00000000 
  30      00000000 
  30      00000000 
  30      00000000 
  31              		.section	.data.Actuator_hub_DataPipe,"aw"
  32              		.align	2
  35              	Actuator_hub_DataPipe:
  36 0000 00000000 		.space	16
  36      00000000 
  36      00000000 
  36      00000000 
  37 0010 01       		.byte	1
  38 0011 00000000 		.space	26
  38      00000000 
  38      00000000 
  38      00000000 
  38      00000000 
  39              		.section	.data.IMU_Log_DataPipe,"aw"
  40              		.align	2
  43              	IMU_Log_DataPipe:
  44 0000 00000000 		.space	16
  44      00000000 
  44      00000000 
  44      00000000 
  45 0010 01       		.byte	1
  46 0011 00000000 		.space	26
ARM GAS  /var/folders/8_/_8bzxkcs1296m80nzxdrn9q80000gn/T//ccR0w6Af.s 			page 2


  46      00000000 
  46      00000000 
  46      00000000 
  46      00000000 
  47              		.section	.data.IMU_Smp_DataPipe,"aw"
  48              		.align	2
  51              	IMU_Smp_DataPipe:
  52 0000 00000000 		.space	16
  52      00000000 
  52      00000000 
  52      00000000 
  53 0010 01       		.byte	1
  54 0011 00000000 		.space	26
  54      00000000 
  54      00000000 
  54      00000000 
  54      00000000 
  55              		.section	.data.IMU_hub_DataPipe,"aw"
  56              		.align	2
  59              	IMU_hub_DataPipe:
  60 0000 00000000 		.space	16
  60      00000000 
  60      00000000 
  60      00000000 
  61 0010 01       		.byte	1
  62 0011 00000000 		.space	26
  62      00000000 
  62      00000000 
  62      00000000 
  62      00000000 
  63              		.section	.data.Receiver_Smp_DataPipe,"aw"
  64              		.align	2
  67              	Receiver_Smp_DataPipe:
  68 0000 00000000 		.space	16
  68      00000000 
  68      00000000 
  68      00000000 
  69 0010 01       		.byte	1
  70 0011 00000000 		.space	26
  70      00000000 
  70      00000000 
  70      00000000 
  70      00000000 
  71              		.section	.data.Receiver_hub_DataPipe,"aw"
  72              		.align	2
  75              	Receiver_hub_DataPipe:
  76 0000 00000000 		.space	16
  76      00000000 
  76      00000000 
  76      00000000 
  77 0010 01       		.byte	1
  78 0011 00000000 		.space	26
  78      00000000 
  78      00000000 
  78      00000000 
  78      00000000 
  79              		.text
ARM GAS  /var/folders/8_/_8bzxkcs1296m80nzxdrn9q80000gn/T//ccR0w6Af.s 			page 3


  80              	.Letext0:
  81              		.file 1 "/opt/homebrew/Cellar/arm-none-eabi-gcc/10.3-2021.07/gcc/arm-none-eabi/include/machine/_de
  82              		.file 2 "/opt/homebrew/Cellar/arm-none-eabi-gcc/10.3-2021.07/gcc/arm-none-eabi/include/sys/_stdint
  83              		.file 3 "System/DataPipe/DataPipe.h"
  84              		.file 4 "System/DataPipe/DataPipe_Def.c"
ARM GAS  /var/folders/8_/_8bzxkcs1296m80nzxdrn9q80000gn/T//ccR0w6Af.s 			page 4


DEFINED SYMBOLS
                            *ABS*:0000000000000000 DataPipe_Def.c
/var/folders/8_/_8bzxkcs1296m80nzxdrn9q80000gn/T//ccR0w6Af.s:35     .data.Actuator_hub_DataPipe:0000000000000000 Actuator_hub_DataPipe
/var/folders/8_/_8bzxkcs1296m80nzxdrn9q80000gn/T//ccR0w6Af.s:27     .data.Actuator_cal_DataPipe:0000000000000000 Actuator_cal_DataPipe
/var/folders/8_/_8bzxkcs1296m80nzxdrn9q80000gn/T//ccR0w6Af.s:59     .data.IMU_hub_DataPipe:0000000000000000 IMU_hub_DataPipe
/var/folders/8_/_8bzxkcs1296m80nzxdrn9q80000gn/T//ccR0w6Af.s:51     .data.IMU_Smp_DataPipe:0000000000000000 IMU_Smp_DataPipe
/var/folders/8_/_8bzxkcs1296m80nzxdrn9q80000gn/T//ccR0w6Af.s:43     .data.IMU_Log_DataPipe:0000000000000000 IMU_Log_DataPipe
/var/folders/8_/_8bzxkcs1296m80nzxdrn9q80000gn/T//ccR0w6Af.s:75     .data.Receiver_hub_DataPipe:0000000000000000 Receiver_hub_DataPipe
/var/folders/8_/_8bzxkcs1296m80nzxdrn9q80000gn/T//ccR0w6Af.s:67     .data.Receiver_Smp_DataPipe:0000000000000000 Receiver_Smp_DataPipe
/var/folders/8_/_8bzxkcs1296m80nzxdrn9q80000gn/T//ccR0w6Af.s:24     .data.Actuator_cal_DataPipe:0000000000000000 $d
/var/folders/8_/_8bzxkcs1296m80nzxdrn9q80000gn/T//ccR0w6Af.s:32     .data.Actuator_hub_DataPipe:0000000000000000 $d
/var/folders/8_/_8bzxkcs1296m80nzxdrn9q80000gn/T//ccR0w6Af.s:40     .data.IMU_Log_DataPipe:0000000000000000 $d
/var/folders/8_/_8bzxkcs1296m80nzxdrn9q80000gn/T//ccR0w6Af.s:48     .data.IMU_Smp_DataPipe:0000000000000000 $d
/var/folders/8_/_8bzxkcs1296m80nzxdrn9q80000gn/T//ccR0w6Af.s:56     .data.IMU_hub_DataPipe:0000000000000000 $d
/var/folders/8_/_8bzxkcs1296m80nzxdrn9q80000gn/T//ccR0w6Af.s:64     .data.Receiver_Smp_DataPipe:0000000000000000 $d
/var/folders/8_/_8bzxkcs1296m80nzxdrn9q80000gn/T//ccR0w6Af.s:72     .data.Receiver_hub_DataPipe:0000000000000000 $d

NO UNDEFINED SYMBOLS
