ARM GAS  C:\Users\HUAV\AppData\Local\Temp\cccMszIy.s 			page 1


   1              		.cpu cortex-m7
   2              		.arch armv7e-m
   3              		.fpu fpv5-d16
   4              		.eabi_attribute 28, 1
   5              		.eabi_attribute 20, 1
   6              		.eabi_attribute 21, 1
   7              		.eabi_attribute 23, 3
   8              		.eabi_attribute 24, 1
   9              		.eabi_attribute 25, 1
  10              		.eabi_attribute 26, 1
  11              		.eabi_attribute 30, 1
  12              		.eabi_attribute 34, 1
  13              		.eabi_attribute 18, 4
  14              		.file	"Data_Convert_Util.c"
  15              		.text
  16              	.Ltext0:
  17              		.cfi_sections	.debug_frame
  18              		.section	.text.LEndian2Word,"ax",%progbits
  19              		.align	1
  20              		.global	LEndian2Word
  21              		.syntax unified
  22              		.thumb
  23              		.thumb_func
  25              	LEndian2Word:
  26              	.LVL0:
  27              	.LFB0:
  28              		.file 1 "DataStructure/Data_Convert_Util.c"
   1:DataStructure/Data_Convert_Util.c **** #include "Data_Convert_Util.h"
   2:DataStructure/Data_Convert_Util.c **** 
   3:DataStructure/Data_Convert_Util.c **** /******************************************************* Small Endain Convert *********************
   4:DataStructure/Data_Convert_Util.c **** 
   5:DataStructure/Data_Convert_Util.c **** uint32_t LEndian2Word(const uint8_t *ptr)
   6:DataStructure/Data_Convert_Util.c **** {
  29              		.loc 1 6 1 view -0
  30              		.cfi_startproc
  31              		@ args = 0, pretend = 0, frame = 0
  32              		@ frame_needed = 0, uses_anonymous_args = 0
  33              		@ link register save eliminated.
   7:DataStructure/Data_Convert_Util.c ****     uint32_t tmp = 0;
  34              		.loc 1 7 5 view .LVU1
   8:DataStructure/Data_Convert_Util.c **** 
   9:DataStructure/Data_Convert_Util.c ****     tmp |= ptr[0];
  35              		.loc 1 9 5 view .LVU2
  36              		.loc 1 9 15 is_stmt 0 view .LVU3
  37 0000 0378     		ldrb	r3, [r0]	@ zero_extendqisi2
  38              	.LVL1:
  10:DataStructure/Data_Convert_Util.c ****     tmp |= ptr[1] << 8;
  39              		.loc 1 10 5 is_stmt 1 view .LVU4
  40              		.loc 1 10 15 is_stmt 0 view .LVU5
  41 0002 4278     		ldrb	r2, [r0, #1]	@ zero_extendqisi2
  42              		.loc 1 10 9 view .LVU6
  43 0004 43EA0223 		orr	r3, r3, r2, lsl #8
  44              	.LVL2:
  11:DataStructure/Data_Convert_Util.c ****     tmp |= ptr[2] << 16;
  45              		.loc 1 11 5 is_stmt 1 view .LVU7
  46              		.loc 1 11 15 is_stmt 0 view .LVU8
  47 0008 8278     		ldrb	r2, [r0, #2]	@ zero_extendqisi2
ARM GAS  C:\Users\HUAV\AppData\Local\Temp\cccMszIy.s 			page 2


  48              		.loc 1 11 9 view .LVU9
  49 000a 43EA0243 		orr	r3, r3, r2, lsl #16
  50              	.LVL3:
  12:DataStructure/Data_Convert_Util.c ****     tmp |= ptr[3] << 24;
  51              		.loc 1 12 5 is_stmt 1 view .LVU10
  52              		.loc 1 12 15 is_stmt 0 view .LVU11
  53 000e C078     		ldrb	r0, [r0, #3]	@ zero_extendqisi2
  54              	.LVL4:
  13:DataStructure/Data_Convert_Util.c **** 
  14:DataStructure/Data_Convert_Util.c ****     return tmp;
  55              		.loc 1 14 5 is_stmt 1 view .LVU12
  15:DataStructure/Data_Convert_Util.c **** }
  56              		.loc 1 15 1 is_stmt 0 view .LVU13
  57 0010 43EA0060 		orr	r0, r3, r0, lsl #24
  58              	.LVL5:
  59              		.loc 1 15 1 view .LVU14
  60 0014 7047     		bx	lr
  61              		.cfi_endproc
  62              	.LFE0:
  64              		.section	.text.LEndian2HalfWord,"ax",%progbits
  65              		.align	1
  66              		.global	LEndian2HalfWord
  67              		.syntax unified
  68              		.thumb
  69              		.thumb_func
  71              	LEndian2HalfWord:
  72              	.LVL6:
  73              	.LFB1:
  16:DataStructure/Data_Convert_Util.c **** 
  17:DataStructure/Data_Convert_Util.c **** uint16_t LEndian2HalfWord(const uint8_t *ptr)
  18:DataStructure/Data_Convert_Util.c **** {
  74              		.loc 1 18 1 is_stmt 1 view -0
  75              		.cfi_startproc
  76              		@ args = 0, pretend = 0, frame = 0
  77              		@ frame_needed = 0, uses_anonymous_args = 0
  78              		@ link register save eliminated.
  19:DataStructure/Data_Convert_Util.c ****     uint16_t tmp = 0;
  79              		.loc 1 19 5 view .LVU16
  20:DataStructure/Data_Convert_Util.c **** 
  21:DataStructure/Data_Convert_Util.c ****     tmp |= ptr[0];
  80              		.loc 1 21 5 view .LVU17
  81              		.loc 1 21 15 is_stmt 0 view .LVU18
  82 0000 0378     		ldrb	r3, [r0]	@ zero_extendqisi2
  83              	.LVL7:
  22:DataStructure/Data_Convert_Util.c ****     tmp |= ptr[1] << 8;
  84              		.loc 1 22 5 is_stmt 1 view .LVU19
  85              		.loc 1 22 15 is_stmt 0 view .LVU20
  86 0002 4078     		ldrb	r0, [r0, #1]	@ zero_extendqisi2
  87              	.LVL8:
  23:DataStructure/Data_Convert_Util.c **** 
  24:DataStructure/Data_Convert_Util.c ****     return tmp;
  88              		.loc 1 24 5 is_stmt 1 view .LVU21
  25:DataStructure/Data_Convert_Util.c **** }
  89              		.loc 1 25 1 is_stmt 0 view .LVU22
  90 0004 43EA0020 		orr	r0, r3, r0, lsl #8
  91              	.LVL9:
  92              		.loc 1 25 1 view .LVU23
ARM GAS  C:\Users\HUAV\AppData\Local\Temp\cccMszIy.s 			page 3


  93 0008 7047     		bx	lr
  94              		.cfi_endproc
  95              	.LFE1:
  97              		.section	.text.LEndianWord2BytesArray,"ax",%progbits
  98              		.align	1
  99              		.global	LEndianWord2BytesArray
 100              		.syntax unified
 101              		.thumb
 102              		.thumb_func
 104              	LEndianWord2BytesArray:
 105              	.LVL10:
 106              	.LFB2:
  26:DataStructure/Data_Convert_Util.c **** 
  27:DataStructure/Data_Convert_Util.c **** bool LEndianWord2BytesArray(const uint32_t target, uint8_t *p_bytes)
  28:DataStructure/Data_Convert_Util.c **** {
 107              		.loc 1 28 1 is_stmt 1 view -0
 108              		.cfi_startproc
 109              		@ args = 0, pretend = 0, frame = 0
 110              		@ frame_needed = 0, uses_anonymous_args = 0
 111              		@ link register save eliminated.
  29:DataStructure/Data_Convert_Util.c ****     if (p_bytes)
 112              		.loc 1 29 5 view .LVU25
 113              		.loc 1 29 8 is_stmt 0 view .LVU26
 114 0000 59B1     		cbz	r1, .L5
  30:DataStructure/Data_Convert_Util.c ****     {
  31:DataStructure/Data_Convert_Util.c ****         p_bytes[0] = ((uint8_t *)&target)[0];
 115              		.loc 1 31 9 is_stmt 1 view .LVU27
 116              		.loc 1 31 20 is_stmt 0 view .LVU28
 117 0002 0870     		strb	r0, [r1]
  32:DataStructure/Data_Convert_Util.c ****         p_bytes[1] = ((uint8_t *)&target)[1];
 118              		.loc 1 32 9 is_stmt 1 view .LVU29
 119              		.loc 1 32 20 is_stmt 0 view .LVU30
 120 0004 C0F30722 		ubfx	r2, r0, #8, #8
 121 0008 4A70     		strb	r2, [r1, #1]
  33:DataStructure/Data_Convert_Util.c ****         p_bytes[2] = ((uint8_t *)&target)[2];
 122              		.loc 1 33 9 is_stmt 1 view .LVU31
 123              		.loc 1 33 20 is_stmt 0 view .LVU32
 124 000a C0F30742 		ubfx	r2, r0, #16, #8
 125 000e 8A70     		strb	r2, [r1, #2]
  34:DataStructure/Data_Convert_Util.c ****         p_bytes[3] = ((uint8_t *)&target)[3];
 126              		.loc 1 34 9 is_stmt 1 view .LVU33
 127              		.loc 1 34 20 is_stmt 0 view .LVU34
 128 0010 C0F30760 		ubfx	r0, r0, #24, #8
 129              	.LVL11:
 130              		.loc 1 34 20 view .LVU35
 131 0014 C870     		strb	r0, [r1, #3]
  35:DataStructure/Data_Convert_Util.c ****         return true;
 132              		.loc 1 35 9 is_stmt 1 view .LVU36
 133              		.loc 1 35 16 is_stmt 0 view .LVU37
 134 0016 0120     		movs	r0, #1
 135 0018 7047     		bx	lr
 136              	.LVL12:
 137              	.L5:
  36:DataStructure/Data_Convert_Util.c ****     }
  37:DataStructure/Data_Convert_Util.c **** 
  38:DataStructure/Data_Convert_Util.c ****     return false;
 138              		.loc 1 38 12 view .LVU38
ARM GAS  C:\Users\HUAV\AppData\Local\Temp\cccMszIy.s 			page 4


 139 001a 0020     		movs	r0, #0
 140              	.LVL13:
  39:DataStructure/Data_Convert_Util.c **** }
 141              		.loc 1 39 1 view .LVU39
 142 001c 7047     		bx	lr
 143              		.cfi_endproc
 144              	.LFE2:
 146              		.section	.text.LEndianHalfWord2BytesArray,"ax",%progbits
 147              		.align	1
 148              		.global	LEndianHalfWord2BytesArray
 149              		.syntax unified
 150              		.thumb
 151              		.thumb_func
 153              	LEndianHalfWord2BytesArray:
 154              	.LVL14:
 155              	.LFB3:
  40:DataStructure/Data_Convert_Util.c **** 
  41:DataStructure/Data_Convert_Util.c **** bool LEndianHalfWord2BytesArray(const uint16_t target, uint8_t *p_bytes)
  42:DataStructure/Data_Convert_Util.c **** {
 156              		.loc 1 42 1 is_stmt 1 view -0
 157              		.cfi_startproc
 158              		@ args = 0, pretend = 0, frame = 0
 159              		@ frame_needed = 0, uses_anonymous_args = 0
 160              		@ link register save eliminated.
  43:DataStructure/Data_Convert_Util.c ****     if (p_bytes)
 161              		.loc 1 43 5 view .LVU41
 162              		.loc 1 43 8 is_stmt 0 view .LVU42
 163 0000 29B1     		cbz	r1, .L8
  44:DataStructure/Data_Convert_Util.c ****     {
  45:DataStructure/Data_Convert_Util.c ****         p_bytes[0] = ((uint8_t *)&target)[0];
 164              		.loc 1 45 9 is_stmt 1 view .LVU43
 165              		.loc 1 45 20 is_stmt 0 view .LVU44
 166 0002 0870     		strb	r0, [r1]
  46:DataStructure/Data_Convert_Util.c ****         p_bytes[1] = ((uint8_t *)&target)[1];
 167              		.loc 1 46 9 is_stmt 1 view .LVU45
 168              		.loc 1 46 20 is_stmt 0 view .LVU46
 169 0004 C0F30720 		ubfx	r0, r0, #8, #8
 170              	.LVL15:
 171              		.loc 1 46 20 view .LVU47
 172 0008 4870     		strb	r0, [r1, #1]
  47:DataStructure/Data_Convert_Util.c ****         return true;
 173              		.loc 1 47 9 is_stmt 1 view .LVU48
 174              		.loc 1 47 16 is_stmt 0 view .LVU49
 175 000a 0120     		movs	r0, #1
 176 000c 7047     		bx	lr
 177              	.LVL16:
 178              	.L8:
  48:DataStructure/Data_Convert_Util.c ****     }
  49:DataStructure/Data_Convert_Util.c **** 
  50:DataStructure/Data_Convert_Util.c ****     return false;
 179              		.loc 1 50 12 view .LVU50
 180 000e 0020     		movs	r0, #0
 181              	.LVL17:
  51:DataStructure/Data_Convert_Util.c **** }
 182              		.loc 1 51 1 view .LVU51
 183 0010 7047     		bx	lr
 184              		.cfi_endproc
ARM GAS  C:\Users\HUAV\AppData\Local\Temp\cccMszIy.s 			page 5


 185              	.LFE3:
 187              		.section	.text.BEndian2Word,"ax",%progbits
 188              		.align	1
 189              		.global	BEndian2Word
 190              		.syntax unified
 191              		.thumb
 192              		.thumb_func
 194              	BEndian2Word:
 195              	.LVL18:
 196              	.LFB4:
  52:DataStructure/Data_Convert_Util.c **** 
  53:DataStructure/Data_Convert_Util.c **** /******************************************************* Big Endain Convert ***********************
  54:DataStructure/Data_Convert_Util.c **** 
  55:DataStructure/Data_Convert_Util.c **** uint32_t BEndian2Word(const uint8_t *ptr)
  56:DataStructure/Data_Convert_Util.c **** {
 197              		.loc 1 56 1 is_stmt 1 view -0
 198              		.cfi_startproc
 199              		@ args = 0, pretend = 0, frame = 0
 200              		@ frame_needed = 0, uses_anonymous_args = 0
 201              		@ link register save eliminated.
  57:DataStructure/Data_Convert_Util.c ****     uint32_t tmp = 0;
 202              		.loc 1 57 5 view .LVU53
  58:DataStructure/Data_Convert_Util.c **** 
  59:DataStructure/Data_Convert_Util.c ****     return tmp;
 203              		.loc 1 59 5 view .LVU54
  60:DataStructure/Data_Convert_Util.c **** }
 204              		.loc 1 60 1 is_stmt 0 view .LVU55
 205 0000 0020     		movs	r0, #0
 206              	.LVL19:
 207              		.loc 1 60 1 view .LVU56
 208 0002 7047     		bx	lr
 209              		.cfi_endproc
 210              	.LFE4:
 212              		.section	.text.BEndian2HalfWord,"ax",%progbits
 213              		.align	1
 214              		.global	BEndian2HalfWord
 215              		.syntax unified
 216              		.thumb
 217              		.thumb_func
 219              	BEndian2HalfWord:
 220              	.LVL20:
 221              	.LFB5:
  61:DataStructure/Data_Convert_Util.c **** 
  62:DataStructure/Data_Convert_Util.c **** uint16_t BEndian2HalfWord(const uint8_t *ptr)
  63:DataStructure/Data_Convert_Util.c **** {
 222              		.loc 1 63 1 is_stmt 1 view -0
 223              		.cfi_startproc
 224              		@ args = 0, pretend = 0, frame = 0
 225              		@ frame_needed = 0, uses_anonymous_args = 0
 226              		@ link register save eliminated.
  64:DataStructure/Data_Convert_Util.c ****     uint16_t tmp = 0;
 227              		.loc 1 64 5 view .LVU58
  65:DataStructure/Data_Convert_Util.c **** 
  66:DataStructure/Data_Convert_Util.c ****     return tmp;
 228              		.loc 1 66 5 view .LVU59
  67:DataStructure/Data_Convert_Util.c **** }
 229              		.loc 1 67 1 is_stmt 0 view .LVU60
ARM GAS  C:\Users\HUAV\AppData\Local\Temp\cccMszIy.s 			page 6


 230 0000 0020     		movs	r0, #0
 231              	.LVL21:
 232              		.loc 1 67 1 view .LVU61
 233 0002 7047     		bx	lr
 234              		.cfi_endproc
 235              	.LFE5:
 237              		.text
 238              	.Letext0:
 239              		.file 2 "c:\\program files (x86)\\gnu arm embedded toolchain\\10 2021.10\\arm-none-eabi\\include\\
 240              		.file 3 "c:\\program files (x86)\\gnu arm embedded toolchain\\10 2021.10\\arm-none-eabi\\include\\
ARM GAS  C:\Users\HUAV\AppData\Local\Temp\cccMszIy.s 			page 7


DEFINED SYMBOLS
                            *ABS*:00000000 Data_Convert_Util.c
C:\Users\HUAV\AppData\Local\Temp\cccMszIy.s:19     .text.LEndian2Word:00000000 $t
C:\Users\HUAV\AppData\Local\Temp\cccMszIy.s:25     .text.LEndian2Word:00000000 LEndian2Word
C:\Users\HUAV\AppData\Local\Temp\cccMszIy.s:65     .text.LEndian2HalfWord:00000000 $t
C:\Users\HUAV\AppData\Local\Temp\cccMszIy.s:71     .text.LEndian2HalfWord:00000000 LEndian2HalfWord
C:\Users\HUAV\AppData\Local\Temp\cccMszIy.s:98     .text.LEndianWord2BytesArray:00000000 $t
C:\Users\HUAV\AppData\Local\Temp\cccMszIy.s:104    .text.LEndianWord2BytesArray:00000000 LEndianWord2BytesArray
C:\Users\HUAV\AppData\Local\Temp\cccMszIy.s:147    .text.LEndianHalfWord2BytesArray:00000000 $t
C:\Users\HUAV\AppData\Local\Temp\cccMszIy.s:153    .text.LEndianHalfWord2BytesArray:00000000 LEndianHalfWord2BytesArray
C:\Users\HUAV\AppData\Local\Temp\cccMszIy.s:188    .text.BEndian2Word:00000000 $t
C:\Users\HUAV\AppData\Local\Temp\cccMszIy.s:194    .text.BEndian2Word:00000000 BEndian2Word
C:\Users\HUAV\AppData\Local\Temp\cccMszIy.s:213    .text.BEndian2HalfWord:00000000 $t
C:\Users\HUAV\AppData\Local\Temp\cccMszIy.s:219    .text.BEndian2HalfWord:00000000 BEndian2HalfWord

NO UNDEFINED SYMBOLS
