ARM GAS  C:\Users\huav\AppData\Local\Temp\ccFOMAke.s 			page 1


   1              		.cpu cortex-m7
   2              		.eabi_attribute 28, 1
   3              		.eabi_attribute 20, 1
   4              		.eabi_attribute 21, 1
   5              		.eabi_attribute 23, 3
   6              		.eabi_attribute 24, 1
   7              		.eabi_attribute 25, 1
   8              		.eabi_attribute 26, 1
   9              		.eabi_attribute 30, 1
  10              		.eabi_attribute 34, 1
  11              		.eabi_attribute 18, 4
  12              		.file	"debug_util.c"
  13              		.text
  14              		.section	.text.CreateDebugPin,"ax",%progbits
  15              		.align	1
  16              		.global	CreateDebugPin
  17              		.arch armv7e-m
  18              		.syntax unified
  19              		.thumb
  20              		.thumb_func
  21              		.fpu fpv5-d16
  23              	CreateDebugPin:
  24              		@ args = 0, pretend = 0, frame = 0
  25              		@ frame_needed = 0, uses_anonymous_args = 0
  26              		@ link register save eliminated.
  27 0000 7047     		bx	lr
  29              		.section	.text.DebugPin_Ctl,"ax",%progbits
  30              		.align	1
  31              		.global	DebugPin_Ctl
  32              		.syntax unified
  33              		.thumb
  34              		.thumb_func
  35              		.fpu fpv5-d16
  37              	DebugPin_Ctl:
  38              		@ args = 0, pretend = 0, frame = 0
  39              		@ frame_needed = 0, uses_anonymous_args = 0
  40              		@ link register save eliminated.
  41 0000 7047     		bx	lr
  43              		.section	.text.assert,"ax",%progbits
  44              		.align	1
  45              		.global	assert
  46              		.syntax unified
  47              		.thumb
  48              		.thumb_func
  49              		.fpu fpv5-d16
  51              	assert:
  52              		@ args = 0, pretend = 0, frame = 0
  53              		@ frame_needed = 0, uses_anonymous_args = 0
  54              		@ link register save eliminated.
  55 0000 00B1     		cbz	r0, .L3
  56              	.L5:
  57 0002 FEE7     		b	.L5
  58              	.L3:
  59 0004 7047     		bx	lr
  61              		.ident	"GCC: (GNU Arm Embedded Toolchain 10-2020-q4-major) 10.2.1 20201103 (release)"
ARM GAS  C:\Users\huav\AppData\Local\Temp\ccFOMAke.s 			page 2


DEFINED SYMBOLS
                            *ABS*:00000000 debug_util.c
C:\Users\huav\AppData\Local\Temp\ccFOMAke.s:15     .text.CreateDebugPin:00000000 $t
C:\Users\huav\AppData\Local\Temp\ccFOMAke.s:23     .text.CreateDebugPin:00000000 CreateDebugPin
C:\Users\huav\AppData\Local\Temp\ccFOMAke.s:30     .text.DebugPin_Ctl:00000000 $t
C:\Users\huav\AppData\Local\Temp\ccFOMAke.s:37     .text.DebugPin_Ctl:00000000 DebugPin_Ctl
C:\Users\huav\AppData\Local\Temp\ccFOMAke.s:44     .text.assert:00000000 $t
C:\Users\huav\AppData\Local\Temp\ccFOMAke.s:51     .text.assert:00000000 assert

NO UNDEFINED SYMBOLS
