ARM GAS  /var/folders/8_/_8bzxkcs1296m80nzxdrn9q80000gn/T//ccmfOpwM.s 			page 1


   1              		.cpu cortex-m7
   2              		.eabi_attribute 28, 1
   3              		.eabi_attribute 20, 1
   4              		.eabi_attribute 21, 1
   5              		.eabi_attribute 23, 3
   6              		.eabi_attribute 24, 1
   7              		.eabi_attribute 25, 1
   8              		.eabi_attribute 26, 1
   9              		.eabi_attribute 30, 1
  10              		.eabi_attribute 34, 1
  11              		.eabi_attribute 18, 4
  12              		.file	"filter_param.c"
  13              		.text
  14              	.Ltext0:
  15              		.cfi_sections	.debug_frame
  16              		.global	BTF_U_5O_50Hz_4K
  17              		.global	BTF_E_5O_50Hz_4K
  18              		.global	BTF_U_5O_30Hz_4K
  19              		.global	BTF_E_5O_30Hz_4K
  20              		.global	BTF_U_4O_50Hz_4K
  21              		.global	BTF_E_4O_50Hz_4K
  22              		.global	BTF_U_4O_30Hz_4K
  23              		.global	BTF_E_4O_30Hz_4K
  24              		.global	BTF_U_3O_50Hz_4K
  25              		.global	BTF_E_3O_50Hz_4K
  26              		.global	BTF_U_3O_30Hz_4K
  27              		.global	BTF_E_3O_30Hz_4K
  28              		.global	BTF_U_2O_50Hz_4K
  29              		.global	BTF_E_2O_50Hz_4K
  30              		.global	BTF_U_2O_30Hz_4K
  31              		.global	BTF_E_2O_30Hz_4K
  32              		.global	BTF_U_5O_50Hz_2K
  33              		.global	BTF_E_5O_50Hz_2K
  34              		.global	BTF_U_5O_30Hz_2K
  35              		.global	BTF_E_5O_30Hz_2K
  36              		.global	BTF_U_4O_50Hz_2K
  37              		.global	BTF_E_4O_50Hz_2K
  38              		.global	BTF_U_4O_30Hz_2K
  39              		.global	BTF_E_4O_30Hz_2K
  40              		.global	BTF_U_3O_50Hz_2K
  41              		.global	BTF_E_3O_50Hz_2K
  42              		.global	BTF_U_3O_30Hz_2K
  43              		.global	BTF_E_3O_30Hz_2K
  44              		.global	BTF_U_2O_50Hz_2K
  45              		.global	BTF_E_2O_50Hz_2K
  46              		.global	BTF_U_2O_30Hz_2K
  47              		.global	BTF_E_2O_30Hz_2K
  48              		.global	BTF_U_5O_50Hz_1K
  49              		.global	BTF_E_5O_50Hz_1K
  50              		.global	BTF_U_5O_30Hz_1K
  51              		.global	BTF_E_5O_30Hz_1K
  52              		.global	BTF_U_4O_50Hz_1K
  53              		.global	BTF_E_4O_50Hz_1K
  54              		.global	BTF_U_4O_30Hz_1K
  55              		.global	BTF_E_4O_30Hz_1K
  56              		.global	BTF_U_3O_50Hz_1K
  57              		.global	BTF_E_3O_50Hz_1K
ARM GAS  /var/folders/8_/_8bzxkcs1296m80nzxdrn9q80000gn/T//ccmfOpwM.s 			page 2


  58              		.global	BTF_U_3O_30Hz_1K
  59              		.global	BTF_E_3O_30Hz_1K
  60              		.global	BTF_U_2O_50Hz_1K
  61              		.global	BTF_E_2O_50Hz_1K
  62              		.global	BTF_U_2O_30Hz_1K
  63              		.global	BTF_E_2O_30Hz_1K
  64              		.section	.rodata.BTF_E_2O_30Hz_1K,"a"
  65              		.align	2
  68              	BTF_E_2O_30Hz_1K:
  69 0000 00000000 		.space	24
  69      00000000 
  69      00000000 
  69      00000000 
  69      00000000 
  70              		.section	.rodata.BTF_E_2O_30Hz_2K,"a"
  71              		.align	2
  74              	BTF_E_2O_30Hz_2K:
  75 0000 00000000 		.space	24
  75      00000000 
  75      00000000 
  75      00000000 
  75      00000000 
  76              		.section	.rodata.BTF_E_2O_30Hz_4K,"a"
  77              		.align	2
  80              	BTF_E_2O_30Hz_4K:
  81 0000 00000000 		.space	24
  81      00000000 
  81      00000000 
  81      00000000 
  81      00000000 
  82              		.section	.rodata.BTF_E_2O_50Hz_1K,"a"
  83              		.align	2
  86              	BTF_E_2O_50Hz_1K:
  87 0000 00000000 		.space	24
  87      00000000 
  87      00000000 
  87      00000000 
  87      00000000 
  88              		.section	.rodata.BTF_E_2O_50Hz_2K,"a"
  89              		.align	2
  92              	BTF_E_2O_50Hz_2K:
  93 0000 00000000 		.space	24
  93      00000000 
  93      00000000 
  93      00000000 
  93      00000000 
  94              		.section	.rodata.BTF_E_2O_50Hz_4K,"a"
  95              		.align	2
  98              	BTF_E_2O_50Hz_4K:
  99 0000 00000000 		.space	24
  99      00000000 
  99      00000000 
  99      00000000 
  99      00000000 
 100              		.section	.rodata.BTF_E_3O_30Hz_1K,"a"
 101              		.align	2
 104              	BTF_E_3O_30Hz_1K:
ARM GAS  /var/folders/8_/_8bzxkcs1296m80nzxdrn9q80000gn/T//ccmfOpwM.s 			page 3


 105 0000 00000000 		.space	32
 105      00000000 
 105      00000000 
 105      00000000 
 105      00000000 
 106              		.section	.rodata.BTF_E_3O_30Hz_2K,"a"
 107              		.align	2
 110              	BTF_E_3O_30Hz_2K:
 111 0000 00000000 		.space	32
 111      00000000 
 111      00000000 
 111      00000000 
 111      00000000 
 112              		.section	.rodata.BTF_E_3O_30Hz_4K,"a"
 113              		.align	2
 116              	BTF_E_3O_30Hz_4K:
 117 0000 00000000 		.space	32
 117      00000000 
 117      00000000 
 117      00000000 
 117      00000000 
 118              		.section	.rodata.BTF_E_3O_50Hz_1K,"a"
 119              		.align	2
 122              	BTF_E_3O_50Hz_1K:
 123 0000 00000000 		.space	32
 123      00000000 
 123      00000000 
 123      00000000 
 123      00000000 
 124              		.section	.rodata.BTF_E_3O_50Hz_2K,"a"
 125              		.align	2
 128              	BTF_E_3O_50Hz_2K:
 129 0000 00000000 		.space	32
 129      00000000 
 129      00000000 
 129      00000000 
 129      00000000 
 130              		.section	.rodata.BTF_E_3O_50Hz_4K,"a"
 131              		.align	2
 134              	BTF_E_3O_50Hz_4K:
 135 0000 00000000 		.space	32
 135      00000000 
 135      00000000 
 135      00000000 
 135      00000000 
 136              		.section	.rodata.BTF_E_4O_30Hz_1K,"a"
 137              		.align	2
 140              	BTF_E_4O_30Hz_1K:
 141 0000 00000000 		.space	40
 141      00000000 
 141      00000000 
 141      00000000 
 141      00000000 
 142              		.section	.rodata.BTF_E_4O_30Hz_2K,"a"
 143              		.align	2
 146              	BTF_E_4O_30Hz_2K:
 147 0000 00000000 		.space	40
ARM GAS  /var/folders/8_/_8bzxkcs1296m80nzxdrn9q80000gn/T//ccmfOpwM.s 			page 4


 147      00000000 
 147      00000000 
 147      00000000 
 147      00000000 
 148              		.section	.rodata.BTF_E_4O_30Hz_4K,"a"
 149              		.align	2
 152              	BTF_E_4O_30Hz_4K:
 153 0000 00000000 		.space	40
 153      00000000 
 153      00000000 
 153      00000000 
 153      00000000 
 154              		.section	.rodata.BTF_E_4O_50Hz_1K,"a"
 155              		.align	2
 158              	BTF_E_4O_50Hz_1K:
 159 0000 00000000 		.space	40
 159      00000000 
 159      00000000 
 159      00000000 
 159      00000000 
 160              		.section	.rodata.BTF_E_4O_50Hz_2K,"a"
 161              		.align	2
 164              	BTF_E_4O_50Hz_2K:
 165 0000 00000000 		.space	40
 165      00000000 
 165      00000000 
 165      00000000 
 165      00000000 
 166              		.section	.rodata.BTF_E_4O_50Hz_4K,"a"
 167              		.align	2
 170              	BTF_E_4O_50Hz_4K:
 171 0000 00000000 		.space	40
 171      00000000 
 171      00000000 
 171      00000000 
 171      00000000 
 172              		.section	.rodata.BTF_E_5O_30Hz_1K,"a"
 173              		.align	2
 176              	BTF_E_5O_30Hz_1K:
 177 0000 00000000 		.space	48
 177      00000000 
 177      00000000 
 177      00000000 
 177      00000000 
 178              		.section	.rodata.BTF_E_5O_30Hz_2K,"a"
 179              		.align	2
 182              	BTF_E_5O_30Hz_2K:
 183 0000 00000000 		.space	48
 183      00000000 
 183      00000000 
 183      00000000 
 183      00000000 
 184              		.section	.rodata.BTF_E_5O_30Hz_4K,"a"
 185              		.align	2
 188              	BTF_E_5O_30Hz_4K:
 189 0000 00000000 		.space	48
 189      00000000 
ARM GAS  /var/folders/8_/_8bzxkcs1296m80nzxdrn9q80000gn/T//ccmfOpwM.s 			page 5


 189      00000000 
 189      00000000 
 189      00000000 
 190              		.section	.rodata.BTF_E_5O_50Hz_1K,"a"
 191              		.align	2
 194              	BTF_E_5O_50Hz_1K:
 195 0000 00000000 		.space	48
 195      00000000 
 195      00000000 
 195      00000000 
 195      00000000 
 196              		.section	.rodata.BTF_E_5O_50Hz_2K,"a"
 197              		.align	2
 200              	BTF_E_5O_50Hz_2K:
 201 0000 CED21540 		.word	1075172046
 202 0004 BD378635 		.word	897988541
 203 0008 CED2953F 		.word	1066783438
 204 000c ACC52737 		.word	925353388
 205 0010 CED21540 		.word	1075172046
 206 0014 ACC52737 		.word	925353388
 207 0018 CED21540 		.word	1075172046
 208 001c ACC52737 		.word	925353388
 209 0020 CED2953F 		.word	1066783438
 210 0024 ACC52737 		.word	925353388
 211 0028 CED21540 		.word	1075172046
 212 002c BD378635 		.word	897988541
 213              		.section	.rodata.BTF_E_5O_50Hz_4K,"a"
 214              		.align	2
 217              	BTF_E_5O_50Hz_4K:
 218 0000 00000000 		.space	48
 218      00000000 
 218      00000000 
 218      00000000 
 218      00000000 
 219              		.section	.rodata.BTF_U_2O_30Hz_1K,"a"
 220              		.align	2
 223              	BTF_U_2O_30Hz_1K:
 224 0000 00000000 		.space	16
 224      00000000 
 224      00000000 
 224      00000000 
 225              		.section	.rodata.BTF_U_2O_30Hz_2K,"a"
 226              		.align	2
 229              	BTF_U_2O_30Hz_2K:
 230 0000 00000000 		.space	16
 230      00000000 
 230      00000000 
 230      00000000 
 231              		.section	.rodata.BTF_U_2O_30Hz_4K,"a"
 232              		.align	2
 235              	BTF_U_2O_30Hz_4K:
 236 0000 00000000 		.space	16
 236      00000000 
 236      00000000 
 236      00000000 
 237              		.section	.rodata.BTF_U_2O_50Hz_1K,"a"
 238              		.align	2
ARM GAS  /var/folders/8_/_8bzxkcs1296m80nzxdrn9q80000gn/T//ccmfOpwM.s 			page 6


 241              	BTF_U_2O_50Hz_1K:
 242 0000 00000000 		.space	16
 242      00000000 
 242      00000000 
 242      00000000 
 243              		.section	.rodata.BTF_U_2O_50Hz_2K,"a"
 244              		.align	2
 247              	BTF_U_2O_50Hz_2K:
 248 0000 00000000 		.space	16
 248      00000000 
 248      00000000 
 248      00000000 
 249              		.section	.rodata.BTF_U_2O_50Hz_4K,"a"
 250              		.align	2
 253              	BTF_U_2O_50Hz_4K:
 254 0000 00000000 		.space	16
 254      00000000 
 254      00000000 
 254      00000000 
 255              		.section	.rodata.BTF_U_3O_30Hz_1K,"a"
 256              		.align	2
 259              	BTF_U_3O_30Hz_1K:
 260 0000 00000000 		.space	24
 260      00000000 
 260      00000000 
 260      00000000 
 260      00000000 
 261              		.section	.rodata.BTF_U_3O_30Hz_2K,"a"
 262              		.align	2
 265              	BTF_U_3O_30Hz_2K:
 266 0000 00000000 		.space	24
 266      00000000 
 266      00000000 
 266      00000000 
 266      00000000 
 267              		.section	.rodata.BTF_U_3O_30Hz_4K,"a"
 268              		.align	2
 271              	BTF_U_3O_30Hz_4K:
 272 0000 00000000 		.space	24
 272      00000000 
 272      00000000 
 272      00000000 
 272      00000000 
 273              		.section	.rodata.BTF_U_3O_50Hz_1K,"a"
 274              		.align	2
 277              	BTF_U_3O_50Hz_1K:
 278 0000 00000000 		.space	24
 278      00000000 
 278      00000000 
 278      00000000 
 278      00000000 
 279              		.section	.rodata.BTF_U_3O_50Hz_2K,"a"
 280              		.align	2
 283              	BTF_U_3O_50Hz_2K:
 284 0000 00000000 		.space	24
 284      00000000 
 284      00000000 
ARM GAS  /var/folders/8_/_8bzxkcs1296m80nzxdrn9q80000gn/T//ccmfOpwM.s 			page 7


 284      00000000 
 284      00000000 
 285              		.section	.rodata.BTF_U_3O_50Hz_4K,"a"
 286              		.align	2
 289              	BTF_U_3O_50Hz_4K:
 290 0000 00000000 		.space	24
 290      00000000 
 290      00000000 
 290      00000000 
 290      00000000 
 291              		.section	.rodata.BTF_U_4O_30Hz_1K,"a"
 292              		.align	2
 295              	BTF_U_4O_30Hz_1K:
 296 0000 00000000 		.space	32
 296      00000000 
 296      00000000 
 296      00000000 
 296      00000000 
 297              		.section	.rodata.BTF_U_4O_30Hz_2K,"a"
 298              		.align	2
 301              	BTF_U_4O_30Hz_2K:
 302 0000 00000000 		.space	32
 302      00000000 
 302      00000000 
 302      00000000 
 302      00000000 
 303              		.section	.rodata.BTF_U_4O_30Hz_4K,"a"
 304              		.align	2
 307              	BTF_U_4O_30Hz_4K:
 308 0000 00000000 		.space	32
 308      00000000 
 308      00000000 
 308      00000000 
 308      00000000 
 309              		.section	.rodata.BTF_U_4O_50Hz_1K,"a"
 310              		.align	2
 313              	BTF_U_4O_50Hz_1K:
 314 0000 00000000 		.space	32
 314      00000000 
 314      00000000 
 314      00000000 
 314      00000000 
 315              		.section	.rodata.BTF_U_4O_50Hz_2K,"a"
 316              		.align	2
 319              	BTF_U_4O_50Hz_2K:
 320 0000 00000000 		.space	32
 320      00000000 
 320      00000000 
 320      00000000 
 320      00000000 
 321              		.section	.rodata.BTF_U_4O_50Hz_4K,"a"
 322              		.align	2
 325              	BTF_U_4O_50Hz_4K:
 326 0000 00000000 		.space	32
 326      00000000 
 326      00000000 
 326      00000000 
ARM GAS  /var/folders/8_/_8bzxkcs1296m80nzxdrn9q80000gn/T//ccmfOpwM.s 			page 8


 326      00000000 
 327              		.section	.rodata.BTF_U_5O_30Hz_1K,"a"
 328              		.align	2
 331              	BTF_U_5O_30Hz_1K:
 332 0000 00000000 		.space	40
 332      00000000 
 332      00000000 
 332      00000000 
 332      00000000 
 333              		.section	.rodata.BTF_U_5O_30Hz_2K,"a"
 334              		.align	2
 337              	BTF_U_5O_30Hz_2K:
 338 0000 00000000 		.space	40
 338      00000000 
 338      00000000 
 338      00000000 
 338      00000000 
 339              		.section	.rodata.BTF_U_5O_30Hz_4K,"a"
 340              		.align	2
 343              	BTF_U_5O_30Hz_4K:
 344 0000 00000000 		.space	40
 344      00000000 
 344      00000000 
 344      00000000 
 344      00000000 
 345              		.section	.rodata.BTF_U_5O_50Hz_1K,"a"
 346              		.align	2
 349              	BTF_U_5O_50Hz_1K:
 350 0000 00000000 		.space	40
 350      00000000 
 350      00000000 
 350      00000000 
 350      00000000 
 351              		.section	.rodata.BTF_U_5O_50Hz_2K,"a"
 352              		.align	2
 355              	BTF_U_5O_50Hz_2K:
 356 0000 14BD8FC0 		.word	-1064321772
 357 0004 0000803F 		.word	1065353216
 358 0008 40810141 		.word	1090617664
 359 000c 0000803F 		.word	1065353216
 360 0010 92FCE9C0 		.word	-1058407278
 361 0014 0000803F 		.word	1065353216
 362 0018 34E85340 		.word	1079240756
 363 001c 0000803F 		.word	1065353216
 364 0020 BAE219BF 		.word	-1088822598
 365 0024 0000803F 		.word	1065353216
 366              		.section	.rodata.BTF_U_5O_50Hz_4K,"a"
 367              		.align	2
 370              	BTF_U_5O_50Hz_4K:
 371 0000 00000000 		.space	40
 371      00000000 
 371      00000000 
 371      00000000 
 371      00000000 
 372              		.text
 373              	.Letext0:
 374              		.file 1 "Algorithm/filter_param.h"
ARM GAS  /var/folders/8_/_8bzxkcs1296m80nzxdrn9q80000gn/T//ccmfOpwM.s 			page 9


 375              		.file 2 "Algorithm/filter_param.c"
ARM GAS  /var/folders/8_/_8bzxkcs1296m80nzxdrn9q80000gn/T//ccmfOpwM.s 			page 10


DEFINED SYMBOLS
                            *ABS*:0000000000000000 filter_param.c
/var/folders/8_/_8bzxkcs1296m80nzxdrn9q80000gn/T//ccmfOpwM.s:370    .rodata.BTF_U_5O_50Hz_4K:0000000000000000 BTF_U_5O_50Hz_4K
/var/folders/8_/_8bzxkcs1296m80nzxdrn9q80000gn/T//ccmfOpwM.s:217    .rodata.BTF_E_5O_50Hz_4K:0000000000000000 BTF_E_5O_50Hz_4K
/var/folders/8_/_8bzxkcs1296m80nzxdrn9q80000gn/T//ccmfOpwM.s:343    .rodata.BTF_U_5O_30Hz_4K:0000000000000000 BTF_U_5O_30Hz_4K
/var/folders/8_/_8bzxkcs1296m80nzxdrn9q80000gn/T//ccmfOpwM.s:188    .rodata.BTF_E_5O_30Hz_4K:0000000000000000 BTF_E_5O_30Hz_4K
/var/folders/8_/_8bzxkcs1296m80nzxdrn9q80000gn/T//ccmfOpwM.s:325    .rodata.BTF_U_4O_50Hz_4K:0000000000000000 BTF_U_4O_50Hz_4K
/var/folders/8_/_8bzxkcs1296m80nzxdrn9q80000gn/T//ccmfOpwM.s:170    .rodata.BTF_E_4O_50Hz_4K:0000000000000000 BTF_E_4O_50Hz_4K
/var/folders/8_/_8bzxkcs1296m80nzxdrn9q80000gn/T//ccmfOpwM.s:307    .rodata.BTF_U_4O_30Hz_4K:0000000000000000 BTF_U_4O_30Hz_4K
/var/folders/8_/_8bzxkcs1296m80nzxdrn9q80000gn/T//ccmfOpwM.s:152    .rodata.BTF_E_4O_30Hz_4K:0000000000000000 BTF_E_4O_30Hz_4K
/var/folders/8_/_8bzxkcs1296m80nzxdrn9q80000gn/T//ccmfOpwM.s:289    .rodata.BTF_U_3O_50Hz_4K:0000000000000000 BTF_U_3O_50Hz_4K
/var/folders/8_/_8bzxkcs1296m80nzxdrn9q80000gn/T//ccmfOpwM.s:134    .rodata.BTF_E_3O_50Hz_4K:0000000000000000 BTF_E_3O_50Hz_4K
/var/folders/8_/_8bzxkcs1296m80nzxdrn9q80000gn/T//ccmfOpwM.s:271    .rodata.BTF_U_3O_30Hz_4K:0000000000000000 BTF_U_3O_30Hz_4K
/var/folders/8_/_8bzxkcs1296m80nzxdrn9q80000gn/T//ccmfOpwM.s:116    .rodata.BTF_E_3O_30Hz_4K:0000000000000000 BTF_E_3O_30Hz_4K
/var/folders/8_/_8bzxkcs1296m80nzxdrn9q80000gn/T//ccmfOpwM.s:253    .rodata.BTF_U_2O_50Hz_4K:0000000000000000 BTF_U_2O_50Hz_4K
/var/folders/8_/_8bzxkcs1296m80nzxdrn9q80000gn/T//ccmfOpwM.s:98     .rodata.BTF_E_2O_50Hz_4K:0000000000000000 BTF_E_2O_50Hz_4K
/var/folders/8_/_8bzxkcs1296m80nzxdrn9q80000gn/T//ccmfOpwM.s:235    .rodata.BTF_U_2O_30Hz_4K:0000000000000000 BTF_U_2O_30Hz_4K
/var/folders/8_/_8bzxkcs1296m80nzxdrn9q80000gn/T//ccmfOpwM.s:80     .rodata.BTF_E_2O_30Hz_4K:0000000000000000 BTF_E_2O_30Hz_4K
/var/folders/8_/_8bzxkcs1296m80nzxdrn9q80000gn/T//ccmfOpwM.s:355    .rodata.BTF_U_5O_50Hz_2K:0000000000000000 BTF_U_5O_50Hz_2K
/var/folders/8_/_8bzxkcs1296m80nzxdrn9q80000gn/T//ccmfOpwM.s:200    .rodata.BTF_E_5O_50Hz_2K:0000000000000000 BTF_E_5O_50Hz_2K
/var/folders/8_/_8bzxkcs1296m80nzxdrn9q80000gn/T//ccmfOpwM.s:337    .rodata.BTF_U_5O_30Hz_2K:0000000000000000 BTF_U_5O_30Hz_2K
/var/folders/8_/_8bzxkcs1296m80nzxdrn9q80000gn/T//ccmfOpwM.s:182    .rodata.BTF_E_5O_30Hz_2K:0000000000000000 BTF_E_5O_30Hz_2K
/var/folders/8_/_8bzxkcs1296m80nzxdrn9q80000gn/T//ccmfOpwM.s:319    .rodata.BTF_U_4O_50Hz_2K:0000000000000000 BTF_U_4O_50Hz_2K
/var/folders/8_/_8bzxkcs1296m80nzxdrn9q80000gn/T//ccmfOpwM.s:164    .rodata.BTF_E_4O_50Hz_2K:0000000000000000 BTF_E_4O_50Hz_2K
/var/folders/8_/_8bzxkcs1296m80nzxdrn9q80000gn/T//ccmfOpwM.s:301    .rodata.BTF_U_4O_30Hz_2K:0000000000000000 BTF_U_4O_30Hz_2K
/var/folders/8_/_8bzxkcs1296m80nzxdrn9q80000gn/T//ccmfOpwM.s:146    .rodata.BTF_E_4O_30Hz_2K:0000000000000000 BTF_E_4O_30Hz_2K
/var/folders/8_/_8bzxkcs1296m80nzxdrn9q80000gn/T//ccmfOpwM.s:283    .rodata.BTF_U_3O_50Hz_2K:0000000000000000 BTF_U_3O_50Hz_2K
/var/folders/8_/_8bzxkcs1296m80nzxdrn9q80000gn/T//ccmfOpwM.s:128    .rodata.BTF_E_3O_50Hz_2K:0000000000000000 BTF_E_3O_50Hz_2K
/var/folders/8_/_8bzxkcs1296m80nzxdrn9q80000gn/T//ccmfOpwM.s:265    .rodata.BTF_U_3O_30Hz_2K:0000000000000000 BTF_U_3O_30Hz_2K
/var/folders/8_/_8bzxkcs1296m80nzxdrn9q80000gn/T//ccmfOpwM.s:110    .rodata.BTF_E_3O_30Hz_2K:0000000000000000 BTF_E_3O_30Hz_2K
/var/folders/8_/_8bzxkcs1296m80nzxdrn9q80000gn/T//ccmfOpwM.s:247    .rodata.BTF_U_2O_50Hz_2K:0000000000000000 BTF_U_2O_50Hz_2K
/var/folders/8_/_8bzxkcs1296m80nzxdrn9q80000gn/T//ccmfOpwM.s:92     .rodata.BTF_E_2O_50Hz_2K:0000000000000000 BTF_E_2O_50Hz_2K
/var/folders/8_/_8bzxkcs1296m80nzxdrn9q80000gn/T//ccmfOpwM.s:229    .rodata.BTF_U_2O_30Hz_2K:0000000000000000 BTF_U_2O_30Hz_2K
/var/folders/8_/_8bzxkcs1296m80nzxdrn9q80000gn/T//ccmfOpwM.s:74     .rodata.BTF_E_2O_30Hz_2K:0000000000000000 BTF_E_2O_30Hz_2K
/var/folders/8_/_8bzxkcs1296m80nzxdrn9q80000gn/T//ccmfOpwM.s:349    .rodata.BTF_U_5O_50Hz_1K:0000000000000000 BTF_U_5O_50Hz_1K
/var/folders/8_/_8bzxkcs1296m80nzxdrn9q80000gn/T//ccmfOpwM.s:194    .rodata.BTF_E_5O_50Hz_1K:0000000000000000 BTF_E_5O_50Hz_1K
/var/folders/8_/_8bzxkcs1296m80nzxdrn9q80000gn/T//ccmfOpwM.s:331    .rodata.BTF_U_5O_30Hz_1K:0000000000000000 BTF_U_5O_30Hz_1K
/var/folders/8_/_8bzxkcs1296m80nzxdrn9q80000gn/T//ccmfOpwM.s:176    .rodata.BTF_E_5O_30Hz_1K:0000000000000000 BTF_E_5O_30Hz_1K
/var/folders/8_/_8bzxkcs1296m80nzxdrn9q80000gn/T//ccmfOpwM.s:313    .rodata.BTF_U_4O_50Hz_1K:0000000000000000 BTF_U_4O_50Hz_1K
/var/folders/8_/_8bzxkcs1296m80nzxdrn9q80000gn/T//ccmfOpwM.s:158    .rodata.BTF_E_4O_50Hz_1K:0000000000000000 BTF_E_4O_50Hz_1K
/var/folders/8_/_8bzxkcs1296m80nzxdrn9q80000gn/T//ccmfOpwM.s:295    .rodata.BTF_U_4O_30Hz_1K:0000000000000000 BTF_U_4O_30Hz_1K
/var/folders/8_/_8bzxkcs1296m80nzxdrn9q80000gn/T//ccmfOpwM.s:140    .rodata.BTF_E_4O_30Hz_1K:0000000000000000 BTF_E_4O_30Hz_1K
/var/folders/8_/_8bzxkcs1296m80nzxdrn9q80000gn/T//ccmfOpwM.s:277    .rodata.BTF_U_3O_50Hz_1K:0000000000000000 BTF_U_3O_50Hz_1K
/var/folders/8_/_8bzxkcs1296m80nzxdrn9q80000gn/T//ccmfOpwM.s:122    .rodata.BTF_E_3O_50Hz_1K:0000000000000000 BTF_E_3O_50Hz_1K
/var/folders/8_/_8bzxkcs1296m80nzxdrn9q80000gn/T//ccmfOpwM.s:259    .rodata.BTF_U_3O_30Hz_1K:0000000000000000 BTF_U_3O_30Hz_1K
/var/folders/8_/_8bzxkcs1296m80nzxdrn9q80000gn/T//ccmfOpwM.s:104    .rodata.BTF_E_3O_30Hz_1K:0000000000000000 BTF_E_3O_30Hz_1K
/var/folders/8_/_8bzxkcs1296m80nzxdrn9q80000gn/T//ccmfOpwM.s:241    .rodata.BTF_U_2O_50Hz_1K:0000000000000000 BTF_U_2O_50Hz_1K
/var/folders/8_/_8bzxkcs1296m80nzxdrn9q80000gn/T//ccmfOpwM.s:86     .rodata.BTF_E_2O_50Hz_1K:0000000000000000 BTF_E_2O_50Hz_1K
/var/folders/8_/_8bzxkcs1296m80nzxdrn9q80000gn/T//ccmfOpwM.s:223    .rodata.BTF_U_2O_30Hz_1K:0000000000000000 BTF_U_2O_30Hz_1K
/var/folders/8_/_8bzxkcs1296m80nzxdrn9q80000gn/T//ccmfOpwM.s:68     .rodata.BTF_E_2O_30Hz_1K:0000000000000000 BTF_E_2O_30Hz_1K
/var/folders/8_/_8bzxkcs1296m80nzxdrn9q80000gn/T//ccmfOpwM.s:65     .rodata.BTF_E_2O_30Hz_1K:0000000000000000 $d
/var/folders/8_/_8bzxkcs1296m80nzxdrn9q80000gn/T//ccmfOpwM.s:71     .rodata.BTF_E_2O_30Hz_2K:0000000000000000 $d
/var/folders/8_/_8bzxkcs1296m80nzxdrn9q80000gn/T//ccmfOpwM.s:77     .rodata.BTF_E_2O_30Hz_4K:0000000000000000 $d
/var/folders/8_/_8bzxkcs1296m80nzxdrn9q80000gn/T//ccmfOpwM.s:83     .rodata.BTF_E_2O_50Hz_1K:0000000000000000 $d
/var/folders/8_/_8bzxkcs1296m80nzxdrn9q80000gn/T//ccmfOpwM.s:89     .rodata.BTF_E_2O_50Hz_2K:0000000000000000 $d
/var/folders/8_/_8bzxkcs1296m80nzxdrn9q80000gn/T//ccmfOpwM.s:95     .rodata.BTF_E_2O_50Hz_4K:0000000000000000 $d
/var/folders/8_/_8bzxkcs1296m80nzxdrn9q80000gn/T//ccmfOpwM.s:101    .rodata.BTF_E_3O_30Hz_1K:0000000000000000 $d
ARM GAS  /var/folders/8_/_8bzxkcs1296m80nzxdrn9q80000gn/T//ccmfOpwM.s 			page 11


/var/folders/8_/_8bzxkcs1296m80nzxdrn9q80000gn/T//ccmfOpwM.s:107    .rodata.BTF_E_3O_30Hz_2K:0000000000000000 $d
/var/folders/8_/_8bzxkcs1296m80nzxdrn9q80000gn/T//ccmfOpwM.s:113    .rodata.BTF_E_3O_30Hz_4K:0000000000000000 $d
/var/folders/8_/_8bzxkcs1296m80nzxdrn9q80000gn/T//ccmfOpwM.s:119    .rodata.BTF_E_3O_50Hz_1K:0000000000000000 $d
/var/folders/8_/_8bzxkcs1296m80nzxdrn9q80000gn/T//ccmfOpwM.s:125    .rodata.BTF_E_3O_50Hz_2K:0000000000000000 $d
/var/folders/8_/_8bzxkcs1296m80nzxdrn9q80000gn/T//ccmfOpwM.s:131    .rodata.BTF_E_3O_50Hz_4K:0000000000000000 $d
/var/folders/8_/_8bzxkcs1296m80nzxdrn9q80000gn/T//ccmfOpwM.s:137    .rodata.BTF_E_4O_30Hz_1K:0000000000000000 $d
/var/folders/8_/_8bzxkcs1296m80nzxdrn9q80000gn/T//ccmfOpwM.s:143    .rodata.BTF_E_4O_30Hz_2K:0000000000000000 $d
/var/folders/8_/_8bzxkcs1296m80nzxdrn9q80000gn/T//ccmfOpwM.s:149    .rodata.BTF_E_4O_30Hz_4K:0000000000000000 $d
/var/folders/8_/_8bzxkcs1296m80nzxdrn9q80000gn/T//ccmfOpwM.s:155    .rodata.BTF_E_4O_50Hz_1K:0000000000000000 $d
/var/folders/8_/_8bzxkcs1296m80nzxdrn9q80000gn/T//ccmfOpwM.s:161    .rodata.BTF_E_4O_50Hz_2K:0000000000000000 $d
/var/folders/8_/_8bzxkcs1296m80nzxdrn9q80000gn/T//ccmfOpwM.s:167    .rodata.BTF_E_4O_50Hz_4K:0000000000000000 $d
/var/folders/8_/_8bzxkcs1296m80nzxdrn9q80000gn/T//ccmfOpwM.s:173    .rodata.BTF_E_5O_30Hz_1K:0000000000000000 $d
/var/folders/8_/_8bzxkcs1296m80nzxdrn9q80000gn/T//ccmfOpwM.s:179    .rodata.BTF_E_5O_30Hz_2K:0000000000000000 $d
/var/folders/8_/_8bzxkcs1296m80nzxdrn9q80000gn/T//ccmfOpwM.s:185    .rodata.BTF_E_5O_30Hz_4K:0000000000000000 $d
/var/folders/8_/_8bzxkcs1296m80nzxdrn9q80000gn/T//ccmfOpwM.s:191    .rodata.BTF_E_5O_50Hz_1K:0000000000000000 $d
/var/folders/8_/_8bzxkcs1296m80nzxdrn9q80000gn/T//ccmfOpwM.s:197    .rodata.BTF_E_5O_50Hz_2K:0000000000000000 $d
/var/folders/8_/_8bzxkcs1296m80nzxdrn9q80000gn/T//ccmfOpwM.s:214    .rodata.BTF_E_5O_50Hz_4K:0000000000000000 $d
/var/folders/8_/_8bzxkcs1296m80nzxdrn9q80000gn/T//ccmfOpwM.s:220    .rodata.BTF_U_2O_30Hz_1K:0000000000000000 $d
/var/folders/8_/_8bzxkcs1296m80nzxdrn9q80000gn/T//ccmfOpwM.s:226    .rodata.BTF_U_2O_30Hz_2K:0000000000000000 $d
/var/folders/8_/_8bzxkcs1296m80nzxdrn9q80000gn/T//ccmfOpwM.s:232    .rodata.BTF_U_2O_30Hz_4K:0000000000000000 $d
/var/folders/8_/_8bzxkcs1296m80nzxdrn9q80000gn/T//ccmfOpwM.s:238    .rodata.BTF_U_2O_50Hz_1K:0000000000000000 $d
/var/folders/8_/_8bzxkcs1296m80nzxdrn9q80000gn/T//ccmfOpwM.s:244    .rodata.BTF_U_2O_50Hz_2K:0000000000000000 $d
/var/folders/8_/_8bzxkcs1296m80nzxdrn9q80000gn/T//ccmfOpwM.s:250    .rodata.BTF_U_2O_50Hz_4K:0000000000000000 $d
/var/folders/8_/_8bzxkcs1296m80nzxdrn9q80000gn/T//ccmfOpwM.s:256    .rodata.BTF_U_3O_30Hz_1K:0000000000000000 $d
/var/folders/8_/_8bzxkcs1296m80nzxdrn9q80000gn/T//ccmfOpwM.s:262    .rodata.BTF_U_3O_30Hz_2K:0000000000000000 $d
/var/folders/8_/_8bzxkcs1296m80nzxdrn9q80000gn/T//ccmfOpwM.s:268    .rodata.BTF_U_3O_30Hz_4K:0000000000000000 $d
/var/folders/8_/_8bzxkcs1296m80nzxdrn9q80000gn/T//ccmfOpwM.s:274    .rodata.BTF_U_3O_50Hz_1K:0000000000000000 $d
/var/folders/8_/_8bzxkcs1296m80nzxdrn9q80000gn/T//ccmfOpwM.s:280    .rodata.BTF_U_3O_50Hz_2K:0000000000000000 $d
/var/folders/8_/_8bzxkcs1296m80nzxdrn9q80000gn/T//ccmfOpwM.s:286    .rodata.BTF_U_3O_50Hz_4K:0000000000000000 $d
/var/folders/8_/_8bzxkcs1296m80nzxdrn9q80000gn/T//ccmfOpwM.s:292    .rodata.BTF_U_4O_30Hz_1K:0000000000000000 $d
/var/folders/8_/_8bzxkcs1296m80nzxdrn9q80000gn/T//ccmfOpwM.s:298    .rodata.BTF_U_4O_30Hz_2K:0000000000000000 $d
/var/folders/8_/_8bzxkcs1296m80nzxdrn9q80000gn/T//ccmfOpwM.s:304    .rodata.BTF_U_4O_30Hz_4K:0000000000000000 $d
/var/folders/8_/_8bzxkcs1296m80nzxdrn9q80000gn/T//ccmfOpwM.s:310    .rodata.BTF_U_4O_50Hz_1K:0000000000000000 $d
/var/folders/8_/_8bzxkcs1296m80nzxdrn9q80000gn/T//ccmfOpwM.s:316    .rodata.BTF_U_4O_50Hz_2K:0000000000000000 $d
/var/folders/8_/_8bzxkcs1296m80nzxdrn9q80000gn/T//ccmfOpwM.s:322    .rodata.BTF_U_4O_50Hz_4K:0000000000000000 $d
/var/folders/8_/_8bzxkcs1296m80nzxdrn9q80000gn/T//ccmfOpwM.s:328    .rodata.BTF_U_5O_30Hz_1K:0000000000000000 $d
/var/folders/8_/_8bzxkcs1296m80nzxdrn9q80000gn/T//ccmfOpwM.s:334    .rodata.BTF_U_5O_30Hz_2K:0000000000000000 $d
/var/folders/8_/_8bzxkcs1296m80nzxdrn9q80000gn/T//ccmfOpwM.s:340    .rodata.BTF_U_5O_30Hz_4K:0000000000000000 $d
/var/folders/8_/_8bzxkcs1296m80nzxdrn9q80000gn/T//ccmfOpwM.s:346    .rodata.BTF_U_5O_50Hz_1K:0000000000000000 $d
/var/folders/8_/_8bzxkcs1296m80nzxdrn9q80000gn/T//ccmfOpwM.s:352    .rodata.BTF_U_5O_50Hz_2K:0000000000000000 $d
/var/folders/8_/_8bzxkcs1296m80nzxdrn9q80000gn/T//ccmfOpwM.s:367    .rodata.BTF_U_5O_50Hz_4K:0000000000000000 $d

NO UNDEFINED SYMBOLS
