ARM GAS  C:\Users\HUAV\AppData\Local\Temp\ccU9hvUT.s 			page 1


   1              		.cpu cortex-m7
   2              		.eabi_attribute 28, 1
   3              		.eabi_attribute 20, 1
   4              		.eabi_attribute 21, 1
   5              		.eabi_attribute 23, 3
   6              		.eabi_attribute 24, 1
   7              		.eabi_attribute 25, 1
   8              		.eabi_attribute 26, 1
   9              		.eabi_attribute 30, 1
  10              		.eabi_attribute 34, 1
  11              		.eabi_attribute 18, 4
  12              		.file	"IO_Definition.c"
  13              		.text
  14              	.Ltext0:
  15              		.cfi_sections	.debug_frame
  16              		.global	USB_DctPin
  17              		.global	SecIMU_BusPin
  18              		.global	PriIMU_BusPin
  19              		.global	Uart4_RxPin
  20              		.global	Uart4_TxPin
  21              		.global	SecIMU_INTPin
  22              		.global	SecIMU_CSPin
  23              		.global	PriIMU_INTPin
  24              		.global	PriIMU_CSPin
  25              		.global	Led3
  26              		.global	Led2
  27              		.global	Led1
  28              		.global	Debug_PB10
  29              		.global	Debug_PB6
  30              		.global	Debug_PB5
  31              		.global	Debug_PB4
  32              		.global	Debug_PB3
  33              		.global	Debug_PC3
  34              		.global	Debug_PC2
  35              		.global	Debug_PC1
  36              		.global	Debug_PC0
  37              		.section	.data.Debug_PB10,"aw"
  38              		.align	2
  41              	Debug_PB10:
  42 0000 00040258 		.word	1476527104
  43 0004 0004     		.short	1024
  44 0006 00       		.byte	0
  45 0007 00000000 		.space	5
  45      00
  46              		.section	.data.Debug_PB3,"aw"
  47              		.align	2
  50              	Debug_PB3:
  51 0000 00040258 		.word	1476527104
  52 0004 0800     		.short	8
  53 0006 00       		.byte	0
  54 0007 00000000 		.space	5
  54      00
  55              		.section	.data.Debug_PB4,"aw"
  56              		.align	2
  59              	Debug_PB4:
  60 0000 00040258 		.word	1476527104
  61 0004 1000     		.short	16
ARM GAS  C:\Users\HUAV\AppData\Local\Temp\ccU9hvUT.s 			page 2


  62 0006 00       		.byte	0
  63 0007 00000000 		.space	5
  63      00
  64              		.section	.data.Debug_PB5,"aw"
  65              		.align	2
  68              	Debug_PB5:
  69 0000 00040258 		.word	1476527104
  70 0004 2000     		.short	32
  71 0006 00       		.byte	0
  72 0007 00000000 		.space	5
  72      00
  73              		.section	.data.Debug_PB6,"aw"
  74              		.align	2
  77              	Debug_PB6:
  78 0000 00040258 		.word	1476527104
  79 0004 4000     		.short	64
  80 0006 00       		.byte	0
  81 0007 00000000 		.space	5
  81      00
  82              		.section	.data.Debug_PC0,"aw"
  83              		.align	2
  86              	Debug_PC0:
  87 0000 00080258 		.word	1476528128
  88 0004 0100     		.short	1
  89 0006 00       		.byte	0
  90 0007 00000000 		.space	5
  90      00
  91              		.section	.data.Debug_PC1,"aw"
  92              		.align	2
  95              	Debug_PC1:
  96 0000 00080258 		.word	1476528128
  97 0004 0200     		.short	2
  98 0006 00       		.byte	0
  99 0007 00000000 		.space	5
  99      00
 100              		.section	.data.Debug_PC2,"aw"
 101              		.align	2
 104              	Debug_PC2:
 105 0000 00080258 		.word	1476528128
 106 0004 0400     		.short	4
 107 0006 00       		.byte	0
 108 0007 00000000 		.space	5
 108      00
 109              		.section	.data.Debug_PC3,"aw"
 110              		.align	2
 113              	Debug_PC3:
 114 0000 00080258 		.word	1476528128
 115 0004 0800     		.short	8
 116 0006 00       		.byte	0
 117 0007 00000000 		.space	5
 117      00
 118              		.section	.data.Led1,"aw"
 119              		.align	2
 122              	Led1:
 123 0000 00100258 		.word	1476530176
 124 0004 0800     		.short	8
 125 0006 01       		.byte	1
ARM GAS  C:\Users\HUAV\AppData\Local\Temp\ccU9hvUT.s 			page 3


 126 0007 00000000 		.space	5
 126      00
 127              		.section	.data.Led2,"aw"
 128              		.align	2
 131              	Led2:
 132 0000 00100258 		.word	1476530176
 133 0004 1000     		.short	16
 134 0006 01       		.byte	1
 135 0007 00000000 		.space	5
 135      00
 136              		.section	.data.Led3,"aw"
 137              		.align	2
 140              	Led3:
 141 0000 001C0258 		.word	1476533248
 142 0004 8000     		.short	128
 143 0006 01       		.byte	1
 144 0007 00000000 		.space	5
 144      00
 145              		.section	.data.PriIMU_BusPin,"aw"
 146              		.align	2
 149              	PriIMU_BusPin:
 150 0000 000C0258 		.word	1476529152
 151 0004 00000258 		.word	1476526080
 152 0008 00000258 		.word	1476526080
 153 000c 80000000 		.word	128
 154 0010 40000000 		.word	64
 155 0014 20000000 		.word	32
 156 0018 05000000 		.word	5
 157              		.section	.data.PriIMU_CSPin,"aw"
 158              		.align	2
 161              	PriIMU_CSPin:
 162 0000 00080258 		.word	1476528128
 163 0004 0080     		.short	-32768
 164 0006 01       		.byte	1
 165 0007 00000000 		.space	5
 165      00
 166              		.section	.data.PriIMU_INTPin,"aw"
 167              		.align	2
 170              	PriIMU_INTPin:
 171 0000 00040258 		.word	1476527104
 172 0004 0400     		.short	4
 173 0006 01       		.byte	1
 174 0007 00000000 		.space	5
 174      00
 175              		.section	.data.SecIMU_BusPin,"aw"
 176              		.align	2
 179              	SecIMU_BusPin:
 180 0000 00100258 		.word	1476530176
 181 0004 00100258 		.word	1476530176
 182 0008 00100258 		.word	1476530176
 183 000c 00400000 		.word	16384
 184 0010 00200000 		.word	8192
 185 0014 00100000 		.word	4096
 186 0018 05000000 		.word	5
 187              		.section	.data.SecIMU_CSPin,"aw"
 188              		.align	2
 191              	SecIMU_CSPin:
ARM GAS  C:\Users\HUAV\AppData\Local\Temp\ccU9hvUT.s 			page 4


 192 0000 00080258 		.word	1476528128
 193 0004 0020     		.short	8192
 194 0006 01       		.byte	1
 195 0007 00000000 		.space	5
 195      00
 196              		.section	.data.SecIMU_INTPin,"aw"
 197              		.align	2
 200              	SecIMU_INTPin:
 201 0000 00080258 		.word	1476528128
 202 0004 0040     		.short	16384
 203 0006 01       		.byte	1
 204 0007 00000000 		.space	5
 204      00
 205              		.section	.data.USB_DctPin,"aw"
 206              		.align	2
 209              	USB_DctPin:
 210 0000 00100258 		.word	1476530176
 211 0004 0400     		.short	4
 212 0006 00       		.byte	0
 213 0007 00000000 		.space	5
 213      00
 214              		.section	.data.Uart4_RxPin,"aw"
 215              		.align	2
 218              	Uart4_RxPin:
 219 0000 00040258 		.word	1476527104
 220 0004 0001     		.short	256
 221 0006 0000     		.space	2
 222 0008 08000000 		.word	8
 223              		.section	.data.Uart4_TxPin,"aw"
 224              		.align	2
 227              	Uart4_TxPin:
 228 0000 00040258 		.word	1476527104
 229 0004 0002     		.short	512
 230 0006 0000     		.space	2
 231 0008 08000000 		.word	8
 232              		.text
 233              	.Letext0:
 234              		.file 1 "d:\\software\\zephyr_env_gcc\\gcc-arm-none-eabi-10-2020-q4-major\\arm-none-eabi\\include\
 235              		.file 2 "d:\\software\\zephyr_env_gcc\\gcc-arm-none-eabi-10-2020-q4-major\\arm-none-eabi\\include\
 236              		.file 3 "HAL_Lib/CMSIS/Device/ST/STM32H7xx/Include/stm32h743xx.h"
 237              		.file 4 "HAL_Lib/STM32H7xx_HAL_Driver/Inc/stm32h7xx_hal_gpio.h"
 238              		.file 5 "Bsp/Bsp_GPIO.h"
 239              		.file 6 "Bsp/Bsp_SPI.h"
 240              		.file 7 "Device/Dev_Led.h"
 241              		.file 8 "debug/debug_util.h"
 242              		.file 9 "IO_Def/IO_Definition.h"
 243              		.file 10 "IO_Def/IO_Definition.c"
ARM GAS  C:\Users\HUAV\AppData\Local\Temp\ccU9hvUT.s 			page 5


DEFINED SYMBOLS
                            *ABS*:00000000 IO_Definition.c
C:\Users\HUAV\AppData\Local\Temp\ccU9hvUT.s:209    .data.USB_DctPin:00000000 USB_DctPin
C:\Users\HUAV\AppData\Local\Temp\ccU9hvUT.s:179    .data.SecIMU_BusPin:00000000 SecIMU_BusPin
C:\Users\HUAV\AppData\Local\Temp\ccU9hvUT.s:149    .data.PriIMU_BusPin:00000000 PriIMU_BusPin
C:\Users\HUAV\AppData\Local\Temp\ccU9hvUT.s:218    .data.Uart4_RxPin:00000000 Uart4_RxPin
C:\Users\HUAV\AppData\Local\Temp\ccU9hvUT.s:227    .data.Uart4_TxPin:00000000 Uart4_TxPin
C:\Users\HUAV\AppData\Local\Temp\ccU9hvUT.s:200    .data.SecIMU_INTPin:00000000 SecIMU_INTPin
C:\Users\HUAV\AppData\Local\Temp\ccU9hvUT.s:191    .data.SecIMU_CSPin:00000000 SecIMU_CSPin
C:\Users\HUAV\AppData\Local\Temp\ccU9hvUT.s:170    .data.PriIMU_INTPin:00000000 PriIMU_INTPin
C:\Users\HUAV\AppData\Local\Temp\ccU9hvUT.s:161    .data.PriIMU_CSPin:00000000 PriIMU_CSPin
C:\Users\HUAV\AppData\Local\Temp\ccU9hvUT.s:140    .data.Led3:00000000 Led3
C:\Users\HUAV\AppData\Local\Temp\ccU9hvUT.s:131    .data.Led2:00000000 Led2
C:\Users\HUAV\AppData\Local\Temp\ccU9hvUT.s:122    .data.Led1:00000000 Led1
C:\Users\HUAV\AppData\Local\Temp\ccU9hvUT.s:41     .data.Debug_PB10:00000000 Debug_PB10
C:\Users\HUAV\AppData\Local\Temp\ccU9hvUT.s:77     .data.Debug_PB6:00000000 Debug_PB6
C:\Users\HUAV\AppData\Local\Temp\ccU9hvUT.s:68     .data.Debug_PB5:00000000 Debug_PB5
C:\Users\HUAV\AppData\Local\Temp\ccU9hvUT.s:59     .data.Debug_PB4:00000000 Debug_PB4
C:\Users\HUAV\AppData\Local\Temp\ccU9hvUT.s:50     .data.Debug_PB3:00000000 Debug_PB3
C:\Users\HUAV\AppData\Local\Temp\ccU9hvUT.s:113    .data.Debug_PC3:00000000 Debug_PC3
C:\Users\HUAV\AppData\Local\Temp\ccU9hvUT.s:104    .data.Debug_PC2:00000000 Debug_PC2
C:\Users\HUAV\AppData\Local\Temp\ccU9hvUT.s:95     .data.Debug_PC1:00000000 Debug_PC1
C:\Users\HUAV\AppData\Local\Temp\ccU9hvUT.s:86     .data.Debug_PC0:00000000 Debug_PC0
C:\Users\HUAV\AppData\Local\Temp\ccU9hvUT.s:38     .data.Debug_PB10:00000000 $d
C:\Users\HUAV\AppData\Local\Temp\ccU9hvUT.s:47     .data.Debug_PB3:00000000 $d
C:\Users\HUAV\AppData\Local\Temp\ccU9hvUT.s:56     .data.Debug_PB4:00000000 $d
C:\Users\HUAV\AppData\Local\Temp\ccU9hvUT.s:65     .data.Debug_PB5:00000000 $d
C:\Users\HUAV\AppData\Local\Temp\ccU9hvUT.s:74     .data.Debug_PB6:00000000 $d
C:\Users\HUAV\AppData\Local\Temp\ccU9hvUT.s:83     .data.Debug_PC0:00000000 $d
C:\Users\HUAV\AppData\Local\Temp\ccU9hvUT.s:92     .data.Debug_PC1:00000000 $d
C:\Users\HUAV\AppData\Local\Temp\ccU9hvUT.s:101    .data.Debug_PC2:00000000 $d
C:\Users\HUAV\AppData\Local\Temp\ccU9hvUT.s:110    .data.Debug_PC3:00000000 $d
C:\Users\HUAV\AppData\Local\Temp\ccU9hvUT.s:119    .data.Led1:00000000 $d
C:\Users\HUAV\AppData\Local\Temp\ccU9hvUT.s:128    .data.Led2:00000000 $d
C:\Users\HUAV\AppData\Local\Temp\ccU9hvUT.s:137    .data.Led3:00000000 $d
C:\Users\HUAV\AppData\Local\Temp\ccU9hvUT.s:146    .data.PriIMU_BusPin:00000000 $d
C:\Users\HUAV\AppData\Local\Temp\ccU9hvUT.s:158    .data.PriIMU_CSPin:00000000 $d
C:\Users\HUAV\AppData\Local\Temp\ccU9hvUT.s:167    .data.PriIMU_INTPin:00000000 $d
C:\Users\HUAV\AppData\Local\Temp\ccU9hvUT.s:176    .data.SecIMU_BusPin:00000000 $d
C:\Users\HUAV\AppData\Local\Temp\ccU9hvUT.s:188    .data.SecIMU_CSPin:00000000 $d
C:\Users\HUAV\AppData\Local\Temp\ccU9hvUT.s:197    .data.SecIMU_INTPin:00000000 $d
C:\Users\HUAV\AppData\Local\Temp\ccU9hvUT.s:206    .data.USB_DctPin:00000000 $d
C:\Users\HUAV\AppData\Local\Temp\ccU9hvUT.s:215    .data.Uart4_RxPin:00000000 $d
C:\Users\HUAV\AppData\Local\Temp\ccU9hvUT.s:224    .data.Uart4_TxPin:00000000 $d

NO UNDEFINED SYMBOLS
