ARM GAS  C:\Users\8bit\AppData\Local\Temp\ccdzCAUB.s 			page 1


   1              		.cpu cortex-m4
   2              		.arch armv7e-m
   3              		.fpu fpv4-sp-d16
   4              		.eabi_attribute 27, 1
   5              		.eabi_attribute 28, 1
   6              		.eabi_attribute 20, 1
   7              		.eabi_attribute 21, 1
   8              		.eabi_attribute 23, 3
   9              		.eabi_attribute 24, 1
  10              		.eabi_attribute 25, 1
  11              		.eabi_attribute 26, 1
  12              		.eabi_attribute 30, 1
  13              		.eabi_attribute 34, 1
  14              		.eabi_attribute 18, 4
  15              		.file	"shell_port.c"
  16              		.text
  17              	.Ltext0:
  18              		.cfi_sections	.debug_frame
  19              		.section	.text.Shell_Init,"ax",%progbits
  20              		.align	1
  21              		.global	Shell_Init
  22              		.syntax unified
  23              		.thumb
  24              		.thumb_func
  26              	Shell_Init:
  27              	.LVL0:
  28              	.LFB3:
  29              		.file 1 "System/shell/shell_port.c"
   1:System/shell/shell_port.c **** #include "shell.h"
   2:System/shell/shell_port.c **** #include <stdio.h>
   3:System/shell/shell_port.c **** #include <stdarg.h>
   4:System/shell/shell_port.c **** #include "shell_port.h"
   5:System/shell/shell_port.c **** 
   6:System/shell/shell_port.c **** static Shell shell;
   7:System/shell/shell_port.c **** 
   8:System/shell/shell_port.c **** void Shell_Init(Shell_Write_Callback callback, uint8_t *p_buff, uint16_t size)
   9:System/shell/shell_port.c **** {
  30              		.loc 1 9 1 view -0
  31              		.cfi_startproc
  32              		@ args = 0, pretend = 0, frame = 0
  33              		@ frame_needed = 0, uses_anonymous_args = 0
  34              		.loc 1 9 1 is_stmt 0 view .LVU1
  35 0000 08B5     		push	{r3, lr}
  36              	.LCFI0:
  37              		.cfi_def_cfa_offset 8
  38              		.cfi_offset 3, -8
  39              		.cfi_offset 14, -4
  10:System/shell/shell_port.c **** 	shell.write = callback;
  40              		.loc 1 10 2 is_stmt 1 view .LVU2
  41              		.loc 1 10 14 is_stmt 0 view .LVU3
  42 0002 034B     		ldr	r3, .L3
  43 0004 9866     		str	r0, [r3, #104]
  11:System/shell/shell_port.c **** 	shellInit(&shell, p_buff, size);
  44              		.loc 1 11 2 is_stmt 1 view .LVU4
  45 0006 1846     		mov	r0, r3
  46              	.LVL1:
  47              		.loc 1 11 2 is_stmt 0 view .LVU5
ARM GAS  C:\Users\8bit\AppData\Local\Temp\ccdzCAUB.s 			page 2


  48 0008 FFF7FEFF 		bl	shellInit
  49              	.LVL2:
  12:System/shell/shell_port.c **** }
  50              		.loc 1 12 1 view .LVU6
  51 000c 08BD     		pop	{r3, pc}
  52              	.L4:
  53 000e 00BF     		.align	2
  54              	.L3:
  55 0010 00000000 		.word	.LANCHOR0
  56              		.cfi_endproc
  57              	.LFE3:
  59              		.section	.text.Shell_GetInstence,"ax",%progbits
  60              		.align	1
  61              		.global	Shell_GetInstence
  62              		.syntax unified
  63              		.thumb
  64              		.thumb_func
  66              	Shell_GetInstence:
  67              	.LFB4:
  13:System/shell/shell_port.c **** 
  14:System/shell/shell_port.c **** Shell *Shell_GetInstence(void)
  15:System/shell/shell_port.c **** {
  68              		.loc 1 15 1 is_stmt 1 view -0
  69              		.cfi_startproc
  70              		@ args = 0, pretend = 0, frame = 0
  71              		@ frame_needed = 0, uses_anonymous_args = 0
  72              		@ link register save eliminated.
  16:System/shell/shell_port.c **** 	return &shell;
  73              		.loc 1 16 2 view .LVU8
  17:System/shell/shell_port.c **** }...
  74              		.loc 1 17 1 is_stmt 0 view .LVU9
  75 0000 0048     		ldr	r0, .L6
  76 0002 7047     		bx	lr
  77              	.L7:
  78              		.align	2
  79              	.L6:
  80 0004 00000000 		.word	.LANCHOR0
  81              		.cfi_endproc
  82              	.LFE4:
  84              		.section	.bss.shell,"aw",%nobits
  85              		.align	2
  86              		.set	.LANCHOR0,. + 0
  89              	shell:
  90 0000 00000000 		.space	108
  90      00000000 
  90      00000000 
  90      00000000 
  90      00000000 
  91              		.text
  92              	.Letext0:
  93              		.file 2 "c:\\program files (x86)\\gnu arm embedded toolchain\\10 2021.10\\arm-none-eabi\\include\\
  94              		.file 3 "c:\\program files (x86)\\gnu arm embedded toolchain\\10 2021.10\\arm-none-eabi\\include\\
  95              		.file 4 "System/shell/shell.h"
  96              		.file 5 "System/shell/shell_port.h"
ARM GAS  C:\Users\8bit\AppData\Local\Temp\ccdzCAUB.s 			page 3


DEFINED SYMBOLS
                            *ABS*:00000000 shell_port.c
C:\Users\8bit\AppData\Local\Temp\ccdzCAUB.s:20     .text.Shell_Init:00000000 $t
C:\Users\8bit\AppData\Local\Temp\ccdzCAUB.s:26     .text.Shell_Init:00000000 Shell_Init
C:\Users\8bit\AppData\Local\Temp\ccdzCAUB.s:55     .text.Shell_Init:00000010 $d
C:\Users\8bit\AppData\Local\Temp\ccdzCAUB.s:60     .text.Shell_GetInstence:00000000 $t
C:\Users\8bit\AppData\Local\Temp\ccdzCAUB.s:66     .text.Shell_GetInstence:00000000 Shell_GetInstence
C:\Users\8bit\AppData\Local\Temp\ccdzCAUB.s:80     .text.Shell_GetInstence:00000004 $d
C:\Users\8bit\AppData\Local\Temp\ccdzCAUB.s:85     .bss.shell:00000000 $d
C:\Users\8bit\AppData\Local\Temp\ccdzCAUB.s:89     .bss.shell:00000000 shell

UNDEFINED SYMBOLS
shellInit
