ARM GAS  C:\Users\HUAV\AppData\Local\Temp\ccyyX4v0.s 			page 1


   1              		.cpu cortex-m7
   2              		.eabi_attribute 28, 1
   3              		.eabi_attribute 20, 1
   4              		.eabi_attribute 21, 1
   5              		.eabi_attribute 23, 3
   6              		.eabi_attribute 24, 1
   7              		.eabi_attribute 25, 1
   8              		.eabi_attribute 26, 1
   9              		.eabi_attribute 30, 1
  10              		.eabi_attribute 34, 1
  11              		.eabi_attribute 18, 4
  12              		.file	"shell_cmd_list.c"
  13              		.text
  14              	.Ltext0:
  15              		.cfi_sections	.debug_frame
  16              	.Letext0:
ARM GAS  C:\Users\HUAV\AppData\Local\Temp\ccyyX4v0.s 			page 2


DEFINED SYMBOLS
                            *ABS*:00000000 shell_cmd_list.c

NO UNDEFINED SYMBOLS
