ARM GAS  C:\Users\HUAV\AppData\Local\Temp\cc2jplud.s 			page 1


   1              		.cpu cortex-m7
   2              		.eabi_attribute 28, 1
   3              		.eabi_attribute 20, 1
   4              		.eabi_attribute 21, 1
   5              		.eabi_attribute 23, 3
   6              		.eabi_attribute 24, 1
   7              		.eabi_attribute 25, 1
   8              		.eabi_attribute 26, 1
   9              		.eabi_attribute 30, 1
  10              		.eabi_attribute 34, 1
  11              		.eabi_attribute 18, 4
  12              		.file	"stm32h7xx_hal_pcd_ex.c"
  13              		.text
  14              	.Ltext0:
  15              		.cfi_sections	.debug_frame
  16              		.section	.text.HAL_PCDEx_SetTxFiFo,"ax",%progbits
  17              		.align	1
  18              		.global	HAL_PCDEx_SetTxFiFo
  19              		.arch armv7e-m
  20              		.syntax unified
  21              		.thumb
  22              		.thumb_func
  23              		.fpu fpv5-d16
  25              	HAL_PCDEx_SetTxFiFo:
  26              	.LVL0:
  27              	.LFB144:
  28              		.file 1 "HAL_Lib/STM32H7xx_HAL_Driver/Src/stm32h7xx_hal_pcd_ex.c"
   1:HAL_Lib/STM32H7xx_HAL_Driver/Src/stm32h7xx_hal_pcd_ex.c **** /**
   2:HAL_Lib/STM32H7xx_HAL_Driver/Src/stm32h7xx_hal_pcd_ex.c ****   ******************************************************************************
   3:HAL_Lib/STM32H7xx_HAL_Driver/Src/stm32h7xx_hal_pcd_ex.c ****   * @file    stm32h7xx_hal_pcd_ex.c
   4:HAL_Lib/STM32H7xx_HAL_Driver/Src/stm32h7xx_hal_pcd_ex.c ****   * @author  MCD Application Team
   5:HAL_Lib/STM32H7xx_HAL_Driver/Src/stm32h7xx_hal_pcd_ex.c ****   * @brief   PCD Extended HAL module driver.
   6:HAL_Lib/STM32H7xx_HAL_Driver/Src/stm32h7xx_hal_pcd_ex.c ****   *          This file provides firmware functions to manage the following
   7:HAL_Lib/STM32H7xx_HAL_Driver/Src/stm32h7xx_hal_pcd_ex.c ****   *          functionalities of the USB Peripheral Controller:
   8:HAL_Lib/STM32H7xx_HAL_Driver/Src/stm32h7xx_hal_pcd_ex.c ****   *           + Extended features functions
   9:HAL_Lib/STM32H7xx_HAL_Driver/Src/stm32h7xx_hal_pcd_ex.c ****   *
  10:HAL_Lib/STM32H7xx_HAL_Driver/Src/stm32h7xx_hal_pcd_ex.c ****   ******************************************************************************
  11:HAL_Lib/STM32H7xx_HAL_Driver/Src/stm32h7xx_hal_pcd_ex.c ****   * @attention
  12:HAL_Lib/STM32H7xx_HAL_Driver/Src/stm32h7xx_hal_pcd_ex.c ****   *
  13:HAL_Lib/STM32H7xx_HAL_Driver/Src/stm32h7xx_hal_pcd_ex.c ****   * Copyright (c) 2017 STMicroelectronics.
  14:HAL_Lib/STM32H7xx_HAL_Driver/Src/stm32h7xx_hal_pcd_ex.c ****   * All rights reserved.
  15:HAL_Lib/STM32H7xx_HAL_Driver/Src/stm32h7xx_hal_pcd_ex.c ****   *
  16:HAL_Lib/STM32H7xx_HAL_Driver/Src/stm32h7xx_hal_pcd_ex.c ****   * This software is licensed under terms that can be found in the LICENSE file
  17:HAL_Lib/STM32H7xx_HAL_Driver/Src/stm32h7xx_hal_pcd_ex.c ****   * in the root directory of this software component.
  18:HAL_Lib/STM32H7xx_HAL_Driver/Src/stm32h7xx_hal_pcd_ex.c ****   * If no LICENSE file comes with this software, it is provided AS-IS.
  19:HAL_Lib/STM32H7xx_HAL_Driver/Src/stm32h7xx_hal_pcd_ex.c ****   *
  20:HAL_Lib/STM32H7xx_HAL_Driver/Src/stm32h7xx_hal_pcd_ex.c ****   ******************************************************************************
  21:HAL_Lib/STM32H7xx_HAL_Driver/Src/stm32h7xx_hal_pcd_ex.c ****   */
  22:HAL_Lib/STM32H7xx_HAL_Driver/Src/stm32h7xx_hal_pcd_ex.c **** 
  23:HAL_Lib/STM32H7xx_HAL_Driver/Src/stm32h7xx_hal_pcd_ex.c **** /* Includes ------------------------------------------------------------------*/
  24:HAL_Lib/STM32H7xx_HAL_Driver/Src/stm32h7xx_hal_pcd_ex.c **** #include "stm32h7xx_hal.h"
  25:HAL_Lib/STM32H7xx_HAL_Driver/Src/stm32h7xx_hal_pcd_ex.c **** 
  26:HAL_Lib/STM32H7xx_HAL_Driver/Src/stm32h7xx_hal_pcd_ex.c **** /** @addtogroup STM32H7xx_HAL_Driver
  27:HAL_Lib/STM32H7xx_HAL_Driver/Src/stm32h7xx_hal_pcd_ex.c ****   * @{
  28:HAL_Lib/STM32H7xx_HAL_Driver/Src/stm32h7xx_hal_pcd_ex.c ****   */
  29:HAL_Lib/STM32H7xx_HAL_Driver/Src/stm32h7xx_hal_pcd_ex.c **** 
  30:HAL_Lib/STM32H7xx_HAL_Driver/Src/stm32h7xx_hal_pcd_ex.c **** /** @defgroup PCDEx PCDEx
ARM GAS  C:\Users\HUAV\AppData\Local\Temp\cc2jplud.s 			page 2


  31:HAL_Lib/STM32H7xx_HAL_Driver/Src/stm32h7xx_hal_pcd_ex.c ****   * @brief PCD Extended HAL module driver
  32:HAL_Lib/STM32H7xx_HAL_Driver/Src/stm32h7xx_hal_pcd_ex.c ****   * @{
  33:HAL_Lib/STM32H7xx_HAL_Driver/Src/stm32h7xx_hal_pcd_ex.c ****   */
  34:HAL_Lib/STM32H7xx_HAL_Driver/Src/stm32h7xx_hal_pcd_ex.c **** 
  35:HAL_Lib/STM32H7xx_HAL_Driver/Src/stm32h7xx_hal_pcd_ex.c **** #ifdef HAL_PCD_MODULE_ENABLED
  36:HAL_Lib/STM32H7xx_HAL_Driver/Src/stm32h7xx_hal_pcd_ex.c **** 
  37:HAL_Lib/STM32H7xx_HAL_Driver/Src/stm32h7xx_hal_pcd_ex.c **** #if defined (USB_OTG_FS) || defined (USB_OTG_HS)
  38:HAL_Lib/STM32H7xx_HAL_Driver/Src/stm32h7xx_hal_pcd_ex.c **** /* Private types -------------------------------------------------------------*/
  39:HAL_Lib/STM32H7xx_HAL_Driver/Src/stm32h7xx_hal_pcd_ex.c **** /* Private variables ---------------------------------------------------------*/
  40:HAL_Lib/STM32H7xx_HAL_Driver/Src/stm32h7xx_hal_pcd_ex.c **** /* Private constants ---------------------------------------------------------*/
  41:HAL_Lib/STM32H7xx_HAL_Driver/Src/stm32h7xx_hal_pcd_ex.c **** /* Private macros ------------------------------------------------------------*/
  42:HAL_Lib/STM32H7xx_HAL_Driver/Src/stm32h7xx_hal_pcd_ex.c **** /* Private functions ---------------------------------------------------------*/
  43:HAL_Lib/STM32H7xx_HAL_Driver/Src/stm32h7xx_hal_pcd_ex.c **** /* Exported functions --------------------------------------------------------*/
  44:HAL_Lib/STM32H7xx_HAL_Driver/Src/stm32h7xx_hal_pcd_ex.c **** 
  45:HAL_Lib/STM32H7xx_HAL_Driver/Src/stm32h7xx_hal_pcd_ex.c **** /** @defgroup PCDEx_Exported_Functions PCDEx Exported Functions
  46:HAL_Lib/STM32H7xx_HAL_Driver/Src/stm32h7xx_hal_pcd_ex.c ****   * @{
  47:HAL_Lib/STM32H7xx_HAL_Driver/Src/stm32h7xx_hal_pcd_ex.c ****   */
  48:HAL_Lib/STM32H7xx_HAL_Driver/Src/stm32h7xx_hal_pcd_ex.c **** 
  49:HAL_Lib/STM32H7xx_HAL_Driver/Src/stm32h7xx_hal_pcd_ex.c **** /** @defgroup PCDEx_Exported_Functions_Group1 Peripheral Control functions
  50:HAL_Lib/STM32H7xx_HAL_Driver/Src/stm32h7xx_hal_pcd_ex.c ****   * @brief    PCDEx control functions
  51:HAL_Lib/STM32H7xx_HAL_Driver/Src/stm32h7xx_hal_pcd_ex.c ****   *
  52:HAL_Lib/STM32H7xx_HAL_Driver/Src/stm32h7xx_hal_pcd_ex.c **** @verbatim
  53:HAL_Lib/STM32H7xx_HAL_Driver/Src/stm32h7xx_hal_pcd_ex.c ****  ===============================================================================
  54:HAL_Lib/STM32H7xx_HAL_Driver/Src/stm32h7xx_hal_pcd_ex.c ****                  ##### Extended features functions #####
  55:HAL_Lib/STM32H7xx_HAL_Driver/Src/stm32h7xx_hal_pcd_ex.c ****  ===============================================================================
  56:HAL_Lib/STM32H7xx_HAL_Driver/Src/stm32h7xx_hal_pcd_ex.c ****     [..]  This section provides functions allowing to:
  57:HAL_Lib/STM32H7xx_HAL_Driver/Src/stm32h7xx_hal_pcd_ex.c ****       (+) Update FIFO configuration
  58:HAL_Lib/STM32H7xx_HAL_Driver/Src/stm32h7xx_hal_pcd_ex.c **** 
  59:HAL_Lib/STM32H7xx_HAL_Driver/Src/stm32h7xx_hal_pcd_ex.c **** @endverbatim
  60:HAL_Lib/STM32H7xx_HAL_Driver/Src/stm32h7xx_hal_pcd_ex.c ****   * @{
  61:HAL_Lib/STM32H7xx_HAL_Driver/Src/stm32h7xx_hal_pcd_ex.c ****   */
  62:HAL_Lib/STM32H7xx_HAL_Driver/Src/stm32h7xx_hal_pcd_ex.c **** #if defined (USB_OTG_FS) || defined (USB_OTG_HS)
  63:HAL_Lib/STM32H7xx_HAL_Driver/Src/stm32h7xx_hal_pcd_ex.c **** /**
  64:HAL_Lib/STM32H7xx_HAL_Driver/Src/stm32h7xx_hal_pcd_ex.c ****   * @brief  Set Tx FIFO
  65:HAL_Lib/STM32H7xx_HAL_Driver/Src/stm32h7xx_hal_pcd_ex.c ****   * @param  hpcd PCD handle
  66:HAL_Lib/STM32H7xx_HAL_Driver/Src/stm32h7xx_hal_pcd_ex.c ****   * @param  fifo The number of Tx fifo
  67:HAL_Lib/STM32H7xx_HAL_Driver/Src/stm32h7xx_hal_pcd_ex.c ****   * @param  size Fifo size
  68:HAL_Lib/STM32H7xx_HAL_Driver/Src/stm32h7xx_hal_pcd_ex.c ****   * @retval HAL status
  69:HAL_Lib/STM32H7xx_HAL_Driver/Src/stm32h7xx_hal_pcd_ex.c ****   */
  70:HAL_Lib/STM32H7xx_HAL_Driver/Src/stm32h7xx_hal_pcd_ex.c **** HAL_StatusTypeDef HAL_PCDEx_SetTxFiFo(PCD_HandleTypeDef *hpcd, uint8_t fifo, uint16_t size)
  71:HAL_Lib/STM32H7xx_HAL_Driver/Src/stm32h7xx_hal_pcd_ex.c **** {
  29              		.loc 1 71 1 view -0
  30              		.cfi_startproc
  31              		@ args = 0, pretend = 0, frame = 0
  32              		@ frame_needed = 0, uses_anonymous_args = 0
  33              		@ link register save eliminated.
  34              		.loc 1 71 1 is_stmt 0 view .LVU1
  35 0000 30B4     		push	{r4, r5}
  36              	.LCFI0:
  37              		.cfi_def_cfa_offset 8
  38              		.cfi_offset 4, -8
  39              		.cfi_offset 5, -4
  72:HAL_Lib/STM32H7xx_HAL_Driver/Src/stm32h7xx_hal_pcd_ex.c ****   uint8_t i;
  40              		.loc 1 72 3 is_stmt 1 view .LVU2
  73:HAL_Lib/STM32H7xx_HAL_Driver/Src/stm32h7xx_hal_pcd_ex.c ****   uint32_t Tx_Offset;
  41              		.loc 1 73 3 view .LVU3
  74:HAL_Lib/STM32H7xx_HAL_Driver/Src/stm32h7xx_hal_pcd_ex.c **** 
ARM GAS  C:\Users\HUAV\AppData\Local\Temp\cc2jplud.s 			page 3


  75:HAL_Lib/STM32H7xx_HAL_Driver/Src/stm32h7xx_hal_pcd_ex.c ****   /*  TXn min size = 16 words. (n  : Transmit FIFO index)
  76:HAL_Lib/STM32H7xx_HAL_Driver/Src/stm32h7xx_hal_pcd_ex.c ****       When a TxFIFO is not used, the Configuration should be as follows:
  77:HAL_Lib/STM32H7xx_HAL_Driver/Src/stm32h7xx_hal_pcd_ex.c ****           case 1 :  n > m    and Txn is not used    (n,m  : Transmit FIFO indexes)
  78:HAL_Lib/STM32H7xx_HAL_Driver/Src/stm32h7xx_hal_pcd_ex.c ****          --> Txm can use the space allocated for Txn.
  79:HAL_Lib/STM32H7xx_HAL_Driver/Src/stm32h7xx_hal_pcd_ex.c ****          case2  :  n < m    and Txn is not used    (n,m  : Transmit FIFO indexes)
  80:HAL_Lib/STM32H7xx_HAL_Driver/Src/stm32h7xx_hal_pcd_ex.c ****          --> Txn should be configured with the minimum space of 16 words
  81:HAL_Lib/STM32H7xx_HAL_Driver/Src/stm32h7xx_hal_pcd_ex.c ****      The FIFO is used optimally when used TxFIFOs are allocated in the top
  82:HAL_Lib/STM32H7xx_HAL_Driver/Src/stm32h7xx_hal_pcd_ex.c ****          of the FIFO.Ex: use EP1 and EP2 as IN instead of EP1 and EP3 as IN ones.
  83:HAL_Lib/STM32H7xx_HAL_Driver/Src/stm32h7xx_hal_pcd_ex.c ****      When DMA is used 3n * FIFO locations should be reserved for internal DMA registers */
  84:HAL_Lib/STM32H7xx_HAL_Driver/Src/stm32h7xx_hal_pcd_ex.c **** 
  85:HAL_Lib/STM32H7xx_HAL_Driver/Src/stm32h7xx_hal_pcd_ex.c ****   Tx_Offset = hpcd->Instance->GRXFSIZ;
  42              		.loc 1 85 3 view .LVU4
  43              		.loc 1 85 19 is_stmt 0 view .LVU5
  44 0002 0468     		ldr	r4, [r0]
  45              		.loc 1 85 13 view .LVU6
  46 0004 606A     		ldr	r0, [r4, #36]
  47              	.LVL1:
  86:HAL_Lib/STM32H7xx_HAL_Driver/Src/stm32h7xx_hal_pcd_ex.c **** 
  87:HAL_Lib/STM32H7xx_HAL_Driver/Src/stm32h7xx_hal_pcd_ex.c ****   if (fifo == 0U)
  48              		.loc 1 87 3 is_stmt 1 view .LVU7
  49              		.loc 1 87 6 is_stmt 0 view .LVU8
  50 0006 19B9     		cbnz	r1, .L2
  88:HAL_Lib/STM32H7xx_HAL_Driver/Src/stm32h7xx_hal_pcd_ex.c ****   {
  89:HAL_Lib/STM32H7xx_HAL_Driver/Src/stm32h7xx_hal_pcd_ex.c ****     hpcd->Instance->DIEPTXF0_HNPTXFSIZ = ((uint32_t)size << 16) | Tx_Offset;
  51              		.loc 1 89 5 is_stmt 1 view .LVU9
  52              		.loc 1 89 65 is_stmt 0 view .LVU10
  53 0008 40EA0240 		orr	r0, r0, r2, lsl #16
  54              	.LVL2:
  55              		.loc 1 89 40 view .LVU11
  56 000c A062     		str	r0, [r4, #40]
  57 000e 18E0     		b	.L3
  58              	.LVL3:
  59              	.L2:
  60              		.loc 1 89 40 view .LVU12
  61 0010 0D46     		mov	r5, r1
  90:HAL_Lib/STM32H7xx_HAL_Driver/Src/stm32h7xx_hal_pcd_ex.c ****   }
  91:HAL_Lib/STM32H7xx_HAL_Driver/Src/stm32h7xx_hal_pcd_ex.c ****   else
  92:HAL_Lib/STM32H7xx_HAL_Driver/Src/stm32h7xx_hal_pcd_ex.c ****   {
  93:HAL_Lib/STM32H7xx_HAL_Driver/Src/stm32h7xx_hal_pcd_ex.c ****     Tx_Offset += (hpcd->Instance->DIEPTXF0_HNPTXFSIZ) >> 16;
  62              		.loc 1 93 5 is_stmt 1 view .LVU13
  63              		.loc 1 93 33 is_stmt 0 view .LVU14
  64 0012 A36A     		ldr	r3, [r4, #40]
  65              		.loc 1 93 15 view .LVU15
  66 0014 00EB1340 		add	r0, r0, r3, lsr #16
  67              	.LVL4:
  94:HAL_Lib/STM32H7xx_HAL_Driver/Src/stm32h7xx_hal_pcd_ex.c ****     for (i = 0U; i < (fifo - 1U); i++)
  68              		.loc 1 94 5 is_stmt 1 view .LVU16
  69              		.loc 1 94 12 is_stmt 0 view .LVU17
  70 0018 0023     		movs	r3, #0
  71              	.LVL5:
  72              	.L4:
  73              		.loc 1 94 18 is_stmt 1 discriminator 1 view .LVU18
  74              		.loc 1 94 28 is_stmt 0 discriminator 1 view .LVU19
  75 001a 691E     		subs	r1, r5, #1
  76              		.loc 1 94 5 discriminator 1 view .LVU20
  77 001c 8B42     		cmp	r3, r1
  78 001e 09D2     		bcs	.L7
ARM GAS  C:\Users\HUAV\AppData\Local\Temp\cc2jplud.s 			page 4


  95:HAL_Lib/STM32H7xx_HAL_Driver/Src/stm32h7xx_hal_pcd_ex.c ****     {
  96:HAL_Lib/STM32H7xx_HAL_Driver/Src/stm32h7xx_hal_pcd_ex.c ****       Tx_Offset += (hpcd->Instance->DIEPTXF[i] >> 16);
  79              		.loc 1 96 7 is_stmt 1 discriminator 3 view .LVU21
  80              		.loc 1 96 44 is_stmt 0 discriminator 3 view .LVU22
  81 0020 03F14001 		add	r1, r3, #64
  82 0024 04EB8101 		add	r1, r4, r1, lsl #2
  83 0028 4968     		ldr	r1, [r1, #4]
  84              		.loc 1 96 17 discriminator 3 view .LVU23
  85 002a 00EB1140 		add	r0, r0, r1, lsr #16
  86              	.LVL6:
  94:HAL_Lib/STM32H7xx_HAL_Driver/Src/stm32h7xx_hal_pcd_ex.c ****     for (i = 0U; i < (fifo - 1U); i++)
  87              		.loc 1 94 35 is_stmt 1 discriminator 3 view .LVU24
  94:HAL_Lib/STM32H7xx_HAL_Driver/Src/stm32h7xx_hal_pcd_ex.c ****     for (i = 0U; i < (fifo - 1U); i++)
  88              		.loc 1 94 36 is_stmt 0 discriminator 3 view .LVU25
  89 002e 0133     		adds	r3, r3, #1
  90              	.LVL7:
  94:HAL_Lib/STM32H7xx_HAL_Driver/Src/stm32h7xx_hal_pcd_ex.c ****     for (i = 0U; i < (fifo - 1U); i++)
  91              		.loc 1 94 36 discriminator 3 view .LVU26
  92 0030 DBB2     		uxtb	r3, r3
  93              	.LVL8:
  94:HAL_Lib/STM32H7xx_HAL_Driver/Src/stm32h7xx_hal_pcd_ex.c ****     for (i = 0U; i < (fifo - 1U); i++)
  94              		.loc 1 94 36 discriminator 3 view .LVU27
  95 0032 F2E7     		b	.L4
  96              	.L7:
  97:HAL_Lib/STM32H7xx_HAL_Driver/Src/stm32h7xx_hal_pcd_ex.c ****     }
  98:HAL_Lib/STM32H7xx_HAL_Driver/Src/stm32h7xx_hal_pcd_ex.c **** 
  99:HAL_Lib/STM32H7xx_HAL_Driver/Src/stm32h7xx_hal_pcd_ex.c ****     /* Multiply Tx_Size by 2 to get higher performance */
 100:HAL_Lib/STM32H7xx_HAL_Driver/Src/stm32h7xx_hal_pcd_ex.c ****     hpcd->Instance->DIEPTXF[fifo - 1U] = ((uint32_t)size << 16) | Tx_Offset;
  97              		.loc 1 100 5 is_stmt 1 view .LVU28
  98              		.loc 1 100 65 is_stmt 0 view .LVU29
  99 0034 40EA0240 		orr	r0, r0, r2, lsl #16
 100              	.LVL9:
 101              		.loc 1 100 40 view .LVU30
 102 0038 05F13F01 		add	r1, r5, #63
 103 003c 04EB8101 		add	r1, r4, r1, lsl #2
 104 0040 4860     		str	r0, [r1, #4]
 105              	.LVL10:
 106              	.L3:
 101:HAL_Lib/STM32H7xx_HAL_Driver/Src/stm32h7xx_hal_pcd_ex.c ****   }
 102:HAL_Lib/STM32H7xx_HAL_Driver/Src/stm32h7xx_hal_pcd_ex.c **** 
 103:HAL_Lib/STM32H7xx_HAL_Driver/Src/stm32h7xx_hal_pcd_ex.c ****   return HAL_OK;
 107              		.loc 1 103 3 is_stmt 1 view .LVU31
 104:HAL_Lib/STM32H7xx_HAL_Driver/Src/stm32h7xx_hal_pcd_ex.c **** }
 108              		.loc 1 104 1 is_stmt 0 view .LVU32
 109 0042 0020     		movs	r0, #0
 110 0044 30BC     		pop	{r4, r5}
 111              	.LCFI1:
 112              		.cfi_restore 5
 113              		.cfi_restore 4
 114              		.cfi_def_cfa_offset 0
 115 0046 7047     		bx	lr
 116              		.cfi_endproc
 117              	.LFE144:
 119              		.section	.text.HAL_PCDEx_SetRxFiFo,"ax",%progbits
 120              		.align	1
 121              		.global	HAL_PCDEx_SetRxFiFo
 122              		.syntax unified
ARM GAS  C:\Users\HUAV\AppData\Local\Temp\cc2jplud.s 			page 5


 123              		.thumb
 124              		.thumb_func
 125              		.fpu fpv5-d16
 127              	HAL_PCDEx_SetRxFiFo:
 128              	.LVL11:
 129              	.LFB145:
 105:HAL_Lib/STM32H7xx_HAL_Driver/Src/stm32h7xx_hal_pcd_ex.c **** 
 106:HAL_Lib/STM32H7xx_HAL_Driver/Src/stm32h7xx_hal_pcd_ex.c **** /**
 107:HAL_Lib/STM32H7xx_HAL_Driver/Src/stm32h7xx_hal_pcd_ex.c ****   * @brief  Set Rx FIFO
 108:HAL_Lib/STM32H7xx_HAL_Driver/Src/stm32h7xx_hal_pcd_ex.c ****   * @param  hpcd PCD handle
 109:HAL_Lib/STM32H7xx_HAL_Driver/Src/stm32h7xx_hal_pcd_ex.c ****   * @param  size Size of Rx fifo
 110:HAL_Lib/STM32H7xx_HAL_Driver/Src/stm32h7xx_hal_pcd_ex.c ****   * @retval HAL status
 111:HAL_Lib/STM32H7xx_HAL_Driver/Src/stm32h7xx_hal_pcd_ex.c ****   */
 112:HAL_Lib/STM32H7xx_HAL_Driver/Src/stm32h7xx_hal_pcd_ex.c **** HAL_StatusTypeDef HAL_PCDEx_SetRxFiFo(PCD_HandleTypeDef *hpcd, uint16_t size)
 113:HAL_Lib/STM32H7xx_HAL_Driver/Src/stm32h7xx_hal_pcd_ex.c **** {
 130              		.loc 1 113 1 is_stmt 1 view -0
 131              		.cfi_startproc
 132              		@ args = 0, pretend = 0, frame = 0
 133              		@ frame_needed = 0, uses_anonymous_args = 0
 134              		@ link register save eliminated.
 114:HAL_Lib/STM32H7xx_HAL_Driver/Src/stm32h7xx_hal_pcd_ex.c ****   hpcd->Instance->GRXFSIZ = size;
 135              		.loc 1 114 3 view .LVU34
 136              		.loc 1 114 7 is_stmt 0 view .LVU35
 137 0000 0368     		ldr	r3, [r0]
 138              		.loc 1 114 27 view .LVU36
 139 0002 5962     		str	r1, [r3, #36]
 115:HAL_Lib/STM32H7xx_HAL_Driver/Src/stm32h7xx_hal_pcd_ex.c **** 
 116:HAL_Lib/STM32H7xx_HAL_Driver/Src/stm32h7xx_hal_pcd_ex.c ****   return HAL_OK;
 140              		.loc 1 116 3 is_stmt 1 view .LVU37
 117:HAL_Lib/STM32H7xx_HAL_Driver/Src/stm32h7xx_hal_pcd_ex.c **** }
 141              		.loc 1 117 1 is_stmt 0 view .LVU38
 142 0004 0020     		movs	r0, #0
 143              	.LVL12:
 144              		.loc 1 117 1 view .LVU39
 145 0006 7047     		bx	lr
 146              		.cfi_endproc
 147              	.LFE145:
 149              		.section	.text.HAL_PCDEx_ActivateLPM,"ax",%progbits
 150              		.align	1
 151              		.global	HAL_PCDEx_ActivateLPM
 152              		.syntax unified
 153              		.thumb
 154              		.thumb_func
 155              		.fpu fpv5-d16
 157              	HAL_PCDEx_ActivateLPM:
 158              	.LVL13:
 159              	.LFB146:
 118:HAL_Lib/STM32H7xx_HAL_Driver/Src/stm32h7xx_hal_pcd_ex.c **** 
 119:HAL_Lib/STM32H7xx_HAL_Driver/Src/stm32h7xx_hal_pcd_ex.c **** /**
 120:HAL_Lib/STM32H7xx_HAL_Driver/Src/stm32h7xx_hal_pcd_ex.c ****   * @brief  Activate LPM feature.
 121:HAL_Lib/STM32H7xx_HAL_Driver/Src/stm32h7xx_hal_pcd_ex.c ****   * @param  hpcd PCD handle
 122:HAL_Lib/STM32H7xx_HAL_Driver/Src/stm32h7xx_hal_pcd_ex.c ****   * @retval HAL status
 123:HAL_Lib/STM32H7xx_HAL_Driver/Src/stm32h7xx_hal_pcd_ex.c ****   */
 124:HAL_Lib/STM32H7xx_HAL_Driver/Src/stm32h7xx_hal_pcd_ex.c **** HAL_StatusTypeDef HAL_PCDEx_ActivateLPM(PCD_HandleTypeDef *hpcd)
 125:HAL_Lib/STM32H7xx_HAL_Driver/Src/stm32h7xx_hal_pcd_ex.c **** {
 160              		.loc 1 125 1 is_stmt 1 view -0
 161              		.cfi_startproc
ARM GAS  C:\Users\HUAV\AppData\Local\Temp\cc2jplud.s 			page 6


 162              		@ args = 0, pretend = 0, frame = 0
 163              		@ frame_needed = 0, uses_anonymous_args = 0
 164              		@ link register save eliminated.
 165              		.loc 1 125 1 is_stmt 0 view .LVU41
 166 0000 0346     		mov	r3, r0
 126:HAL_Lib/STM32H7xx_HAL_Driver/Src/stm32h7xx_hal_pcd_ex.c ****   USB_OTG_GlobalTypeDef *USBx = hpcd->Instance;
 167              		.loc 1 126 3 is_stmt 1 view .LVU42
 168              		.loc 1 126 26 is_stmt 0 view .LVU43
 169 0002 0268     		ldr	r2, [r0]
 170              	.LVL14:
 127:HAL_Lib/STM32H7xx_HAL_Driver/Src/stm32h7xx_hal_pcd_ex.c **** 
 128:HAL_Lib/STM32H7xx_HAL_Driver/Src/stm32h7xx_hal_pcd_ex.c ****   hpcd->lpm_active = 1U;
 171              		.loc 1 128 3 is_stmt 1 view .LVU44
 172              		.loc 1 128 20 is_stmt 0 view .LVU45
 173 0004 0121     		movs	r1, #1
 174 0006 C0F8FC13 		str	r1, [r0, #1020]
 129:HAL_Lib/STM32H7xx_HAL_Driver/Src/stm32h7xx_hal_pcd_ex.c ****   hpcd->LPM_State = LPM_L0;
 175              		.loc 1 129 3 is_stmt 1 view .LVU46
 176              		.loc 1 129 19 is_stmt 0 view .LVU47
 177 000a 0020     		movs	r0, #0
 178              	.LVL15:
 179              		.loc 1 129 19 view .LVU48
 180 000c 83F8F403 		strb	r0, [r3, #1012]
 130:HAL_Lib/STM32H7xx_HAL_Driver/Src/stm32h7xx_hal_pcd_ex.c ****   USBx->GINTMSK |= USB_OTG_GINTMSK_LPMINTM;
 181              		.loc 1 130 3 is_stmt 1 view .LVU49
 182              		.loc 1 130 17 is_stmt 0 view .LVU50
 183 0010 9369     		ldr	r3, [r2, #24]
 184              	.LVL16:
 185              		.loc 1 130 17 view .LVU51
 186 0012 43F00063 		orr	r3, r3, #134217728
 187 0016 9361     		str	r3, [r2, #24]
 131:HAL_Lib/STM32H7xx_HAL_Driver/Src/stm32h7xx_hal_pcd_ex.c ****   USBx->GLPMCFG |= (USB_OTG_GLPMCFG_LPMEN | USB_OTG_GLPMCFG_LPMACK | USB_OTG_GLPMCFG_ENBESL);
 188              		.loc 1 131 3 is_stmt 1 view .LVU52
 189              		.loc 1 131 17 is_stmt 0 view .LVU53
 190 0018 516D     		ldr	r1, [r2, #84]
 191 001a 024B     		ldr	r3, .L10
 192 001c 0B43     		orrs	r3, r3, r1
 193 001e 5365     		str	r3, [r2, #84]
 132:HAL_Lib/STM32H7xx_HAL_Driver/Src/stm32h7xx_hal_pcd_ex.c **** 
 133:HAL_Lib/STM32H7xx_HAL_Driver/Src/stm32h7xx_hal_pcd_ex.c ****   return HAL_OK;
 194              		.loc 1 133 3 is_stmt 1 view .LVU54
 134:HAL_Lib/STM32H7xx_HAL_Driver/Src/stm32h7xx_hal_pcd_ex.c **** }
 195              		.loc 1 134 1 is_stmt 0 view .LVU55
 196 0020 7047     		bx	lr
 197              	.L11:
 198 0022 00BF     		.align	2
 199              	.L10:
 200 0024 03000010 		.word	268435459
 201              		.cfi_endproc
 202              	.LFE146:
 204              		.section	.text.HAL_PCDEx_DeActivateLPM,"ax",%progbits
 205              		.align	1
 206              		.global	HAL_PCDEx_DeActivateLPM
 207              		.syntax unified
 208              		.thumb
 209              		.thumb_func
 210              		.fpu fpv5-d16
ARM GAS  C:\Users\HUAV\AppData\Local\Temp\cc2jplud.s 			page 7


 212              	HAL_PCDEx_DeActivateLPM:
 213              	.LVL17:
 214              	.LFB147:
 135:HAL_Lib/STM32H7xx_HAL_Driver/Src/stm32h7xx_hal_pcd_ex.c **** 
 136:HAL_Lib/STM32H7xx_HAL_Driver/Src/stm32h7xx_hal_pcd_ex.c **** /**
 137:HAL_Lib/STM32H7xx_HAL_Driver/Src/stm32h7xx_hal_pcd_ex.c ****   * @brief  Deactivate LPM feature.
 138:HAL_Lib/STM32H7xx_HAL_Driver/Src/stm32h7xx_hal_pcd_ex.c ****   * @param  hpcd PCD handle
 139:HAL_Lib/STM32H7xx_HAL_Driver/Src/stm32h7xx_hal_pcd_ex.c ****   * @retval HAL status
 140:HAL_Lib/STM32H7xx_HAL_Driver/Src/stm32h7xx_hal_pcd_ex.c ****   */
 141:HAL_Lib/STM32H7xx_HAL_Driver/Src/stm32h7xx_hal_pcd_ex.c **** HAL_StatusTypeDef HAL_PCDEx_DeActivateLPM(PCD_HandleTypeDef *hpcd)
 142:HAL_Lib/STM32H7xx_HAL_Driver/Src/stm32h7xx_hal_pcd_ex.c **** {
 215              		.loc 1 142 1 is_stmt 1 view -0
 216              		.cfi_startproc
 217              		@ args = 0, pretend = 0, frame = 0
 218              		@ frame_needed = 0, uses_anonymous_args = 0
 219              		@ link register save eliminated.
 220              		.loc 1 142 1 is_stmt 0 view .LVU57
 221 0000 0246     		mov	r2, r0
 143:HAL_Lib/STM32H7xx_HAL_Driver/Src/stm32h7xx_hal_pcd_ex.c ****   USB_OTG_GlobalTypeDef *USBx = hpcd->Instance;
 222              		.loc 1 143 3 is_stmt 1 view .LVU58
 223              		.loc 1 143 26 is_stmt 0 view .LVU59
 224 0002 0368     		ldr	r3, [r0]
 225              	.LVL18:
 144:HAL_Lib/STM32H7xx_HAL_Driver/Src/stm32h7xx_hal_pcd_ex.c **** 
 145:HAL_Lib/STM32H7xx_HAL_Driver/Src/stm32h7xx_hal_pcd_ex.c ****   hpcd->lpm_active = 0U;
 226              		.loc 1 145 3 is_stmt 1 view .LVU60
 227              		.loc 1 145 20 is_stmt 0 view .LVU61
 228 0004 0020     		movs	r0, #0
 229              	.LVL19:
 230              		.loc 1 145 20 view .LVU62
 231 0006 C2F8FC03 		str	r0, [r2, #1020]
 146:HAL_Lib/STM32H7xx_HAL_Driver/Src/stm32h7xx_hal_pcd_ex.c ****   USBx->GINTMSK &= ~USB_OTG_GINTMSK_LPMINTM;
 232              		.loc 1 146 3 is_stmt 1 view .LVU63
 233              		.loc 1 146 17 is_stmt 0 view .LVU64
 234 000a 9A69     		ldr	r2, [r3, #24]
 235              	.LVL20:
 236              		.loc 1 146 17 view .LVU65
 237 000c 22F00062 		bic	r2, r2, #134217728
 238 0010 9A61     		str	r2, [r3, #24]
 147:HAL_Lib/STM32H7xx_HAL_Driver/Src/stm32h7xx_hal_pcd_ex.c ****   USBx->GLPMCFG &= ~(USB_OTG_GLPMCFG_LPMEN | USB_OTG_GLPMCFG_LPMACK | USB_OTG_GLPMCFG_ENBESL);
 239              		.loc 1 147 3 is_stmt 1 view .LVU66
 240              		.loc 1 147 17 is_stmt 0 view .LVU67
 241 0012 596D     		ldr	r1, [r3, #84]
 242 0014 014A     		ldr	r2, .L13
 243 0016 0A40     		ands	r2, r2, r1
 244 0018 5A65     		str	r2, [r3, #84]
 148:HAL_Lib/STM32H7xx_HAL_Driver/Src/stm32h7xx_hal_pcd_ex.c **** 
 149:HAL_Lib/STM32H7xx_HAL_Driver/Src/stm32h7xx_hal_pcd_ex.c ****   return HAL_OK;
 245              		.loc 1 149 3 is_stmt 1 view .LVU68
 150:HAL_Lib/STM32H7xx_HAL_Driver/Src/stm32h7xx_hal_pcd_ex.c **** }
 246              		.loc 1 150 1 is_stmt 0 view .LVU69
 247 001a 7047     		bx	lr
 248              	.L14:
 249              		.align	2
 250              	.L13:
 251 001c FCFFFFEF 		.word	-268435460
 252              		.cfi_endproc
ARM GAS  C:\Users\HUAV\AppData\Local\Temp\cc2jplud.s 			page 8


 253              	.LFE147:
 255              		.section	.text.HAL_PCDEx_ActivateBCD,"ax",%progbits
 256              		.align	1
 257              		.global	HAL_PCDEx_ActivateBCD
 258              		.syntax unified
 259              		.thumb
 260              		.thumb_func
 261              		.fpu fpv5-d16
 263              	HAL_PCDEx_ActivateBCD:
 264              	.LVL21:
 265              	.LFB149:
 151:HAL_Lib/STM32H7xx_HAL_Driver/Src/stm32h7xx_hal_pcd_ex.c **** 
 152:HAL_Lib/STM32H7xx_HAL_Driver/Src/stm32h7xx_hal_pcd_ex.c **** 
 153:HAL_Lib/STM32H7xx_HAL_Driver/Src/stm32h7xx_hal_pcd_ex.c **** /**
 154:HAL_Lib/STM32H7xx_HAL_Driver/Src/stm32h7xx_hal_pcd_ex.c ****   * @brief  Handle BatteryCharging Process.
 155:HAL_Lib/STM32H7xx_HAL_Driver/Src/stm32h7xx_hal_pcd_ex.c ****   * @param  hpcd PCD handle
 156:HAL_Lib/STM32H7xx_HAL_Driver/Src/stm32h7xx_hal_pcd_ex.c ****   * @retval HAL status
 157:HAL_Lib/STM32H7xx_HAL_Driver/Src/stm32h7xx_hal_pcd_ex.c ****   */
 158:HAL_Lib/STM32H7xx_HAL_Driver/Src/stm32h7xx_hal_pcd_ex.c **** void HAL_PCDEx_BCD_VBUSDetect(PCD_HandleTypeDef *hpcd)
 159:HAL_Lib/STM32H7xx_HAL_Driver/Src/stm32h7xx_hal_pcd_ex.c **** {
 160:HAL_Lib/STM32H7xx_HAL_Driver/Src/stm32h7xx_hal_pcd_ex.c ****   USB_OTG_GlobalTypeDef *USBx = hpcd->Instance;
 161:HAL_Lib/STM32H7xx_HAL_Driver/Src/stm32h7xx_hal_pcd_ex.c ****   uint32_t tickstart = HAL_GetTick();
 162:HAL_Lib/STM32H7xx_HAL_Driver/Src/stm32h7xx_hal_pcd_ex.c **** 
 163:HAL_Lib/STM32H7xx_HAL_Driver/Src/stm32h7xx_hal_pcd_ex.c ****   /* Enable DCD : Data Contact Detect */
 164:HAL_Lib/STM32H7xx_HAL_Driver/Src/stm32h7xx_hal_pcd_ex.c ****   USBx->GCCFG |= USB_OTG_GCCFG_DCDEN;
 165:HAL_Lib/STM32H7xx_HAL_Driver/Src/stm32h7xx_hal_pcd_ex.c **** 
 166:HAL_Lib/STM32H7xx_HAL_Driver/Src/stm32h7xx_hal_pcd_ex.c ****   /* Wait Detect flag or a timeout is happen */
 167:HAL_Lib/STM32H7xx_HAL_Driver/Src/stm32h7xx_hal_pcd_ex.c ****   while ((USBx->GCCFG & USB_OTG_GCCFG_DCDET) == 0U)
 168:HAL_Lib/STM32H7xx_HAL_Driver/Src/stm32h7xx_hal_pcd_ex.c ****   {
 169:HAL_Lib/STM32H7xx_HAL_Driver/Src/stm32h7xx_hal_pcd_ex.c ****     /* Check for the Timeout */
 170:HAL_Lib/STM32H7xx_HAL_Driver/Src/stm32h7xx_hal_pcd_ex.c ****     if ((HAL_GetTick() - tickstart) > 1000U)
 171:HAL_Lib/STM32H7xx_HAL_Driver/Src/stm32h7xx_hal_pcd_ex.c ****     {
 172:HAL_Lib/STM32H7xx_HAL_Driver/Src/stm32h7xx_hal_pcd_ex.c **** #if (USE_HAL_PCD_REGISTER_CALLBACKS == 1U)
 173:HAL_Lib/STM32H7xx_HAL_Driver/Src/stm32h7xx_hal_pcd_ex.c ****       hpcd->BCDCallback(hpcd, PCD_BCD_ERROR);
 174:HAL_Lib/STM32H7xx_HAL_Driver/Src/stm32h7xx_hal_pcd_ex.c **** #else
 175:HAL_Lib/STM32H7xx_HAL_Driver/Src/stm32h7xx_hal_pcd_ex.c ****       HAL_PCDEx_BCD_Callback(hpcd, PCD_BCD_ERROR);
 176:HAL_Lib/STM32H7xx_HAL_Driver/Src/stm32h7xx_hal_pcd_ex.c **** #endif /* USE_HAL_PCD_REGISTER_CALLBACKS */
 177:HAL_Lib/STM32H7xx_HAL_Driver/Src/stm32h7xx_hal_pcd_ex.c **** 
 178:HAL_Lib/STM32H7xx_HAL_Driver/Src/stm32h7xx_hal_pcd_ex.c ****       return;
 179:HAL_Lib/STM32H7xx_HAL_Driver/Src/stm32h7xx_hal_pcd_ex.c ****     }
 180:HAL_Lib/STM32H7xx_HAL_Driver/Src/stm32h7xx_hal_pcd_ex.c ****   }
 181:HAL_Lib/STM32H7xx_HAL_Driver/Src/stm32h7xx_hal_pcd_ex.c **** 
 182:HAL_Lib/STM32H7xx_HAL_Driver/Src/stm32h7xx_hal_pcd_ex.c ****   /* Right response got */
 183:HAL_Lib/STM32H7xx_HAL_Driver/Src/stm32h7xx_hal_pcd_ex.c ****   HAL_Delay(200U);
 184:HAL_Lib/STM32H7xx_HAL_Driver/Src/stm32h7xx_hal_pcd_ex.c **** 
 185:HAL_Lib/STM32H7xx_HAL_Driver/Src/stm32h7xx_hal_pcd_ex.c ****   /* Check Detect flag*/
 186:HAL_Lib/STM32H7xx_HAL_Driver/Src/stm32h7xx_hal_pcd_ex.c ****   if ((USBx->GCCFG & USB_OTG_GCCFG_DCDET) == USB_OTG_GCCFG_DCDET)
 187:HAL_Lib/STM32H7xx_HAL_Driver/Src/stm32h7xx_hal_pcd_ex.c ****   {
 188:HAL_Lib/STM32H7xx_HAL_Driver/Src/stm32h7xx_hal_pcd_ex.c **** #if (USE_HAL_PCD_REGISTER_CALLBACKS == 1U)
 189:HAL_Lib/STM32H7xx_HAL_Driver/Src/stm32h7xx_hal_pcd_ex.c ****     hpcd->BCDCallback(hpcd, PCD_BCD_CONTACT_DETECTION);
 190:HAL_Lib/STM32H7xx_HAL_Driver/Src/stm32h7xx_hal_pcd_ex.c **** #else
 191:HAL_Lib/STM32H7xx_HAL_Driver/Src/stm32h7xx_hal_pcd_ex.c ****     HAL_PCDEx_BCD_Callback(hpcd, PCD_BCD_CONTACT_DETECTION);
 192:HAL_Lib/STM32H7xx_HAL_Driver/Src/stm32h7xx_hal_pcd_ex.c **** #endif /* USE_HAL_PCD_REGISTER_CALLBACKS */
 193:HAL_Lib/STM32H7xx_HAL_Driver/Src/stm32h7xx_hal_pcd_ex.c ****   }
 194:HAL_Lib/STM32H7xx_HAL_Driver/Src/stm32h7xx_hal_pcd_ex.c **** 
 195:HAL_Lib/STM32H7xx_HAL_Driver/Src/stm32h7xx_hal_pcd_ex.c ****   /*Primary detection: checks if connected to Standard Downstream Port
 196:HAL_Lib/STM32H7xx_HAL_Driver/Src/stm32h7xx_hal_pcd_ex.c ****   (without charging capability) */
ARM GAS  C:\Users\HUAV\AppData\Local\Temp\cc2jplud.s 			page 9


 197:HAL_Lib/STM32H7xx_HAL_Driver/Src/stm32h7xx_hal_pcd_ex.c ****   USBx->GCCFG &= ~ USB_OTG_GCCFG_DCDEN;
 198:HAL_Lib/STM32H7xx_HAL_Driver/Src/stm32h7xx_hal_pcd_ex.c ****   HAL_Delay(50U);
 199:HAL_Lib/STM32H7xx_HAL_Driver/Src/stm32h7xx_hal_pcd_ex.c ****   USBx->GCCFG |=  USB_OTG_GCCFG_PDEN;
 200:HAL_Lib/STM32H7xx_HAL_Driver/Src/stm32h7xx_hal_pcd_ex.c ****   HAL_Delay(50U);
 201:HAL_Lib/STM32H7xx_HAL_Driver/Src/stm32h7xx_hal_pcd_ex.c **** 
 202:HAL_Lib/STM32H7xx_HAL_Driver/Src/stm32h7xx_hal_pcd_ex.c ****   if ((USBx->GCCFG & USB_OTG_GCCFG_PDET) == 0U)
 203:HAL_Lib/STM32H7xx_HAL_Driver/Src/stm32h7xx_hal_pcd_ex.c ****   {
 204:HAL_Lib/STM32H7xx_HAL_Driver/Src/stm32h7xx_hal_pcd_ex.c ****     /* Case of Standard Downstream Port */
 205:HAL_Lib/STM32H7xx_HAL_Driver/Src/stm32h7xx_hal_pcd_ex.c **** #if (USE_HAL_PCD_REGISTER_CALLBACKS == 1U)
 206:HAL_Lib/STM32H7xx_HAL_Driver/Src/stm32h7xx_hal_pcd_ex.c ****     hpcd->BCDCallback(hpcd, PCD_BCD_STD_DOWNSTREAM_PORT);
 207:HAL_Lib/STM32H7xx_HAL_Driver/Src/stm32h7xx_hal_pcd_ex.c **** #else
 208:HAL_Lib/STM32H7xx_HAL_Driver/Src/stm32h7xx_hal_pcd_ex.c ****     HAL_PCDEx_BCD_Callback(hpcd, PCD_BCD_STD_DOWNSTREAM_PORT);
 209:HAL_Lib/STM32H7xx_HAL_Driver/Src/stm32h7xx_hal_pcd_ex.c **** #endif /* USE_HAL_PCD_REGISTER_CALLBACKS */
 210:HAL_Lib/STM32H7xx_HAL_Driver/Src/stm32h7xx_hal_pcd_ex.c ****   }
 211:HAL_Lib/STM32H7xx_HAL_Driver/Src/stm32h7xx_hal_pcd_ex.c ****   else
 212:HAL_Lib/STM32H7xx_HAL_Driver/Src/stm32h7xx_hal_pcd_ex.c ****   {
 213:HAL_Lib/STM32H7xx_HAL_Driver/Src/stm32h7xx_hal_pcd_ex.c ****     /* start secondary detection to check connection to Charging Downstream
 214:HAL_Lib/STM32H7xx_HAL_Driver/Src/stm32h7xx_hal_pcd_ex.c ****     Port or Dedicated Charging Port */
 215:HAL_Lib/STM32H7xx_HAL_Driver/Src/stm32h7xx_hal_pcd_ex.c ****     USBx->GCCFG &= ~ USB_OTG_GCCFG_PDEN;
 216:HAL_Lib/STM32H7xx_HAL_Driver/Src/stm32h7xx_hal_pcd_ex.c ****     HAL_Delay(50U);
 217:HAL_Lib/STM32H7xx_HAL_Driver/Src/stm32h7xx_hal_pcd_ex.c ****     USBx->GCCFG |=  USB_OTG_GCCFG_SDEN;
 218:HAL_Lib/STM32H7xx_HAL_Driver/Src/stm32h7xx_hal_pcd_ex.c ****     HAL_Delay(50U);
 219:HAL_Lib/STM32H7xx_HAL_Driver/Src/stm32h7xx_hal_pcd_ex.c **** 
 220:HAL_Lib/STM32H7xx_HAL_Driver/Src/stm32h7xx_hal_pcd_ex.c ****     if ((USBx->GCCFG & USB_OTG_GCCFG_SDET) == USB_OTG_GCCFG_SDET)
 221:HAL_Lib/STM32H7xx_HAL_Driver/Src/stm32h7xx_hal_pcd_ex.c ****     {
 222:HAL_Lib/STM32H7xx_HAL_Driver/Src/stm32h7xx_hal_pcd_ex.c ****       /* case Dedicated Charging Port  */
 223:HAL_Lib/STM32H7xx_HAL_Driver/Src/stm32h7xx_hal_pcd_ex.c **** #if (USE_HAL_PCD_REGISTER_CALLBACKS == 1U)
 224:HAL_Lib/STM32H7xx_HAL_Driver/Src/stm32h7xx_hal_pcd_ex.c ****       hpcd->BCDCallback(hpcd, PCD_BCD_DEDICATED_CHARGING_PORT);
 225:HAL_Lib/STM32H7xx_HAL_Driver/Src/stm32h7xx_hal_pcd_ex.c **** #else
 226:HAL_Lib/STM32H7xx_HAL_Driver/Src/stm32h7xx_hal_pcd_ex.c ****       HAL_PCDEx_BCD_Callback(hpcd, PCD_BCD_DEDICATED_CHARGING_PORT);
 227:HAL_Lib/STM32H7xx_HAL_Driver/Src/stm32h7xx_hal_pcd_ex.c **** #endif /* USE_HAL_PCD_REGISTER_CALLBACKS */
 228:HAL_Lib/STM32H7xx_HAL_Driver/Src/stm32h7xx_hal_pcd_ex.c ****     }
 229:HAL_Lib/STM32H7xx_HAL_Driver/Src/stm32h7xx_hal_pcd_ex.c ****     else
 230:HAL_Lib/STM32H7xx_HAL_Driver/Src/stm32h7xx_hal_pcd_ex.c ****     {
 231:HAL_Lib/STM32H7xx_HAL_Driver/Src/stm32h7xx_hal_pcd_ex.c ****       /* case Charging Downstream Port  */
 232:HAL_Lib/STM32H7xx_HAL_Driver/Src/stm32h7xx_hal_pcd_ex.c **** #if (USE_HAL_PCD_REGISTER_CALLBACKS == 1U)
 233:HAL_Lib/STM32H7xx_HAL_Driver/Src/stm32h7xx_hal_pcd_ex.c ****       hpcd->BCDCallback(hpcd, PCD_BCD_CHARGING_DOWNSTREAM_PORT);
 234:HAL_Lib/STM32H7xx_HAL_Driver/Src/stm32h7xx_hal_pcd_ex.c **** #else
 235:HAL_Lib/STM32H7xx_HAL_Driver/Src/stm32h7xx_hal_pcd_ex.c ****       HAL_PCDEx_BCD_Callback(hpcd, PCD_BCD_CHARGING_DOWNSTREAM_PORT);
 236:HAL_Lib/STM32H7xx_HAL_Driver/Src/stm32h7xx_hal_pcd_ex.c **** #endif /* USE_HAL_PCD_REGISTER_CALLBACKS */
 237:HAL_Lib/STM32H7xx_HAL_Driver/Src/stm32h7xx_hal_pcd_ex.c ****     }
 238:HAL_Lib/STM32H7xx_HAL_Driver/Src/stm32h7xx_hal_pcd_ex.c ****   }
 239:HAL_Lib/STM32H7xx_HAL_Driver/Src/stm32h7xx_hal_pcd_ex.c **** 
 240:HAL_Lib/STM32H7xx_HAL_Driver/Src/stm32h7xx_hal_pcd_ex.c ****   /* Battery Charging capability discovery finished */
 241:HAL_Lib/STM32H7xx_HAL_Driver/Src/stm32h7xx_hal_pcd_ex.c ****   (void)HAL_PCDEx_DeActivateBCD(hpcd);
 242:HAL_Lib/STM32H7xx_HAL_Driver/Src/stm32h7xx_hal_pcd_ex.c **** 
 243:HAL_Lib/STM32H7xx_HAL_Driver/Src/stm32h7xx_hal_pcd_ex.c **** #if (USE_HAL_PCD_REGISTER_CALLBACKS == 1U)
 244:HAL_Lib/STM32H7xx_HAL_Driver/Src/stm32h7xx_hal_pcd_ex.c ****   hpcd->BCDCallback(hpcd, PCD_BCD_DISCOVERY_COMPLETED);
 245:HAL_Lib/STM32H7xx_HAL_Driver/Src/stm32h7xx_hal_pcd_ex.c **** #else
 246:HAL_Lib/STM32H7xx_HAL_Driver/Src/stm32h7xx_hal_pcd_ex.c ****   HAL_PCDEx_BCD_Callback(hpcd, PCD_BCD_DISCOVERY_COMPLETED);
 247:HAL_Lib/STM32H7xx_HAL_Driver/Src/stm32h7xx_hal_pcd_ex.c **** #endif /* USE_HAL_PCD_REGISTER_CALLBACKS */
 248:HAL_Lib/STM32H7xx_HAL_Driver/Src/stm32h7xx_hal_pcd_ex.c **** }
 249:HAL_Lib/STM32H7xx_HAL_Driver/Src/stm32h7xx_hal_pcd_ex.c **** 
 250:HAL_Lib/STM32H7xx_HAL_Driver/Src/stm32h7xx_hal_pcd_ex.c **** /**
 251:HAL_Lib/STM32H7xx_HAL_Driver/Src/stm32h7xx_hal_pcd_ex.c ****   * @brief  Activate BatteryCharging feature.
 252:HAL_Lib/STM32H7xx_HAL_Driver/Src/stm32h7xx_hal_pcd_ex.c ****   * @param  hpcd PCD handle
 253:HAL_Lib/STM32H7xx_HAL_Driver/Src/stm32h7xx_hal_pcd_ex.c ****   * @retval HAL status
ARM GAS  C:\Users\HUAV\AppData\Local\Temp\cc2jplud.s 			page 10


 254:HAL_Lib/STM32H7xx_HAL_Driver/Src/stm32h7xx_hal_pcd_ex.c ****   */
 255:HAL_Lib/STM32H7xx_HAL_Driver/Src/stm32h7xx_hal_pcd_ex.c **** HAL_StatusTypeDef HAL_PCDEx_ActivateBCD(PCD_HandleTypeDef *hpcd)
 256:HAL_Lib/STM32H7xx_HAL_Driver/Src/stm32h7xx_hal_pcd_ex.c **** {
 266              		.loc 1 256 1 is_stmt 1 view -0
 267              		.cfi_startproc
 268              		@ args = 0, pretend = 0, frame = 0
 269              		@ frame_needed = 0, uses_anonymous_args = 0
 270              		@ link register save eliminated.
 257:HAL_Lib/STM32H7xx_HAL_Driver/Src/stm32h7xx_hal_pcd_ex.c ****   USB_OTG_GlobalTypeDef *USBx = hpcd->Instance;
 271              		.loc 1 257 3 view .LVU71
 272              		.loc 1 257 26 is_stmt 0 view .LVU72
 273 0000 0368     		ldr	r3, [r0]
 274              	.LVL22:
 258:HAL_Lib/STM32H7xx_HAL_Driver/Src/stm32h7xx_hal_pcd_ex.c **** 
 259:HAL_Lib/STM32H7xx_HAL_Driver/Src/stm32h7xx_hal_pcd_ex.c ****   USBx->GCCFG &= ~(USB_OTG_GCCFG_PDEN);
 275              		.loc 1 259 3 is_stmt 1 view .LVU73
 276              		.loc 1 259 15 is_stmt 0 view .LVU74
 277 0002 9A6B     		ldr	r2, [r3, #56]
 278 0004 22F40022 		bic	r2, r2, #524288
 279 0008 9A63     		str	r2, [r3, #56]
 260:HAL_Lib/STM32H7xx_HAL_Driver/Src/stm32h7xx_hal_pcd_ex.c ****   USBx->GCCFG &= ~(USB_OTG_GCCFG_SDEN);
 280              		.loc 1 260 3 is_stmt 1 view .LVU75
 281              		.loc 1 260 15 is_stmt 0 view .LVU76
 282 000a 9A6B     		ldr	r2, [r3, #56]
 283 000c 22F48012 		bic	r2, r2, #1048576
 284 0010 9A63     		str	r2, [r3, #56]
 261:HAL_Lib/STM32H7xx_HAL_Driver/Src/stm32h7xx_hal_pcd_ex.c **** 
 262:HAL_Lib/STM32H7xx_HAL_Driver/Src/stm32h7xx_hal_pcd_ex.c ****   /* Power Down USB transceiver  */
 263:HAL_Lib/STM32H7xx_HAL_Driver/Src/stm32h7xx_hal_pcd_ex.c ****   USBx->GCCFG &= ~(USB_OTG_GCCFG_PWRDWN);
 285              		.loc 1 263 3 is_stmt 1 view .LVU77
 286              		.loc 1 263 15 is_stmt 0 view .LVU78
 287 0012 9A6B     		ldr	r2, [r3, #56]
 288 0014 22F48032 		bic	r2, r2, #65536
 289 0018 9A63     		str	r2, [r3, #56]
 264:HAL_Lib/STM32H7xx_HAL_Driver/Src/stm32h7xx_hal_pcd_ex.c **** 
 265:HAL_Lib/STM32H7xx_HAL_Driver/Src/stm32h7xx_hal_pcd_ex.c ****   /* Enable Battery charging */
 266:HAL_Lib/STM32H7xx_HAL_Driver/Src/stm32h7xx_hal_pcd_ex.c ****   USBx->GCCFG |= USB_OTG_GCCFG_BCDEN;
 290              		.loc 1 266 3 is_stmt 1 view .LVU79
 291              		.loc 1 266 15 is_stmt 0 view .LVU80
 292 001a 9A6B     		ldr	r2, [r3, #56]
 293 001c 42F40032 		orr	r2, r2, #131072
 294 0020 9A63     		str	r2, [r3, #56]
 267:HAL_Lib/STM32H7xx_HAL_Driver/Src/stm32h7xx_hal_pcd_ex.c **** 
 268:HAL_Lib/STM32H7xx_HAL_Driver/Src/stm32h7xx_hal_pcd_ex.c ****   hpcd->battery_charging_active = 1U;
 295              		.loc 1 268 3 is_stmt 1 view .LVU81
 296              		.loc 1 268 33 is_stmt 0 view .LVU82
 297 0022 0123     		movs	r3, #1
 298              	.LVL23:
 299              		.loc 1 268 33 view .LVU83
 300 0024 C0F80034 		str	r3, [r0, #1024]
 269:HAL_Lib/STM32H7xx_HAL_Driver/Src/stm32h7xx_hal_pcd_ex.c **** 
 270:HAL_Lib/STM32H7xx_HAL_Driver/Src/stm32h7xx_hal_pcd_ex.c ****   return HAL_OK;
 301              		.loc 1 270 3 is_stmt 1 view .LVU84
 271:HAL_Lib/STM32H7xx_HAL_Driver/Src/stm32h7xx_hal_pcd_ex.c **** }
 302              		.loc 1 271 1 is_stmt 0 view .LVU85
 303 0028 0020     		movs	r0, #0
 304              	.LVL24:
ARM GAS  C:\Users\HUAV\AppData\Local\Temp\cc2jplud.s 			page 11


 305              		.loc 1 271 1 view .LVU86
 306 002a 7047     		bx	lr
 307              		.cfi_endproc
 308              	.LFE149:
 310              		.section	.text.HAL_PCDEx_DeActivateBCD,"ax",%progbits
 311              		.align	1
 312              		.global	HAL_PCDEx_DeActivateBCD
 313              		.syntax unified
 314              		.thumb
 315              		.thumb_func
 316              		.fpu fpv5-d16
 318              	HAL_PCDEx_DeActivateBCD:
 319              	.LVL25:
 320              	.LFB150:
 272:HAL_Lib/STM32H7xx_HAL_Driver/Src/stm32h7xx_hal_pcd_ex.c **** 
 273:HAL_Lib/STM32H7xx_HAL_Driver/Src/stm32h7xx_hal_pcd_ex.c **** /**
 274:HAL_Lib/STM32H7xx_HAL_Driver/Src/stm32h7xx_hal_pcd_ex.c ****   * @brief  Deactivate BatteryCharging feature.
 275:HAL_Lib/STM32H7xx_HAL_Driver/Src/stm32h7xx_hal_pcd_ex.c ****   * @param  hpcd PCD handle
 276:HAL_Lib/STM32H7xx_HAL_Driver/Src/stm32h7xx_hal_pcd_ex.c ****   * @retval HAL status
 277:HAL_Lib/STM32H7xx_HAL_Driver/Src/stm32h7xx_hal_pcd_ex.c ****   */
 278:HAL_Lib/STM32H7xx_HAL_Driver/Src/stm32h7xx_hal_pcd_ex.c **** HAL_StatusTypeDef HAL_PCDEx_DeActivateBCD(PCD_HandleTypeDef *hpcd)
 279:HAL_Lib/STM32H7xx_HAL_Driver/Src/stm32h7xx_hal_pcd_ex.c **** {
 321              		.loc 1 279 1 is_stmt 1 view -0
 322              		.cfi_startproc
 323              		@ args = 0, pretend = 0, frame = 0
 324              		@ frame_needed = 0, uses_anonymous_args = 0
 325              		@ link register save eliminated.
 326              		.loc 1 279 1 is_stmt 0 view .LVU88
 327 0000 0246     		mov	r2, r0
 280:HAL_Lib/STM32H7xx_HAL_Driver/Src/stm32h7xx_hal_pcd_ex.c ****   USB_OTG_GlobalTypeDef *USBx = hpcd->Instance;
 328              		.loc 1 280 3 is_stmt 1 view .LVU89
 329              		.loc 1 280 26 is_stmt 0 view .LVU90
 330 0002 0368     		ldr	r3, [r0]
 331              	.LVL26:
 281:HAL_Lib/STM32H7xx_HAL_Driver/Src/stm32h7xx_hal_pcd_ex.c **** 
 282:HAL_Lib/STM32H7xx_HAL_Driver/Src/stm32h7xx_hal_pcd_ex.c ****   USBx->GCCFG &= ~(USB_OTG_GCCFG_SDEN);
 332              		.loc 1 282 3 is_stmt 1 view .LVU91
 333              		.loc 1 282 15 is_stmt 0 view .LVU92
 334 0004 996B     		ldr	r1, [r3, #56]
 335 0006 21F48011 		bic	r1, r1, #1048576
 336 000a 9963     		str	r1, [r3, #56]
 283:HAL_Lib/STM32H7xx_HAL_Driver/Src/stm32h7xx_hal_pcd_ex.c ****   USBx->GCCFG &= ~(USB_OTG_GCCFG_PDEN);
 337              		.loc 1 283 3 is_stmt 1 view .LVU93
 338              		.loc 1 283 15 is_stmt 0 view .LVU94
 339 000c 996B     		ldr	r1, [r3, #56]
 340 000e 21F40021 		bic	r1, r1, #524288
 341 0012 9963     		str	r1, [r3, #56]
 284:HAL_Lib/STM32H7xx_HAL_Driver/Src/stm32h7xx_hal_pcd_ex.c **** 
 285:HAL_Lib/STM32H7xx_HAL_Driver/Src/stm32h7xx_hal_pcd_ex.c ****   /* Disable Battery charging */
 286:HAL_Lib/STM32H7xx_HAL_Driver/Src/stm32h7xx_hal_pcd_ex.c ****   USBx->GCCFG &= ~(USB_OTG_GCCFG_BCDEN);
 342              		.loc 1 286 3 is_stmt 1 view .LVU95
 343              		.loc 1 286 15 is_stmt 0 view .LVU96
 344 0014 996B     		ldr	r1, [r3, #56]
 345 0016 21F40031 		bic	r1, r1, #131072
 346 001a 9963     		str	r1, [r3, #56]
 287:HAL_Lib/STM32H7xx_HAL_Driver/Src/stm32h7xx_hal_pcd_ex.c **** 
 288:HAL_Lib/STM32H7xx_HAL_Driver/Src/stm32h7xx_hal_pcd_ex.c ****   hpcd->battery_charging_active = 0U;
ARM GAS  C:\Users\HUAV\AppData\Local\Temp\cc2jplud.s 			page 12


 347              		.loc 1 288 3 is_stmt 1 view .LVU97
 348              		.loc 1 288 33 is_stmt 0 view .LVU98
 349 001c 0020     		movs	r0, #0
 350              	.LVL27:
 351              		.loc 1 288 33 view .LVU99
 352 001e C2F80004 		str	r0, [r2, #1024]
 289:HAL_Lib/STM32H7xx_HAL_Driver/Src/stm32h7xx_hal_pcd_ex.c **** 
 290:HAL_Lib/STM32H7xx_HAL_Driver/Src/stm32h7xx_hal_pcd_ex.c ****   return HAL_OK;
 353              		.loc 1 290 3 is_stmt 1 view .LVU100
 291:HAL_Lib/STM32H7xx_HAL_Driver/Src/stm32h7xx_hal_pcd_ex.c **** }
 354              		.loc 1 291 1 is_stmt 0 view .LVU101
 355 0022 7047     		bx	lr
 356              		.cfi_endproc
 357              	.LFE150:
 359              		.section	.text.HAL_PCDEx_LPM_Callback,"ax",%progbits
 360              		.align	1
 361              		.weak	HAL_PCDEx_LPM_Callback
 362              		.syntax unified
 363              		.thumb
 364              		.thumb_func
 365              		.fpu fpv5-d16
 367              	HAL_PCDEx_LPM_Callback:
 368              	.LVL28:
 369              	.LFB151:
 292:HAL_Lib/STM32H7xx_HAL_Driver/Src/stm32h7xx_hal_pcd_ex.c **** 
 293:HAL_Lib/STM32H7xx_HAL_Driver/Src/stm32h7xx_hal_pcd_ex.c **** #endif /* defined (USB_OTG_FS) || defined (USB_OTG_HS) */
 294:HAL_Lib/STM32H7xx_HAL_Driver/Src/stm32h7xx_hal_pcd_ex.c **** 
 295:HAL_Lib/STM32H7xx_HAL_Driver/Src/stm32h7xx_hal_pcd_ex.c **** /**
 296:HAL_Lib/STM32H7xx_HAL_Driver/Src/stm32h7xx_hal_pcd_ex.c ****   * @brief  Send LPM message to user layer callback.
 297:HAL_Lib/STM32H7xx_HAL_Driver/Src/stm32h7xx_hal_pcd_ex.c ****   * @param  hpcd PCD handle
 298:HAL_Lib/STM32H7xx_HAL_Driver/Src/stm32h7xx_hal_pcd_ex.c ****   * @param  msg LPM message
 299:HAL_Lib/STM32H7xx_HAL_Driver/Src/stm32h7xx_hal_pcd_ex.c ****   * @retval HAL status
 300:HAL_Lib/STM32H7xx_HAL_Driver/Src/stm32h7xx_hal_pcd_ex.c ****   */
 301:HAL_Lib/STM32H7xx_HAL_Driver/Src/stm32h7xx_hal_pcd_ex.c **** __weak void HAL_PCDEx_LPM_Callback(PCD_HandleTypeDef *hpcd, PCD_LPM_MsgTypeDef msg)
 302:HAL_Lib/STM32H7xx_HAL_Driver/Src/stm32h7xx_hal_pcd_ex.c **** {
 370              		.loc 1 302 1 is_stmt 1 view -0
 371              		.cfi_startproc
 372              		@ args = 0, pretend = 0, frame = 0
 373              		@ frame_needed = 0, uses_anonymous_args = 0
 374              		@ link register save eliminated.
 303:HAL_Lib/STM32H7xx_HAL_Driver/Src/stm32h7xx_hal_pcd_ex.c ****   /* Prevent unused argument(s) compilation warning */
 304:HAL_Lib/STM32H7xx_HAL_Driver/Src/stm32h7xx_hal_pcd_ex.c ****   UNUSED(hpcd);
 375              		.loc 1 304 3 view .LVU103
 305:HAL_Lib/STM32H7xx_HAL_Driver/Src/stm32h7xx_hal_pcd_ex.c ****   UNUSED(msg);
 376              		.loc 1 305 3 view .LVU104
 306:HAL_Lib/STM32H7xx_HAL_Driver/Src/stm32h7xx_hal_pcd_ex.c **** 
 307:HAL_Lib/STM32H7xx_HAL_Driver/Src/stm32h7xx_hal_pcd_ex.c ****   /* NOTE : This function should not be modified, when the callback is needed,
 308:HAL_Lib/STM32H7xx_HAL_Driver/Src/stm32h7xx_hal_pcd_ex.c ****             the HAL_PCDEx_LPM_Callback could be implemented in the user file
 309:HAL_Lib/STM32H7xx_HAL_Driver/Src/stm32h7xx_hal_pcd_ex.c ****    */
 310:HAL_Lib/STM32H7xx_HAL_Driver/Src/stm32h7xx_hal_pcd_ex.c **** }
 377              		.loc 1 310 1 is_stmt 0 view .LVU105
 378 0000 7047     		bx	lr
 379              		.cfi_endproc
 380              	.LFE151:
 382              		.section	.text.HAL_PCDEx_BCD_Callback,"ax",%progbits
 383              		.align	1
 384              		.weak	HAL_PCDEx_BCD_Callback
ARM GAS  C:\Users\HUAV\AppData\Local\Temp\cc2jplud.s 			page 13


 385              		.syntax unified
 386              		.thumb
 387              		.thumb_func
 388              		.fpu fpv5-d16
 390              	HAL_PCDEx_BCD_Callback:
 391              	.LVL29:
 392              	.LFB152:
 311:HAL_Lib/STM32H7xx_HAL_Driver/Src/stm32h7xx_hal_pcd_ex.c **** 
 312:HAL_Lib/STM32H7xx_HAL_Driver/Src/stm32h7xx_hal_pcd_ex.c **** /**
 313:HAL_Lib/STM32H7xx_HAL_Driver/Src/stm32h7xx_hal_pcd_ex.c ****   * @brief  Send BatteryCharging message to user layer callback.
 314:HAL_Lib/STM32H7xx_HAL_Driver/Src/stm32h7xx_hal_pcd_ex.c ****   * @param  hpcd PCD handle
 315:HAL_Lib/STM32H7xx_HAL_Driver/Src/stm32h7xx_hal_pcd_ex.c ****   * @param  msg LPM message
 316:HAL_Lib/STM32H7xx_HAL_Driver/Src/stm32h7xx_hal_pcd_ex.c ****   * @retval HAL status
 317:HAL_Lib/STM32H7xx_HAL_Driver/Src/stm32h7xx_hal_pcd_ex.c ****   */
 318:HAL_Lib/STM32H7xx_HAL_Driver/Src/stm32h7xx_hal_pcd_ex.c **** __weak void HAL_PCDEx_BCD_Callback(PCD_HandleTypeDef *hpcd, PCD_BCD_MsgTypeDef msg)
 319:HAL_Lib/STM32H7xx_HAL_Driver/Src/stm32h7xx_hal_pcd_ex.c **** {
 393              		.loc 1 319 1 is_stmt 1 view -0
 394              		.cfi_startproc
 395              		@ args = 0, pretend = 0, frame = 0
 396              		@ frame_needed = 0, uses_anonymous_args = 0
 397              		@ link register save eliminated.
 320:HAL_Lib/STM32H7xx_HAL_Driver/Src/stm32h7xx_hal_pcd_ex.c ****   /* Prevent unused argument(s) compilation warning */
 321:HAL_Lib/STM32H7xx_HAL_Driver/Src/stm32h7xx_hal_pcd_ex.c ****   UNUSED(hpcd);
 398              		.loc 1 321 3 view .LVU107
 322:HAL_Lib/STM32H7xx_HAL_Driver/Src/stm32h7xx_hal_pcd_ex.c ****   UNUSED(msg);
 399              		.loc 1 322 3 view .LVU108
 323:HAL_Lib/STM32H7xx_HAL_Driver/Src/stm32h7xx_hal_pcd_ex.c **** 
 324:HAL_Lib/STM32H7xx_HAL_Driver/Src/stm32h7xx_hal_pcd_ex.c ****   /* NOTE : This function should not be modified, when the callback is needed,
 325:HAL_Lib/STM32H7xx_HAL_Driver/Src/stm32h7xx_hal_pcd_ex.c ****             the HAL_PCDEx_BCD_Callback could be implemented in the user file
 326:HAL_Lib/STM32H7xx_HAL_Driver/Src/stm32h7xx_hal_pcd_ex.c ****    */
 327:HAL_Lib/STM32H7xx_HAL_Driver/Src/stm32h7xx_hal_pcd_ex.c **** }
 400              		.loc 1 327 1 is_stmt 0 view .LVU109
 401 0000 7047     		bx	lr
 402              		.cfi_endproc
 403              	.LFE152:
 405              		.section	.text.HAL_PCDEx_BCD_VBUSDetect,"ax",%progbits
 406              		.align	1
 407              		.global	HAL_PCDEx_BCD_VBUSDetect
 408              		.syntax unified
 409              		.thumb
 410              		.thumb_func
 411              		.fpu fpv5-d16
 413              	HAL_PCDEx_BCD_VBUSDetect:
 414              	.LVL30:
 415              	.LFB148:
 159:HAL_Lib/STM32H7xx_HAL_Driver/Src/stm32h7xx_hal_pcd_ex.c ****   USB_OTG_GlobalTypeDef *USBx = hpcd->Instance;
 416              		.loc 1 159 1 is_stmt 1 view -0
 417              		.cfi_startproc
 418              		@ args = 0, pretend = 0, frame = 0
 419              		@ frame_needed = 0, uses_anonymous_args = 0
 159:HAL_Lib/STM32H7xx_HAL_Driver/Src/stm32h7xx_hal_pcd_ex.c ****   USB_OTG_GlobalTypeDef *USBx = hpcd->Instance;
 420              		.loc 1 159 1 is_stmt 0 view .LVU111
 421 0000 70B5     		push	{r4, r5, r6, lr}
 422              	.LCFI2:
 423              		.cfi_def_cfa_offset 16
 424              		.cfi_offset 4, -16
 425              		.cfi_offset 5, -12
ARM GAS  C:\Users\HUAV\AppData\Local\Temp\cc2jplud.s 			page 14


 426              		.cfi_offset 6, -8
 427              		.cfi_offset 14, -4
 428 0002 0646     		mov	r6, r0
 160:HAL_Lib/STM32H7xx_HAL_Driver/Src/stm32h7xx_hal_pcd_ex.c ****   uint32_t tickstart = HAL_GetTick();
 429              		.loc 1 160 3 is_stmt 1 view .LVU112
 160:HAL_Lib/STM32H7xx_HAL_Driver/Src/stm32h7xx_hal_pcd_ex.c ****   uint32_t tickstart = HAL_GetTick();
 430              		.loc 1 160 26 is_stmt 0 view .LVU113
 431 0004 0468     		ldr	r4, [r0]
 432              	.LVL31:
 161:HAL_Lib/STM32H7xx_HAL_Driver/Src/stm32h7xx_hal_pcd_ex.c **** 
 433              		.loc 1 161 3 is_stmt 1 view .LVU114
 161:HAL_Lib/STM32H7xx_HAL_Driver/Src/stm32h7xx_hal_pcd_ex.c **** 
 434              		.loc 1 161 24 is_stmt 0 view .LVU115
 435 0006 FFF7FEFF 		bl	HAL_GetTick
 436              	.LVL32:
 161:HAL_Lib/STM32H7xx_HAL_Driver/Src/stm32h7xx_hal_pcd_ex.c **** 
 437              		.loc 1 161 24 view .LVU116
 438 000a 0546     		mov	r5, r0
 439              	.LVL33:
 164:HAL_Lib/STM32H7xx_HAL_Driver/Src/stm32h7xx_hal_pcd_ex.c **** 
 440              		.loc 1 164 3 is_stmt 1 view .LVU117
 164:HAL_Lib/STM32H7xx_HAL_Driver/Src/stm32h7xx_hal_pcd_ex.c **** 
 441              		.loc 1 164 15 is_stmt 0 view .LVU118
 442 000c A36B     		ldr	r3, [r4, #56]
 443 000e 43F48023 		orr	r3, r3, #262144
 444 0012 A363     		str	r3, [r4, #56]
 167:HAL_Lib/STM32H7xx_HAL_Driver/Src/stm32h7xx_hal_pcd_ex.c ****   {
 445              		.loc 1 167 3 is_stmt 1 view .LVU119
 446              	.LVL34:
 447              	.L20:
 167:HAL_Lib/STM32H7xx_HAL_Driver/Src/stm32h7xx_hal_pcd_ex.c ****   {
 448              		.loc 1 167 9 view .LVU120
 167:HAL_Lib/STM32H7xx_HAL_Driver/Src/stm32h7xx_hal_pcd_ex.c ****   {
 449              		.loc 1 167 15 is_stmt 0 view .LVU121
 450 0014 A36B     		ldr	r3, [r4, #56]
 167:HAL_Lib/STM32H7xx_HAL_Driver/Src/stm32h7xx_hal_pcd_ex.c ****   {
 451              		.loc 1 167 9 view .LVU122
 452 0016 13F0010F 		tst	r3, #1
 453 001a 0AD1     		bne	.L28
 170:HAL_Lib/STM32H7xx_HAL_Driver/Src/stm32h7xx_hal_pcd_ex.c ****     {
 454              		.loc 1 170 5 is_stmt 1 view .LVU123
 170:HAL_Lib/STM32H7xx_HAL_Driver/Src/stm32h7xx_hal_pcd_ex.c ****     {
 455              		.loc 1 170 10 is_stmt 0 view .LVU124
 456 001c FFF7FEFF 		bl	HAL_GetTick
 457              	.LVL35:
 170:HAL_Lib/STM32H7xx_HAL_Driver/Src/stm32h7xx_hal_pcd_ex.c ****     {
 458              		.loc 1 170 24 view .LVU125
 459 0020 401B     		subs	r0, r0, r5
 170:HAL_Lib/STM32H7xx_HAL_Driver/Src/stm32h7xx_hal_pcd_ex.c ****     {
 460              		.loc 1 170 8 view .LVU126
 461 0022 B0F57A7F 		cmp	r0, #1000
 462 0026 F5D9     		bls	.L20
 175:HAL_Lib/STM32H7xx_HAL_Driver/Src/stm32h7xx_hal_pcd_ex.c **** #endif /* USE_HAL_PCD_REGISTER_CALLBACKS */
 463              		.loc 1 175 7 is_stmt 1 view .LVU127
 464 0028 FF21     		movs	r1, #255
 465 002a 3046     		mov	r0, r6
 466 002c FFF7FEFF 		bl	HAL_PCDEx_BCD_Callback
ARM GAS  C:\Users\HUAV\AppData\Local\Temp\cc2jplud.s 			page 15


 467              	.LVL36:
 178:HAL_Lib/STM32H7xx_HAL_Driver/Src/stm32h7xx_hal_pcd_ex.c ****     }
 468              		.loc 1 178 7 view .LVU128
 469 0030 23E0     		b	.L19
 470              	.L28:
 183:HAL_Lib/STM32H7xx_HAL_Driver/Src/stm32h7xx_hal_pcd_ex.c **** 
 471              		.loc 1 183 3 view .LVU129
 472 0032 C820     		movs	r0, #200
 473 0034 FFF7FEFF 		bl	HAL_Delay
 474              	.LVL37:
 186:HAL_Lib/STM32H7xx_HAL_Driver/Src/stm32h7xx_hal_pcd_ex.c ****   {
 475              		.loc 1 186 3 view .LVU130
 186:HAL_Lib/STM32H7xx_HAL_Driver/Src/stm32h7xx_hal_pcd_ex.c ****   {
 476              		.loc 1 186 12 is_stmt 0 view .LVU131
 477 0038 A36B     		ldr	r3, [r4, #56]
 186:HAL_Lib/STM32H7xx_HAL_Driver/Src/stm32h7xx_hal_pcd_ex.c ****   {
 478              		.loc 1 186 6 view .LVU132
 479 003a 13F0010F 		tst	r3, #1
 480 003e 1DD1     		bne	.L29
 481              	.L23:
 197:HAL_Lib/STM32H7xx_HAL_Driver/Src/stm32h7xx_hal_pcd_ex.c ****   HAL_Delay(50U);
 482              		.loc 1 197 3 is_stmt 1 view .LVU133
 197:HAL_Lib/STM32H7xx_HAL_Driver/Src/stm32h7xx_hal_pcd_ex.c ****   HAL_Delay(50U);
 483              		.loc 1 197 15 is_stmt 0 view .LVU134
 484 0040 A36B     		ldr	r3, [r4, #56]
 485 0042 23F48023 		bic	r3, r3, #262144
 486 0046 A363     		str	r3, [r4, #56]
 198:HAL_Lib/STM32H7xx_HAL_Driver/Src/stm32h7xx_hal_pcd_ex.c ****   USBx->GCCFG |=  USB_OTG_GCCFG_PDEN;
 487              		.loc 1 198 3 is_stmt 1 view .LVU135
 488 0048 3220     		movs	r0, #50
 489 004a FFF7FEFF 		bl	HAL_Delay
 490              	.LVL38:
 199:HAL_Lib/STM32H7xx_HAL_Driver/Src/stm32h7xx_hal_pcd_ex.c ****   HAL_Delay(50U);
 491              		.loc 1 199 3 view .LVU136
 199:HAL_Lib/STM32H7xx_HAL_Driver/Src/stm32h7xx_hal_pcd_ex.c ****   HAL_Delay(50U);
 492              		.loc 1 199 15 is_stmt 0 view .LVU137
 493 004e A36B     		ldr	r3, [r4, #56]
 494 0050 43F40023 		orr	r3, r3, #524288
 495 0054 A363     		str	r3, [r4, #56]
 200:HAL_Lib/STM32H7xx_HAL_Driver/Src/stm32h7xx_hal_pcd_ex.c **** 
 496              		.loc 1 200 3 is_stmt 1 view .LVU138
 497 0056 3220     		movs	r0, #50
 498 0058 FFF7FEFF 		bl	HAL_Delay
 499              	.LVL39:
 202:HAL_Lib/STM32H7xx_HAL_Driver/Src/stm32h7xx_hal_pcd_ex.c ****   {
 500              		.loc 1 202 3 view .LVU139
 202:HAL_Lib/STM32H7xx_HAL_Driver/Src/stm32h7xx_hal_pcd_ex.c ****   {
 501              		.loc 1 202 12 is_stmt 0 view .LVU140
 502 005c A36B     		ldr	r3, [r4, #56]
 202:HAL_Lib/STM32H7xx_HAL_Driver/Src/stm32h7xx_hal_pcd_ex.c ****   {
 503              		.loc 1 202 6 view .LVU141
 504 005e 13F0020F 		tst	r3, #2
 505 0062 10D1     		bne	.L24
 208:HAL_Lib/STM32H7xx_HAL_Driver/Src/stm32h7xx_hal_pcd_ex.c **** #endif /* USE_HAL_PCD_REGISTER_CALLBACKS */
 506              		.loc 1 208 5 is_stmt 1 view .LVU142
 507 0064 FD21     		movs	r1, #253
 508 0066 3046     		mov	r0, r6
ARM GAS  C:\Users\HUAV\AppData\Local\Temp\cc2jplud.s 			page 16


 509 0068 FFF7FEFF 		bl	HAL_PCDEx_BCD_Callback
 510              	.LVL40:
 511              	.L25:
 241:HAL_Lib/STM32H7xx_HAL_Driver/Src/stm32h7xx_hal_pcd_ex.c **** 
 512              		.loc 1 241 3 view .LVU143
 241:HAL_Lib/STM32H7xx_HAL_Driver/Src/stm32h7xx_hal_pcd_ex.c **** 
 513              		.loc 1 241 9 is_stmt 0 view .LVU144
 514 006c 3046     		mov	r0, r6
 515 006e FFF7FEFF 		bl	HAL_PCDEx_DeActivateBCD
 516              	.LVL41:
 246:HAL_Lib/STM32H7xx_HAL_Driver/Src/stm32h7xx_hal_pcd_ex.c **** #endif /* USE_HAL_PCD_REGISTER_CALLBACKS */
 517              		.loc 1 246 3 is_stmt 1 view .LVU145
 518 0072 0021     		movs	r1, #0
 519 0074 3046     		mov	r0, r6
 520 0076 FFF7FEFF 		bl	HAL_PCDEx_BCD_Callback
 521              	.LVL42:
 522              	.L19:
 248:HAL_Lib/STM32H7xx_HAL_Driver/Src/stm32h7xx_hal_pcd_ex.c **** 
 523              		.loc 1 248 1 is_stmt 0 view .LVU146
 524 007a 70BD     		pop	{r4, r5, r6, pc}
 525              	.LVL43:
 526              	.L29:
 191:HAL_Lib/STM32H7xx_HAL_Driver/Src/stm32h7xx_hal_pcd_ex.c **** #endif /* USE_HAL_PCD_REGISTER_CALLBACKS */
 527              		.loc 1 191 5 is_stmt 1 view .LVU147
 528 007c FE21     		movs	r1, #254
 529 007e 3046     		mov	r0, r6
 530 0080 FFF7FEFF 		bl	HAL_PCDEx_BCD_Callback
 531              	.LVL44:
 532 0084 DCE7     		b	.L23
 533              	.L24:
 215:HAL_Lib/STM32H7xx_HAL_Driver/Src/stm32h7xx_hal_pcd_ex.c ****     HAL_Delay(50U);
 534              		.loc 1 215 5 view .LVU148
 215:HAL_Lib/STM32H7xx_HAL_Driver/Src/stm32h7xx_hal_pcd_ex.c ****     HAL_Delay(50U);
 535              		.loc 1 215 17 is_stmt 0 view .LVU149
 536 0086 A36B     		ldr	r3, [r4, #56]
 537 0088 23F40023 		bic	r3, r3, #524288
 538 008c A363     		str	r3, [r4, #56]
 216:HAL_Lib/STM32H7xx_HAL_Driver/Src/stm32h7xx_hal_pcd_ex.c ****     USBx->GCCFG |=  USB_OTG_GCCFG_SDEN;
 539              		.loc 1 216 5 is_stmt 1 view .LVU150
 540 008e 3220     		movs	r0, #50
 541 0090 FFF7FEFF 		bl	HAL_Delay
 542              	.LVL45:
 217:HAL_Lib/STM32H7xx_HAL_Driver/Src/stm32h7xx_hal_pcd_ex.c ****     HAL_Delay(50U);
 543              		.loc 1 217 5 view .LVU151
 217:HAL_Lib/STM32H7xx_HAL_Driver/Src/stm32h7xx_hal_pcd_ex.c ****     HAL_Delay(50U);
 544              		.loc 1 217 17 is_stmt 0 view .LVU152
 545 0094 A36B     		ldr	r3, [r4, #56]
 546 0096 43F48013 		orr	r3, r3, #1048576
 547 009a A363     		str	r3, [r4, #56]
 218:HAL_Lib/STM32H7xx_HAL_Driver/Src/stm32h7xx_hal_pcd_ex.c **** 
 548              		.loc 1 218 5 is_stmt 1 view .LVU153
 549 009c 3220     		movs	r0, #50
 550 009e FFF7FEFF 		bl	HAL_Delay
 551              	.LVL46:
 220:HAL_Lib/STM32H7xx_HAL_Driver/Src/stm32h7xx_hal_pcd_ex.c ****     {
 552              		.loc 1 220 5 view .LVU154
 220:HAL_Lib/STM32H7xx_HAL_Driver/Src/stm32h7xx_hal_pcd_ex.c ****     {
ARM GAS  C:\Users\HUAV\AppData\Local\Temp\cc2jplud.s 			page 17


 553              		.loc 1 220 14 is_stmt 0 view .LVU155
 554 00a2 A36B     		ldr	r3, [r4, #56]
 220:HAL_Lib/STM32H7xx_HAL_Driver/Src/stm32h7xx_hal_pcd_ex.c ****     {
 555              		.loc 1 220 8 view .LVU156
 556 00a4 13F0040F 		tst	r3, #4
 557 00a8 04D0     		beq	.L26
 226:HAL_Lib/STM32H7xx_HAL_Driver/Src/stm32h7xx_hal_pcd_ex.c **** #endif /* USE_HAL_PCD_REGISTER_CALLBACKS */
 558              		.loc 1 226 7 is_stmt 1 view .LVU157
 559 00aa FB21     		movs	r1, #251
 560 00ac 3046     		mov	r0, r6
 561 00ae FFF7FEFF 		bl	HAL_PCDEx_BCD_Callback
 562              	.LVL47:
 563 00b2 DBE7     		b	.L25
 564              	.L26:
 235:HAL_Lib/STM32H7xx_HAL_Driver/Src/stm32h7xx_hal_pcd_ex.c **** #endif /* USE_HAL_PCD_REGISTER_CALLBACKS */
 565              		.loc 1 235 7 view .LVU158
 566 00b4 FC21     		movs	r1, #252
 567 00b6 3046     		mov	r0, r6
 568 00b8 FFF7FEFF 		bl	HAL_PCDEx_BCD_Callback
 569              	.LVL48:
 570 00bc D6E7     		b	.L25
 571              		.cfi_endproc
 572              	.LFE148:
 574              		.text
 575              	.Letext0:
 576              		.file 2 "d:\\software\\zephyr_env_gcc\\gcc-arm-none-eabi-9-2019-q4-major-win32\\arm-none-eabi\\inc
 577              		.file 3 "d:\\software\\zephyr_env_gcc\\gcc-arm-none-eabi-9-2019-q4-major-win32\\arm-none-eabi\\inc
 578              		.file 4 "HAL_Lib/CMSIS/Core/Include/core_cm7.h"
 579              		.file 5 "HAL_Lib/CMSIS/Device/ST/STM32H7xx/Include/system_stm32h7xx.h"
 580              		.file 6 "HAL_Lib/CMSIS/Device/ST/STM32H7xx/Include/stm32h743xx.h"
 581              		.file 7 "d:\\software\\zephyr_env_gcc\\gcc-arm-none-eabi-9-2019-q4-major-win32\\arm-none-eabi\\inc
 582              		.file 8 "d:\\software\\zephyr_env_gcc\\gcc-arm-none-eabi-9-2019-q4-major-win32\\arm-none-eabi\\inc
 583              		.file 9 "d:\\software\\zephyr_env_gcc\\gcc-arm-none-eabi-9-2019-q4-major-win32\\lib\\gcc\\arm-none
 584              		.file 10 "d:\\software\\zephyr_env_gcc\\gcc-arm-none-eabi-9-2019-q4-major-win32\\arm-none-eabi\\in
 585              		.file 11 "d:\\software\\zephyr_env_gcc\\gcc-arm-none-eabi-9-2019-q4-major-win32\\arm-none-eabi\\in
 586              		.file 12 "HAL_Lib/STM32H7xx_HAL_Driver/Inc/stm32h7xx_hal_def.h"
 587              		.file 13 "HAL_Lib/STM32H7xx_HAL_Driver/Inc/stm32h7xx_hal_flash.h"
 588              		.file 14 "HAL_Lib/STM32H7xx_HAL_Driver/Inc/stm32h7xx_hal_uart.h"
 589              		.file 15 "HAL_Lib/STM32H7xx_HAL_Driver/Inc/stm32h7xx_ll_usb.h"
 590              		.file 16 "HAL_Lib/STM32H7xx_HAL_Driver/Inc/stm32h7xx_hal_pcd.h"
 591              		.file 17 "HAL_Lib/STM32H7xx_HAL_Driver/Inc/stm32h7xx_hal.h"
ARM GAS  C:\Users\HUAV\AppData\Local\Temp\cc2jplud.s 			page 18


DEFINED SYMBOLS
                            *ABS*:00000000 stm32h7xx_hal_pcd_ex.c
C:\Users\HUAV\AppData\Local\Temp\cc2jplud.s:17     .text.HAL_PCDEx_SetTxFiFo:00000000 $t
C:\Users\HUAV\AppData\Local\Temp\cc2jplud.s:25     .text.HAL_PCDEx_SetTxFiFo:00000000 HAL_PCDEx_SetTxFiFo
C:\Users\HUAV\AppData\Local\Temp\cc2jplud.s:120    .text.HAL_PCDEx_SetRxFiFo:00000000 $t
C:\Users\HUAV\AppData\Local\Temp\cc2jplud.s:127    .text.HAL_PCDEx_SetRxFiFo:00000000 HAL_PCDEx_SetRxFiFo
C:\Users\HUAV\AppData\Local\Temp\cc2jplud.s:150    .text.HAL_PCDEx_ActivateLPM:00000000 $t
C:\Users\HUAV\AppData\Local\Temp\cc2jplud.s:157    .text.HAL_PCDEx_ActivateLPM:00000000 HAL_PCDEx_ActivateLPM
C:\Users\HUAV\AppData\Local\Temp\cc2jplud.s:200    .text.HAL_PCDEx_ActivateLPM:00000024 $d
C:\Users\HUAV\AppData\Local\Temp\cc2jplud.s:205    .text.HAL_PCDEx_DeActivateLPM:00000000 $t
C:\Users\HUAV\AppData\Local\Temp\cc2jplud.s:212    .text.HAL_PCDEx_DeActivateLPM:00000000 HAL_PCDEx_DeActivateLPM
C:\Users\HUAV\AppData\Local\Temp\cc2jplud.s:251    .text.HAL_PCDEx_DeActivateLPM:0000001c $d
C:\Users\HUAV\AppData\Local\Temp\cc2jplud.s:256    .text.HAL_PCDEx_ActivateBCD:00000000 $t
C:\Users\HUAV\AppData\Local\Temp\cc2jplud.s:263    .text.HAL_PCDEx_ActivateBCD:00000000 HAL_PCDEx_ActivateBCD
C:\Users\HUAV\AppData\Local\Temp\cc2jplud.s:311    .text.HAL_PCDEx_DeActivateBCD:00000000 $t
C:\Users\HUAV\AppData\Local\Temp\cc2jplud.s:318    .text.HAL_PCDEx_DeActivateBCD:00000000 HAL_PCDEx_DeActivateBCD
C:\Users\HUAV\AppData\Local\Temp\cc2jplud.s:360    .text.HAL_PCDEx_LPM_Callback:00000000 $t
C:\Users\HUAV\AppData\Local\Temp\cc2jplud.s:367    .text.HAL_PCDEx_LPM_Callback:00000000 HAL_PCDEx_LPM_Callback
C:\Users\HUAV\AppData\Local\Temp\cc2jplud.s:383    .text.HAL_PCDEx_BCD_Callback:00000000 $t
C:\Users\HUAV\AppData\Local\Temp\cc2jplud.s:390    .text.HAL_PCDEx_BCD_Callback:00000000 HAL_PCDEx_BCD_Callback
C:\Users\HUAV\AppData\Local\Temp\cc2jplud.s:406    .text.HAL_PCDEx_BCD_VBUSDetect:00000000 $t
C:\Users\HUAV\AppData\Local\Temp\cc2jplud.s:413    .text.HAL_PCDEx_BCD_VBUSDetect:00000000 HAL_PCDEx_BCD_VBUSDetect

UNDEFINED SYMBOLS
HAL_GetTick
HAL_Delay
