ARM GAS  C:\Users\huav\AppData\Local\Temp\ccFd29jx.s 			page 1


   1              		.cpu cortex-m7
   2              		.eabi_attribute 28, 1
   3              		.eabi_attribute 20, 1
   4              		.eabi_attribute 21, 1
   5              		.eabi_attribute 23, 3
   6              		.eabi_attribute 24, 1
   7              		.eabi_attribute 25, 1
   8              		.eabi_attribute 26, 1
   9              		.eabi_attribute 30, 1
  10              		.eabi_attribute 34, 1
  11              		.eabi_attribute 18, 4
  12              		.file	"usb_device.c"
  13              		.text
  14              	.Ltext0:
  15              		.cfi_sections	.debug_frame
  16              		.section	.text.USB_DEVICE_Init,"ax",%progbits
  17              		.align	1
  18              		.global	USB_DEVICE_Init
  19              		.arch armv7e-m
  20              		.syntax unified
  21              		.thumb
  22              		.thumb_func
  23              		.fpu fpv5-d16
  25              	USB_DEVICE_Init:
  26              	.LFB337:
  27              		.file 1 "USB/USB_DEVICE/App/usb_device.c"
   1:USB/USB_DEVICE/App/usb_device.c **** /* USER CODE BEGIN Header */
   2:USB/USB_DEVICE/App/usb_device.c **** /**
   3:USB/USB_DEVICE/App/usb_device.c ****  ******************************************************************************
   4:USB/USB_DEVICE/App/usb_device.c ****  * @file           : usb_device.c
   5:USB/USB_DEVICE/App/usb_device.c ****  * @version        : v1.0_Cube
   6:USB/USB_DEVICE/App/usb_device.c ****  * @brief          : This file implements the USB Device
   7:USB/USB_DEVICE/App/usb_device.c ****  ******************************************************************************
   8:USB/USB_DEVICE/App/usb_device.c ****  * @attention
   9:USB/USB_DEVICE/App/usb_device.c ****  *
  10:USB/USB_DEVICE/App/usb_device.c ****  * <h2><center>&copy; Copyright (c) 2022 STMicroelectronics.
  11:USB/USB_DEVICE/App/usb_device.c ****  * All rights reserved.</center></h2>
  12:USB/USB_DEVICE/App/usb_device.c ****  *
  13:USB/USB_DEVICE/App/usb_device.c ****  * This software component is licensed by ST under Ultimate Liberty license
  14:USB/USB_DEVICE/App/usb_device.c ****  * SLA0044, the "License"; You may not use this file except in compliance with
  15:USB/USB_DEVICE/App/usb_device.c ****  * the License. You may obtain a copy of the License at:
  16:USB/USB_DEVICE/App/usb_device.c ****  *                             www.st.com/SLA0044
  17:USB/USB_DEVICE/App/usb_device.c ****  *
  18:USB/USB_DEVICE/App/usb_device.c ****  ******************************************************************************
  19:USB/USB_DEVICE/App/usb_device.c ****  */
  20:USB/USB_DEVICE/App/usb_device.c **** /* USER CODE END Header */
  21:USB/USB_DEVICE/App/usb_device.c **** 
  22:USB/USB_DEVICE/App/usb_device.c **** /* Includes ------------------------------------------------------------------*/
  23:USB/USB_DEVICE/App/usb_device.c **** 
  24:USB/USB_DEVICE/App/usb_device.c **** #include "usb_device.h"
  25:USB/USB_DEVICE/App/usb_device.c **** #include "usbd_core.h"
  26:USB/USB_DEVICE/App/usb_device.c **** #include "usbd_desc.h"
  27:USB/USB_DEVICE/App/usb_device.c **** #include "usbd_cdc.h"
  28:USB/USB_DEVICE/App/usb_device.c **** #include "usbd_cdc_if.h"
  29:USB/USB_DEVICE/App/usb_device.c **** 
  30:USB/USB_DEVICE/App/usb_device.c **** /* USER CODE BEGIN Includes */
  31:USB/USB_DEVICE/App/usb_device.c **** 
ARM GAS  C:\Users\huav\AppData\Local\Temp\ccFd29jx.s 			page 2


  32:USB/USB_DEVICE/App/usb_device.c **** /* USER CODE END Includes */
  33:USB/USB_DEVICE/App/usb_device.c **** 
  34:USB/USB_DEVICE/App/usb_device.c **** /* USER CODE BEGIN PV */
  35:USB/USB_DEVICE/App/usb_device.c **** /* Private variables ---------------------------------------------------------*/
  36:USB/USB_DEVICE/App/usb_device.c **** 
  37:USB/USB_DEVICE/App/usb_device.c **** /* USER CODE END PV */
  38:USB/USB_DEVICE/App/usb_device.c **** 
  39:USB/USB_DEVICE/App/usb_device.c **** /* USER CODE BEGIN PFP */
  40:USB/USB_DEVICE/App/usb_device.c **** /* Private function prototypes -----------------------------------------------*/
  41:USB/USB_DEVICE/App/usb_device.c **** 
  42:USB/USB_DEVICE/App/usb_device.c **** /* USER CODE END PFP */
  43:USB/USB_DEVICE/App/usb_device.c **** 
  44:USB/USB_DEVICE/App/usb_device.c **** /* USB Device Core handle declaration. */
  45:USB/USB_DEVICE/App/usb_device.c **** USBD_HandleTypeDef hUsbDeviceFS;
  46:USB/USB_DEVICE/App/usb_device.c **** 
  47:USB/USB_DEVICE/App/usb_device.c **** /*
  48:USB/USB_DEVICE/App/usb_device.c ****  * -- Insert your variables declaration here --
  49:USB/USB_DEVICE/App/usb_device.c ****  */
  50:USB/USB_DEVICE/App/usb_device.c **** /* USER CODE BEGIN 0 */
  51:USB/USB_DEVICE/App/usb_device.c **** 
  52:USB/USB_DEVICE/App/usb_device.c **** /* USER CODE END 0 */
  53:USB/USB_DEVICE/App/usb_device.c **** 
  54:USB/USB_DEVICE/App/usb_device.c **** /*
  55:USB/USB_DEVICE/App/usb_device.c ****  * -- Insert your external function declaration here --
  56:USB/USB_DEVICE/App/usb_device.c ****  */
  57:USB/USB_DEVICE/App/usb_device.c **** /* USER CODE BEGIN 1 */
  58:USB/USB_DEVICE/App/usb_device.c **** 
  59:USB/USB_DEVICE/App/usb_device.c **** /* USER CODE END 1 */
  60:USB/USB_DEVICE/App/usb_device.c **** 
  61:USB/USB_DEVICE/App/usb_device.c **** /**
  62:USB/USB_DEVICE/App/usb_device.c ****  * Init USB device Library, add supported class and start the library
  63:USB/USB_DEVICE/App/usb_device.c ****  * @retval None
  64:USB/USB_DEVICE/App/usb_device.c ****  */
  65:USB/USB_DEVICE/App/usb_device.c **** bool USB_DEVICE_Init(void)
  66:USB/USB_DEVICE/App/usb_device.c **** {
  28              		.loc 1 66 1 view -0
  29              		.cfi_startproc
  30              		@ args = 0, pretend = 0, frame = 0
  31              		@ frame_needed = 0, uses_anonymous_args = 0
  32 0000 08B5     		push	{r3, lr}
  33              	.LCFI0:
  34              		.cfi_def_cfa_offset 8
  35              		.cfi_offset 3, -8
  36              		.cfi_offset 14, -4
  67:USB/USB_DEVICE/App/usb_device.c ****   /* USER CODE BEGIN USB_DEVICE_Init_PreTreatment */
  68:USB/USB_DEVICE/App/usb_device.c **** 
  69:USB/USB_DEVICE/App/usb_device.c ****   /* USER CODE END USB_DEVICE_Init_PreTreatment */
  70:USB/USB_DEVICE/App/usb_device.c **** 
  71:USB/USB_DEVICE/App/usb_device.c ****   /* Init Device Library, add supported class and start the library. */
  72:USB/USB_DEVICE/App/usb_device.c ****   if (USBD_Init(&hUsbDeviceFS, &FS_Desc, DEVICE_FS) != USBD_OK)
  37              		.loc 1 72 3 view .LVU1
  38              		.loc 1 72 7 is_stmt 0 view .LVU2
  39 0002 0022     		movs	r2, #0
  40 0004 0D49     		ldr	r1, .L5
  41 0006 0E48     		ldr	r0, .L5+4
  42 0008 FFF7FEFF 		bl	USBD_Init
  43              	.LVL0:
ARM GAS  C:\Users\huav\AppData\Local\Temp\ccFd29jx.s 			page 3


  44              		.loc 1 72 6 view .LVU3
  45 000c 08B1     		cbz	r0, .L4
  46              	.L2:
  73:USB/USB_DEVICE/App/usb_device.c ****     return false;
  74:USB/USB_DEVICE/App/usb_device.c **** 
  75:USB/USB_DEVICE/App/usb_device.c ****   if (USBD_RegisterClass(&hUsbDeviceFS, &USBD_CDC) != USBD_OK)
  76:USB/USB_DEVICE/App/usb_device.c ****     return false;
  77:USB/USB_DEVICE/App/usb_device.c **** 
  78:USB/USB_DEVICE/App/usb_device.c ****   if (USBD_CDC_RegisterInterface(&hUsbDeviceFS, &USBD_Interface_fops_FS) != USBD_OK)
  79:USB/USB_DEVICE/App/usb_device.c ****     return false;
  80:USB/USB_DEVICE/App/usb_device.c **** 
  81:USB/USB_DEVICE/App/usb_device.c ****   if (USBD_Start(&hUsbDeviceFS) != USBD_OK)
  82:USB/USB_DEVICE/App/usb_device.c ****     return false;
  83:USB/USB_DEVICE/App/usb_device.c **** 
  84:USB/USB_DEVICE/App/usb_device.c ****   /* USER CODE BEGIN USB_DEVICE_Init_PostTreatment */
  85:USB/USB_DEVICE/App/usb_device.c ****   HAL_PWREx_EnableUSBVoltageDetector();
  86:USB/USB_DEVICE/App/usb_device.c **** 
  87:USB/USB_DEVICE/App/usb_device.c ****   /* USER CODE END USB_DEVICE_Init_PostTreatment */
  88:USB/USB_DEVICE/App/usb_device.c **** }
  47              		.loc 1 88 1 view .LVU4
  48 000e 0020     		movs	r0, #0
  49              	.L1:
  50 0010 08BD     		pop	{r3, pc}
  51              	.L4:
  75:USB/USB_DEVICE/App/usb_device.c ****     return false;
  52              		.loc 1 75 3 is_stmt 1 view .LVU5
  75:USB/USB_DEVICE/App/usb_device.c ****     return false;
  53              		.loc 1 75 7 is_stmt 0 view .LVU6
  54 0012 0C49     		ldr	r1, .L5+8
  55 0014 0A48     		ldr	r0, .L5+4
  56 0016 FFF7FEFF 		bl	USBD_RegisterClass
  57              	.LVL1:
  75:USB/USB_DEVICE/App/usb_device.c ****     return false;
  58              		.loc 1 75 6 view .LVU7
  59 001a 0028     		cmp	r0, #0
  60 001c F7D1     		bne	.L2
  78:USB/USB_DEVICE/App/usb_device.c ****     return false;
  61              		.loc 1 78 3 is_stmt 1 view .LVU8
  78:USB/USB_DEVICE/App/usb_device.c ****     return false;
  62              		.loc 1 78 7 is_stmt 0 view .LVU9
  63 001e 0A49     		ldr	r1, .L5+12
  64 0020 0748     		ldr	r0, .L5+4
  65 0022 FFF7FEFF 		bl	USBD_CDC_RegisterInterface
  66              	.LVL2:
  78:USB/USB_DEVICE/App/usb_device.c ****     return false;
  67              		.loc 1 78 6 view .LVU10
  68 0026 0028     		cmp	r0, #0
  69 0028 F1D1     		bne	.L2
  81:USB/USB_DEVICE/App/usb_device.c ****     return false;
  70              		.loc 1 81 3 is_stmt 1 view .LVU11
  81:USB/USB_DEVICE/App/usb_device.c ****     return false;
  71              		.loc 1 81 7 is_stmt 0 view .LVU12
  72 002a 0548     		ldr	r0, .L5+4
  73 002c FFF7FEFF 		bl	USBD_Start
  74              	.LVL3:
  81:USB/USB_DEVICE/App/usb_device.c ****     return false;
  75              		.loc 1 81 6 view .LVU13
ARM GAS  C:\Users\huav\AppData\Local\Temp\ccFd29jx.s 			page 4


  76 0030 0028     		cmp	r0, #0
  77 0032 ECD1     		bne	.L2
  85:USB/USB_DEVICE/App/usb_device.c **** 
  78              		.loc 1 85 3 is_stmt 1 view .LVU14
  79 0034 FFF7FEFF 		bl	HAL_PWREx_EnableUSBVoltageDetector
  80              	.LVL4:
  81              		.loc 1 88 1 is_stmt 0 view .LVU15
  82 0038 EAE7     		b	.L1
  83              	.L6:
  84 003a 00BF     		.align	2
  85              	.L5:
  86 003c 00000000 		.word	FS_Desc
  87 0040 00000000 		.word	.LANCHOR0
  88 0044 00000000 		.word	USBD_CDC
  89 0048 00000000 		.word	USBD_Interface_fops_FS
  90              		.cfi_endproc
  91              	.LFE337:
  93              		.global	hUsbDeviceFS
  94              		.section	.bss.hUsbDeviceFS,"aw",%nobits
  95              		.align	2
  96              		.set	.LANCHOR0,. + 0
  99              	hUsbDeviceFS:
 100 0000 00000000 		.space	720
 100      00000000 
 100      00000000 
 100      00000000 
 100      00000000 
 101              		.text
 102              	.Letext0:
 103              		.file 2 "c:\\program files (x86)\\gnu arm embedded toolchain\\10 2020-q4-major\\arm-none-eabi\\inc
 104              		.file 3 "c:\\program files (x86)\\gnu arm embedded toolchain\\10 2020-q4-major\\arm-none-eabi\\inc
 105              		.file 4 "USB/STM32_USB_Device_Library/Core/Inc/usbd_def.h"
 106              		.file 5 "USB/STM32_USB_Device_Library/Class/CDC/Inc/usbd_cdc.h"
 107              		.file 6 "USB/USB_DEVICE/App/usbd_desc.h"
 108              		.file 7 "USB/USB_DEVICE/App/usbd_cdc_if.h"
 109              		.file 8 "USB/STM32_USB_Device_Library/Core/Inc/usbd_core.h"
 110              		.file 9 "HAL_Lib/STM32H7xx_HAL_Driver/Inc/stm32h7xx_hal_pwr_ex.h"
ARM GAS  C:\Users\huav\AppData\Local\Temp\ccFd29jx.s 			page 5


DEFINED SYMBOLS
                            *ABS*:00000000 usb_device.c
C:\Users\huav\AppData\Local\Temp\ccFd29jx.s:17     .text.USB_DEVICE_Init:00000000 $t
C:\Users\huav\AppData\Local\Temp\ccFd29jx.s:25     .text.USB_DEVICE_Init:00000000 USB_DEVICE_Init
C:\Users\huav\AppData\Local\Temp\ccFd29jx.s:86     .text.USB_DEVICE_Init:0000003c $d
C:\Users\huav\AppData\Local\Temp\ccFd29jx.s:99     .bss.hUsbDeviceFS:00000000 hUsbDeviceFS
C:\Users\huav\AppData\Local\Temp\ccFd29jx.s:95     .bss.hUsbDeviceFS:00000000 $d

UNDEFINED SYMBOLS
USBD_Init
USBD_RegisterClass
USBD_CDC_RegisterInterface
USBD_Start
HAL_PWREx_EnableUSBVoltageDetector
FS_Desc
USBD_CDC
USBD_Interface_fops_FS
